# JRE version: Java(TM) SE Runtime Environment (16.0.2+7) (build 16.0.2+7-67)
# Java VM: Java HotSpot(TM) 64-Bit Server VM (16.0.2+7-67, mixed mode, sharing, tiered, compressed oops, compressed class ptrs, g1 gc, windows-amd64)
GC Precious Log:
 CPUs: 4 total, 4 available
 Memory: 8064M
 Large Page Support: Disabled
 NUMA Support: Disabled
 Compressed Oops: Enabled (32-bit)
 Heap Region Size: 1M
 Heap Min Capacity: 8M
 Heap Initial Capacity: 128M
 Heap Max Capacity: 2018M
 Pre-touch: Disabled
 Parallel Workers: 4
 Concurrent Workers: 1
 Concurrent Refinement Workers: 4
 Periodic GC: Disabled
Heap:
 garbage-first heap   total 112640K, used 71085K [0x0000000081e00000, 0x0000000100000000)
  region size 1024K, 15 young (15360K), 3 survivors (3072K)
 Metaspace       used 34772K, committed 35008K, reserved 1081344K
  class space    used 3977K, committed 4096K, reserved 1048576K
GC Heap History (20 events):
Event: 3.840 GC heap before
{Heap before GC invocations=2 (full 0):
 garbage-first heap   total 131072K, used 26536K [0x0000000081e00000, 0x0000000100000000)
  region size 1024K, 22 young (22528K), 2 survivors (2048K)
 Metaspace       used 8345K, committed 8448K, reserved 1056768K
  class space    used 730K, committed 768K, reserved 1048576K
}
Event: 3.846 GC heap after
{Heap after GC invocations=3 (full 0):
 garbage-first heap   total 131072K, used 10101K [0x0000000081e00000, 0x0000000100000000)
  region size 1024K, 3 young (3072K), 3 survivors (3072K)
 Metaspace       used 8345K, committed 8448K, reserved 1056768K
  class space    used 730K, committed 768K, reserved 1048576K
}
Event: 6.623 GC heap before
{Heap before GC invocations=3 (full 0):
 garbage-first heap   total 131072K, used 84853K [0x0000000081e00000, 0x0000000100000000)
  region size 1024K, 76 young (77824K), 3 survivors (3072K)
 Metaspace       used 11894K, committed 12096K, reserved 1064960K
  class space    used 1008K, committed 1088K, reserved 1048576K
}
Event: 6.638 GC heap after
{Heap after GC invocations=4 (full 0):
 garbage-first heap   total 131072K, used 19456K [0x0000000081e00000, 0x0000000100000000)
  region size 1024K, 10 young (10240K), 10 survivors (10240K)
 Metaspace       used 11894K, committed 12096K, reserved 1064960K
  class space    used 1008K, committed 1088K, reserved 1048576K
}
Event: 8.794 GC heap before
{Heap before GC invocations=4 (full 0):
 garbage-first heap   total 131072K, used 82944K [0x0000000081e00000, 0x0000000100000000)
  region size 1024K, 72 young (73728K), 10 survivors (10240K)
 Metaspace       used 16085K, committed 16320K, reserved 1064960K
  class space    used 1584K, committed 1664K, reserved 1048576K
}
Event: 8.812 GC heap after
{Heap after GC invocations=5 (full 0):
 garbage-first heap   total 131072K, used 26112K [0x0000000081e00000, 0x0000000100000000)
  region size 1024K, 7 young (7168K), 7 survivors (7168K)
 Metaspace       used 16085K, committed 16320K, reserved 1064960K
  class space    used 1584K, committed 1664K, reserved 1048576K
}
Event: 11.220 GC heap before
{Heap before GC invocations=5 (full 0):
 garbage-first heap   total 131072K, used 88576K [0x0000000081e00000, 0x0000000100000000)
  region size 1024K, 69 young (70656K), 7 survivors (7168K)
 Metaspace       used 20576K, committed 20800K, reserved 1073152K
  class space    used 2149K, committed 2240K, reserved 1048576K
}
Event: 11.235 GC heap after
{Heap after GC invocations=6 (full 0):
 garbage-first heap   total 131072K, used 32170K [0x0000000081e00000, 0x0000000100000000)
  region size 1024K, 7 young (7168K), 7 survivors (7168K)
 Metaspace       used 20576K, committed 20800K, reserved 1073152K
  class space    used 2149K, committed 2240K, reserved 1048576K
}
Event: 11.479 GC heap before
{Heap before GC invocations=6 (full 0):
 garbage-first heap   total 131072K, used 36266K [0x0000000081e00000, 0x0000000100000000)
  region size 1024K, 12 young (12288K), 7 survivors (7168K)
 Metaspace       used 21070K, committed 21248K, reserved 1073152K
  class space    used 2209K, committed 2304K, reserved 1048576K
}
Event: 11.492 GC heap after
{Heap after GC invocations=7 (full 0):
 garbage-first heap   total 131072K, used 33171K [0x0000000081e00000, 0x0000000100000000)
  region size 1024K, 2 young (2048K), 2 survivors (2048K)
 Metaspace       used 21070K, committed 21248K, reserved 1073152K
  class space    used 2209K, committed 2304K, reserved 1048576K
}
Event: 13.378 GC heap before
{Heap before GC invocations=8 (full 0):
 garbage-first heap   total 112640K, used 94611K [0x0000000081e00000, 0x0000000100000000)
  region size 1024K, 62 young (63488K), 2 survivors (2048K)
 Metaspace       used 25137K, committed 25408K, reserved 1073152K
  class space    used 2694K, committed 2816K, reserved 1048576K
}
Event: 13.394 GC heap after
{Heap after GC invocations=9 (full 0):
 garbage-first heap   total 112640K, used 39348K [0x0000000081e00000, 0x0000000100000000)
  region size 1024K, 8 young (8192K), 8 survivors (8192K)
 Metaspace       used 25137K, committed 25408K, reserved 1073152K
  class space    used 2694K, committed 2816K, reserved 1048576K
}
Event: 14.336 GC heap before
{Heap before GC invocations=9 (full 0):
 garbage-first heap   total 112640K, used 84404K [0x0000000081e00000, 0x0000000100000000)
  region size 1024K, 52 young (53248K), 8 survivors (8192K)
 Metaspace       used 26991K, committed 27264K, reserved 1073152K
  class space    used 2927K, committed 3072K, reserved 1048576K
}
Event: 14.358 GC heap after
{Heap after GC invocations=10 (full 0):
 garbage-first heap   total 112640K, used 44325K [0x0000000081e00000, 0x0000000100000000)
  region size 1024K, 5 young (5120K), 5 survivors (5120K)
 Metaspace       used 26991K, committed 27264K, reserved 1073152K
  class space    used 2927K, committed 3072K, reserved 1048576K
}
Event: 15.589 GC heap before
{Heap before GC invocations=10 (full 0):
 garbage-first heap   total 112640K, used 85285K [0x0000000081e00000, 0x0000000100000000)
  region size 1024K, 45 young (46080K), 5 survivors (5120K)
 Metaspace       used 30245K, committed 30464K, reserved 1081344K
  class space    used 3318K, committed 3392K, reserved 1048576K
}
Event: 15.605 GC heap after
{Heap after GC invocations=11 (full 0):
 garbage-first heap   total 112640K, used 49145K [0x0000000081e00000, 0x0000000100000000)
  region size 1024K, 5 young (5120K), 5 survivors (5120K)
 Metaspace       used 30245K, committed 30464K, reserved 1081344K
  class space    used 3318K, committed 3392K, reserved 1048576K
}
Event: 17.113 GC heap before
{Heap before GC invocations=11 (full 0):
 garbage-first heap   total 112640K, used 87033K [0x0000000081e00000, 0x0000000100000000)
  region size 1024K, 42 young (43008K), 5 survivors (5120K)
 Metaspace       used 32685K, committed 32896K, reserved 1081344K
  class space    used 3671K, committed 3776K, reserved 1048576K
}
Event: 17.128 GC heap after
{Heap after GC invocations=12 (full 0):
 garbage-first heap   total 112640K, used 52617K [0x0000000081e00000, 0x0000000100000000)
  region size 1024K, 4 young (4096K), 4 survivors (4096K)
 Metaspace       used 32685K, committed 32896K, reserved 1081344K
  class space    used 3671K, committed 3776K, reserved 1048576K
}
Event: 17.934 GC heap before
{Heap before GC invocations=12 (full 0):
 garbage-first heap   total 112640K, used 81289K [0x0000000081e00000, 0x0000000100000000)
  region size 1024K, 34 young (34816K), 4 survivors (4096K)
 Metaspace       used 34285K, committed 34560K, reserved 1081344K
  class space    used 3891K, committed 4032K, reserved 1048576K
}
Event: 17.946 GC heap after
{Heap after GC invocations=13 (full 0):
 garbage-first heap   total 112640K, used 55725K [0x0000000081e00000, 0x0000000100000000)
  region size 1024K, 3 young (3072K), 3 survivors (3072K)
 Metaspace       used 34285K, committed 34560K, reserved 1081344K
  class space    used 3891K, committed 4032K, reserved 1048576K
}

