{"uuid":"2f44a55b-04e0-4d4a-acd6-10a109951f82","historyId":"837a43f8e19defde5ae3310d256f0566","testCaseId":"[engine:junit-jupiter]/[class:tapper.tests.e2e._2_6_DivideCheckAndPartPayTest]/[method:closeOrder()]","testCaseName":"8. Закрываем заказ, очищаем кассу","fullName":"tapper.tests.e2e._2_6_DivideCheckAndPartPayTest.closeOrder","labels":[{"name":"junit.platform.uniqueid","value":"[engine:junit-jupiter]/[class:tapper.tests.e2e._2_6_DivideCheckAndPartPayTest]/[method:closeOrder()]"},{"name":"feature","value":"keeper - частичная оплата когда разделили счёт - рандомные поз без скидки - чай+сбор - карта - отзыв"},{"name":"epic","value":"E2E - тесты (полные)"},{"name":"host","value":"WIN-UJN5UBMF8DD"},{"name":"thread","value":"15008@WIN-UJN5UBMF8DD.ForkJoinPool-1-worker-3(17)"},{"name":"framework","value":"junit-platform"},{"name":"language","value":"java"},{"name":"package","value":"tapper.tests.e2e._2_6_DivideCheckAndPartPayTest"},{"name":"testClass","value":"tapper.tests.e2e._2_6_DivideCheckAndPartPayTest"},{"name":"testMethod","value":"closeOrder"},{"name":"suite","value":"keeper - частичная оплата когда разделили счёт - рандомные поз без скидки - чай+сбор - карта - отзыв"}],"links":[],"name":"8. Закрываем заказ, очищаем кассу","status":"failed","statusDetails":{"known":false,"muted":false,"flaky":false,"message":"Element should have text \" Статус заказа: Полностью оплачен \" {.review__status}\r\nElement: '<div class=\"review__status\">Статус заказа: Частично оплачен</div>'\r\nActual value: text=\"Статус заказа: Частично оплачен\"\r\nScreenshot: file:/C:/tapper.cloud/build/reports/tests/1668759460443.6.png\r\nPage source: file:/C:/tapper.cloud/build/reports/tests/1668759460443.6.html\r\nTimeout: 4 s.","trace":"Element should have text \" Статус заказа: Полностью оплачен \" {.review__status}\r\nElement: '<div class=\"review__status\">Статус заказа: Частично оплачен</div>'\r\nActual value: text=\"Статус заказа: Частично оплачен\"\r\nScreenshot: file:/C:/tapper.cloud/build/reports/tests/1668759460443.6.png\r\nPage source: file:/C:/tapper.cloud/build/reports/tests/1668759460443.6.html\r\nTimeout: 4 s.\r\n\tat com.codeborne.selenide.impl.WebElementSource.checkConditionAndReturnElement(WebElementSource.java:135)\r\n\tat com.codeborne.selenide.impl.WebElementSource.checkCondition(WebElementSource.java:98)\r\n\tat com.codeborne.selenide.commands.Should.execute(Should.java:30)\r\n\tat com.codeborne.selenide.commands.Should.execute(Should.java:14)\r\n\tat com.codeborne.selenide.commands.Commands.execute(Commands.java:157)\r\n\tat com.codeborne.selenide.impl.SelenideElementProxy.dispatchAndRetry(SelenideElementProxy.java:130)\r\n\tat com.codeborne.selenide.impl.SelenideElementProxy.invoke(SelenideElementProxy.java:82)\r\n\tat jdk.proxy2/jdk.proxy2.$Proxy33.shouldHave(Unknown Source)\r\n\tat pages.ReviewPage.fullPaymentHeading(ReviewPage.java:48)\r\n\tat pages.nestedTestsManager.ReviewPageNestedTests.fullPaymentCorrect(ReviewPageNestedTests.java:31)\r\n\tat pages.nestedTestsManager.RootPageNestedTests.closeOrder(RootPageNestedTests.java:353)\r\n\tat tapper.tests.e2e._2_6_DivideCheckAndPartPayTest.closeOrder(_2_6_DivideCheckAndPartPayTest.java:122)\r\n\tat java.base/jdk.internal.reflect.NativeMethodAccessorImpl.invoke0(Native Method)\r\n\tat java.base/jdk.internal.reflect.NativeMethodAccessorImpl.invoke(NativeMethodAccessorImpl.java:78)\r\n\tat java.base/jdk.internal.reflect.DelegatingMethodAccessorImpl.invoke(DelegatingMethodAccessorImpl.java:43)\r\n\tat java.base/java.lang.reflect.Method.invoke(Method.java:567)\r\n\tat org.junit.platform.commons.util.ReflectionUtils.invokeMethod(ReflectionUtils.java:727)\r\n\tat org.junit.jupiter.engine.execution.MethodInvocation.proceed(MethodInvocation.java:60)\r\n\tat org.junit.jupiter.engine.execution.InvocationInterceptorChain$ValidatingInvocation.proceed(InvocationInterceptorChain.java:131)\r\n\tat org.junit.jupiter.engine.extension.TimeoutExtension.intercept(TimeoutExtension.java:156)\r\n\tat org.junit.jupiter.engine.extension.TimeoutExtension.interceptTestableMethod(TimeoutExtension.java:147)\r\n\tat org.junit.jupiter.engine.extension.TimeoutExtension.interceptTestMethod(TimeoutExtension.java:86)\r\n\tat org.junit.jupiter.engine.execution.InterceptingExecutableInvoker$ReflectiveInterceptorCall.lambda$ofVoidMethod$0(InterceptingExecutableInvoker.java:103)\r\n\tat org.junit.jupiter.engine.execution.InterceptingExecutableInvoker.lambda$invoke$0(InterceptingExecutableInvoker.java:93)\r\n\tat org.junit.jupiter.engine.execution.InvocationInterceptorChain$InterceptedInvocation.proceed(InvocationInterceptorChain.java:106)\r\n\tat org.junit.jupiter.engine.execution.InvocationInterceptorChain.proceed(InvocationInterceptorChain.java:64)\r\n\tat org.junit.jupiter.engine.execution.InvocationInterceptorChain.chainAndInvoke(InvocationInterceptorChain.java:45)\r\n\tat org.junit.jupiter.engine.execution.InvocationInterceptorChain.invoke(InvocationInterceptorChain.java:37)\r\n\tat org.junit.jupiter.engine.execution.InterceptingExecutableInvoker.invoke(InterceptingExecutableInvoker.java:92)\r\n\tat org.junit.jupiter.engine.execution.InterceptingExecutableInvoker.invoke(InterceptingExecutableInvoker.java:86)\r\n\tat org.junit.jupiter.engine.descriptor.TestMethodTestDescriptor.lambda$invokeTestMethod$7(TestMethodTestDescriptor.java:217)\r\n\tat org.junit.platform.engine.support.hierarchical.ThrowableCollector.execute(ThrowableCollector.java:73)\r\n\tat org.junit.jupiter.engine.descriptor.TestMethodTestDescriptor.invokeTestMethod(TestMethodTestDescriptor.java:213)\r\n\tat org.junit.jupiter.engine.descriptor.TestMethodTestDescriptor.execute(TestMethodTestDescriptor.java:138)\r\n\tat org.junit.jupiter.engine.descriptor.TestMethodTestDescriptor.execute(TestMethodTestDescriptor.java:68)\r\n\tat org.junit.platform.engine.support.hierarchical.NodeTestTask.lambda$executeRecursively$6(NodeTestTask.java:151)\r\n\tat org.junit.platform.engine.support.hierarchical.ThrowableCollector.execute(ThrowableCollector.java:73)\r\n\tat org.junit.platform.engine.support.hierarchical.NodeTestTask.lambda$executeRecursively$8(NodeTestTask.java:141)\r\n\tat org.junit.platform.engine.support.hierarchical.Node.around(Node.java:137)\r\n\tat org.junit.platform.engine.support.hierarchical.NodeTestTask.lambda$executeRecursively$9(NodeTestTask.java:139)\r\n\tat org.junit.platform.engine.support.hierarchical.ThrowableCollector.execute(ThrowableCollector.java:73)\r\n\tat org.junit.platform.engine.support.hierarchical.NodeTestTask.executeRecursively(NodeTestTask.java:138)\r\n\tat org.junit.platform.engine.support.hierarchical.NodeTestTask.execute(NodeTestTask.java:95)\r\n\tat org.junit.platform.engine.support.hierarchical.ForkJoinPoolHierarchicalTestExecutorService$ExclusiveTask.compute(ForkJoinPoolHierarchicalTestExecutorService.java:185)\r\n\tat org.junit.platform.engine.support.hierarchical.ForkJoinPoolHierarchicalTestExecutorService.executeNonConcurrentTasks(ForkJoinPoolHierarchicalTestExecutorService.java:155)\r\n\tat org.junit.platform.engine.support.hierarchical.ForkJoinPoolHierarchicalTestExecutorService.invokeAll(ForkJoinPoolHierarchicalTestExecutorService.java:135)\r\n\tat org.junit.platform.engine.support.hierarchical.NodeTestTask.lambda$executeRecursively$6(NodeTestTask.java:155)\r\n\tat org.junit.platform.engine.support.hierarchical.ThrowableCollector.execute(ThrowableCollector.java:73)\r\n\tat org.junit.platform.engine.support.hierarchical.NodeTestTask.lambda$executeRecursively$8(NodeTestTask.java:141)\r\n\tat org.junit.platform.engine.support.hierarchical.Node.around(Node.java:137)\r\n\tat org.junit.platform.engine.support.hierarchical.NodeTestTask.lambda$executeRecursively$9(NodeTestTask.java:139)\r\n\tat org.junit.platform.engine.support.hierarchical.ThrowableCollector.execute(ThrowableCollector.java:73)\r\n\tat org.junit.platform.engine.support.hierarchical.NodeTestTask.executeRecursively(NodeTestTask.java:138)\r\n\tat org.junit.platform.engine.support.hierarchical.NodeTestTask.execute(NodeTestTask.java:95)\r\n\tat org.junit.platform.engine.support.hierarchical.ForkJoinPoolHierarchicalTestExecutorService$ExclusiveTask.compute(ForkJoinPoolHierarchicalTestExecutorService.java:185)\r\n\tat org.junit.platform.engine.support.hierarchical.ForkJoinPoolHierarchicalTestExecutorService.executeNonConcurrentTasks(ForkJoinPoolHierarchicalTestExecutorService.java:155)\r\n\tat org.junit.platform.engine.support.hierarchical.ForkJoinPoolHierarchicalTestExecutorService.invokeAll(ForkJoinPoolHierarchicalTestExecutorService.java:135)\r\n\tat org.junit.platform.engine.support.hierarchical.NodeTestTask.lambda$executeRecursively$6(NodeTestTask.java:155)\r\n\tat org.junit.platform.engine.support.hierarchical.ThrowableCollector.execute(ThrowableCollector.java:73)\r\n\tat org.junit.platform.engine.support.hierarchical.NodeTestTask.lambda$executeRecursively$8(NodeTestTask.java:141)\r\n\tat org.junit.platform.engine.support.hierarchical.Node.around(Node.java:137)\r\n\tat org.junit.platform.engine.support.hierarchical.NodeTestTask.lambda$executeRecursively$9(NodeTestTask.java:139)\r\n\tat org.junit.platform.engine.support.hierarchical.ThrowableCollector.execute(ThrowableCollector.java:73)\r\n\tat org.junit.platform.engine.support.hierarchical.NodeTestTask.executeRecursively(NodeTestTask.java:138)\r\n\tat org.junit.platform.engine.support.hierarchical.NodeTestTask.execute(NodeTestTask.java:95)\r\n\tat org.junit.platform.engine.support.hierarchical.ForkJoinPoolHierarchicalTestExecutorService$ExclusiveTask.compute(ForkJoinPoolHierarchicalTestExecutorService.java:185)\r\n\tat java.base/java.util.concurrent.RecursiveAction.exec(RecursiveAction.java:194)\r\n\tat java.base/java.util.concurrent.ForkJoinTask.doExec(ForkJoinTask.java:295)\r\n\tat java.base/java.util.concurrent.ForkJoinPool$WorkQueue.topLevelExec(ForkJoinPool.java:1016)\r\n\tat java.base/java.util.concurrent.ForkJoinPool.scan(ForkJoinPool.java:1665)\r\n\tat java.base/java.util.concurrent.ForkJoinPool.runWorker(ForkJoinPool.java:1598)\r\n\tat java.base/java.util.concurrent.ForkJoinWorkerThread.run(ForkJoinWorkerThread.java:183)\r\n"},"stage":"finished","description":"","steps":[{"name":"Закрываем заказ полностью","status":"failed","statusDetails":{"known":false,"muted":false,"flaky":false,"message":"Element should have text \" Статус заказа: Полностью оплачен \" {.review__status}\r\nElement: '<div class=\"review__status\">Статус заказа: Частично оплачен</div>'\r\nActual value: text=\"Статус заказа: Частично оплачен\"\r\nScreenshot: file:/C:/tapper.cloud/build/reports/tests/1668759460443.6.png\r\nPage source: file:/C:/tapper.cloud/build/reports/tests/1668759460443.6.html\r\nTimeout: 4 s.","trace":"Element should have text \" Статус заказа: Полностью оплачен \" {.review__status}\r\nElement: '<div class=\"review__status\">Статус заказа: Частично оплачен</div>'\r\nActual value: text=\"Статус заказа: Частично оплачен\"\r\nScreenshot: file:/C:/tapper.cloud/build/reports/tests/1668759460443.6.png\r\nPage source: file:/C:/tapper.cloud/build/reports/tests/1668759460443.6.html\r\nTimeout: 4 s.\r\n\tat com.codeborne.selenide.impl.WebElementSource.checkConditionAndReturnElement(WebElementSource.java:135)\r\n\tat com.codeborne.selenide.impl.WebElementSource.checkCondition(WebElementSource.java:98)\r\n\tat com.codeborne.selenide.commands.Should.execute(Should.java:30)\r\n\tat com.codeborne.selenide.commands.Should.execute(Should.java:14)\r\n\tat com.codeborne.selenide.commands.Commands.execute(Commands.java:157)\r\n\tat com.codeborne.selenide.impl.SelenideElementProxy.dispatchAndRetry(SelenideElementProxy.java:130)\r\n\tat com.codeborne.selenide.impl.SelenideElementProxy.invoke(SelenideElementProxy.java:82)\r\n\tat jdk.proxy2/jdk.proxy2.$Proxy33.shouldHave(Unknown Source)\r\n\tat pages.ReviewPage.fullPaymentHeading(ReviewPage.java:48)\r\n\tat pages.nestedTestsManager.ReviewPageNestedTests.fullPaymentCorrect(ReviewPageNestedTests.java:31)\r\n\tat pages.nestedTestsManager.RootPageNestedTests.closeOrder(RootPageNestedTests.java:353)\r\n\tat tapper.tests.e2e._2_6_DivideCheckAndPartPayTest.closeOrder(_2_6_DivideCheckAndPartPayTest.java:122)\r\n\tat java.base/jdk.internal.reflect.NativeMethodAccessorImpl.invoke0(Native Method)\r\n\tat java.base/jdk.internal.reflect.NativeMethodAccessorImpl.invoke(NativeMethodAccessorImpl.java:78)\r\n\tat java.base/jdk.internal.reflect.DelegatingMethodAccessorImpl.invoke(DelegatingMethodAccessorImpl.java:43)\r\n\tat java.base/java.lang.reflect.Method.invoke(Method.java:567)\r\n\tat org.junit.platform.commons.util.ReflectionUtils.invokeMethod(ReflectionUtils.java:727)\r\n\tat org.junit.jupiter.engine.execution.MethodInvocation.proceed(MethodInvocation.java:60)\r\n\tat org.junit.jupiter.engine.execution.InvocationInterceptorChain$ValidatingInvocation.proceed(InvocationInterceptorChain.java:131)\r\n\tat org.junit.jupiter.engine.extension.TimeoutExtension.intercept(TimeoutExtension.java:156)\r\n\tat org.junit.jupiter.engine.extension.TimeoutExtension.interceptTestableMethod(TimeoutExtension.java:147)\r\n\tat org.junit.jupiter.engine.extension.TimeoutExtension.interceptTestMethod(TimeoutExtension.java:86)\r\n\tat org.junit.jupiter.engine.execution.InterceptingExecutableInvoker$ReflectiveInterceptorCall.lambda$ofVoidMethod$0(InterceptingExecutableInvoker.java:103)\r\n\tat org.junit.jupiter.engine.execution.InterceptingExecutableInvoker.lambda$invoke$0(InterceptingExecutableInvoker.java:93)\r\n\tat org.junit.jupiter.engine.execution.InvocationInterceptorChain$InterceptedInvocation.proceed(InvocationInterceptorChain.java:106)\r\n\tat org.junit.jupiter.engine.execution.InvocationInterceptorChain.proceed(InvocationInterceptorChain.java:64)\r\n\tat org.junit.jupiter.engine.execution.InvocationInterceptorChain.chainAndInvoke(InvocationInterceptorChain.java:45)\r\n\tat org.junit.jupiter.engine.execution.InvocationInterceptorChain.invoke(InvocationInterceptorChain.java:37)\r\n\tat org.junit.jupiter.engine.execution.InterceptingExecutableInvoker.invoke(InterceptingExecutableInvoker.java:92)\r\n\tat org.junit.jupiter.engine.execution.InterceptingExecutableInvoker.invoke(InterceptingExecutableInvoker.java:86)\r\n\tat org.junit.jupiter.engine.descriptor.TestMethodTestDescriptor.lambda$invokeTestMethod$7(TestMethodTestDescriptor.java:217)\r\n\tat org.junit.platform.engine.support.hierarchical.ThrowableCollector.execute(ThrowableCollector.java:73)\r\n\tat org.junit.jupiter.engine.descriptor.TestMethodTestDescriptor.invokeTestMethod(TestMethodTestDescriptor.java:213)\r\n\tat org.junit.jupiter.engine.descriptor.TestMethodTestDescriptor.execute(TestMethodTestDescriptor.java:138)\r\n\tat org.junit.jupiter.engine.descriptor.TestMethodTestDescriptor.execute(TestMethodTestDescriptor.java:68)\r\n\tat org.junit.platform.engine.support.hierarchical.NodeTestTask.lambda$executeRecursively$6(NodeTestTask.java:151)\r\n\tat org.junit.platform.engine.support.hierarchical.ThrowableCollector.execute(ThrowableCollector.java:73)\r\n\tat org.junit.platform.engine.support.hierarchical.NodeTestTask.lambda$executeRecursively$8(NodeTestTask.java:141)\r\n\tat org.junit.platform.engine.support.hierarchical.Node.around(Node.java:137)\r\n\tat org.junit.platform.engine.support.hierarchical.NodeTestTask.lambda$executeRecursively$9(NodeTestTask.java:139)\r\n\tat org.junit.platform.engine.support.hierarchical.ThrowableCollector.execute(ThrowableCollector.java:73)\r\n\tat org.junit.platform.engine.support.hierarchical.NodeTestTask.executeRecursively(NodeTestTask.java:138)\r\n\tat org.junit.platform.engine.support.hierarchical.NodeTestTask.execute(NodeTestTask.java:95)\r\n\tat org.junit.platform.engine.support.hierarchical.ForkJoinPoolHierarchicalTestExecutorService$ExclusiveTask.compute(ForkJoinPoolHierarchicalTestExecutorService.java:185)\r\n\tat org.junit.platform.engine.support.hierarchical.ForkJoinPoolHierarchicalTestExecutorService.executeNonConcurrentTasks(ForkJoinPoolHierarchicalTestExecutorService.java:155)\r\n\tat org.junit.platform.engine.support.hierarchical.ForkJoinPoolHierarchicalTestExecutorService.invokeAll(ForkJoinPoolHierarchicalTestExecutorService.java:135)\r\n\tat org.junit.platform.engine.support.hierarchical.NodeTestTask.lambda$executeRecursively$6(NodeTestTask.java:155)\r\n\tat org.junit.platform.engine.support.hierarchical.ThrowableCollector.execute(ThrowableCollector.java:73)\r\n\tat org.junit.platform.engine.support.hierarchical.NodeTestTask.lambda$executeRecursively$8(NodeTestTask.java:141)\r\n\tat org.junit.platform.engine.support.hierarchical.Node.around(Node.java:137)\r\n\tat org.junit.platform.engine.support.hierarchical.NodeTestTask.lambda$executeRecursively$9(NodeTestTask.java:139)\r\n\tat org.junit.platform.engine.support.hierarchical.ThrowableCollector.execute(ThrowableCollector.java:73)\r\n\tat org.junit.platform.engine.support.hierarchical.NodeTestTask.executeRecursively(NodeTestTask.java:138)\r\n\tat org.junit.platform.engine.support.hierarchical.NodeTestTask.execute(NodeTestTask.java:95)\r\n\tat org.junit.platform.engine.support.hierarchical.ForkJoinPoolHierarchicalTestExecutorService$ExclusiveTask.compute(ForkJoinPoolHierarchicalTestExecutorService.java:185)\r\n\tat org.junit.platform.engine.support.hierarchical.ForkJoinPoolHierarchicalTestExecutorService.executeNonConcurrentTasks(ForkJoinPoolHierarchicalTestExecutorService.java:155)\r\n\tat org.junit.platform.engine.support.hierarchical.ForkJoinPoolHierarchicalTestExecutorService.invokeAll(ForkJoinPoolHierarchicalTestExecutorService.java:135)\r\n\tat org.junit.platform.engine.support.hierarchical.NodeTestTask.lambda$executeRecursively$6(NodeTestTask.java:155)\r\n\tat org.junit.platform.engine.support.hierarchical.ThrowableCollector.execute(ThrowableCollector.java:73)\r\n\tat org.junit.platform.engine.support.hierarchical.NodeTestTask.lambda$executeRecursively$8(NodeTestTask.java:141)\r\n\tat org.junit.platform.engine.support.hierarchical.Node.around(Node.java:137)\r\n\tat org.junit.platform.engine.support.hierarchical.NodeTestTask.lambda$executeRecursively$9(NodeTestTask.java:139)\r\n\tat org.junit.platform.engine.support.hierarchical.ThrowableCollector.execute(ThrowableCollector.java:73)\r\n\tat org.junit.platform.engine.support.hierarchical.NodeTestTask.executeRecursively(NodeTestTask.java:138)\r\n\tat org.junit.platform.engine.support.hierarchical.NodeTestTask.execute(NodeTestTask.java:95)\r\n\tat org.junit.platform.engine.support.hierarchical.ForkJoinPoolHierarchicalTestExecutorService$ExclusiveTask.compute(ForkJoinPoolHierarchicalTestExecutorService.java:185)\r\n\tat java.base/java.util.concurrent.RecursiveAction.exec(RecursiveAction.java:194)\r\n\tat java.base/java.util.concurrent.ForkJoinTask.doExec(ForkJoinTask.java:295)\r\n\tat java.base/java.util.concurrent.ForkJoinPool$WorkQueue.topLevelExec(ForkJoinPool.java:1016)\r\n\tat java.base/java.util.concurrent.ForkJoinPool.scan(ForkJoinPool.java:1665)\r\n\tat java.base/java.util.concurrent.ForkJoinPool.runWorker(ForkJoinPool.java:1598)\r\n\tat java.base/java.util.concurrent.ForkJoinWorkerThread.run(ForkJoinWorkerThread.java:183)\r\n"},"stage":"finished","steps":[{"name":"Сохранение общей суммы в таппере для передачи в другой тест","status":"passed","stage":"finished","steps":[{"name":"Преобразовываем\\вырезаем текст из селектора в дабл","status":"passed","stage":"finished","steps":[{"name":"$(\".check__totalPay-heading+span\") get text()","status":"passed","stage":"finished","steps":[],"attachments":[],"parameters":[],"start":1668759442014,"stop":1668759442024}],"attachments":[],"parameters":[{"name":"selector","value":"<span data-v-03687ea8>1388.8 ₽</span>"},{"name":"regex","value":"\\s₽"}],"start":1668759442014,"stop":1668759442024}],"attachments":[],"parameters":[],"start":1668759441979,"stop":1668759442024},{"name":"Клик в оплату, появление лоадера и проверка что мы на эквайринге","status":"passed","stage":"finished","steps":[{"name":"Клик по кнопке оплаты","status":"passed","stage":"finished","steps":[{"name":"Плавный скрол до самого низа страницы","status":"passed","stage":"finished","steps":[],"attachments":[],"parameters":[],"start":1668759442024,"stop":1668759443039},{"name":"Кнопка видна и клик по ней","status":"passed","stage":"finished","steps":[{"name":"$(\"button.payment-btn.main-btn\") should be(visible)","status":"passed","stage":"finished","steps":[],"attachments":[],"parameters":[],"start":1668759443073,"stop":1668759443083},{"name":"$(\"button.payment-btn.main-btn\") click()","status":"passed","stage":"finished","steps":[],"attachments":[],"parameters":[],"start":1668759443083,"stop":1668759443121}],"attachments":[],"parameters":[{"name":"element","value":"<button class=\"payment-btn main-btn\" type=\"submit\">Оплатить</button>"}],"start":1668759443073,"stop":1668759443121},{"name":"$(\".vAuthentication.active\") should not be([exist, 1 s.])","status":"passed","stage":"finished","steps":[],"attachments":[],"parameters":[],"start":1668759443121,"stop":1668759443129}],"attachments":[],"parameters":[],"start":1668759442024,"stop":1668759443129},{"name":"Отображается лоадер на странице","status":"passed","stage":"finished","steps":[{"name":"Элемент присутствует на странице в ходе длительной загрузки (6сек.)","status":"passed","stage":"finished","steps":[{"name":"$(\".vLightPreloader\") should be([visible, 6 s.])","status":"passed","stage":"finished","steps":[],"attachments":[],"parameters":[],"start":1668759443159,"stop":1668759443170}],"attachments":[],"parameters":[{"name":"element","value":"<div class=\"vLightPreloader\"></div>"},{"name":"time","value":"6"}],"start":1668759443159,"stop":1668759443170}],"attachments":[],"parameters":[],"start":1668759443129,"stop":1668759443170},{"name":"Проверка попапа ВПН и что форма оплаты появилась","status":"passed","stage":"finished","steps":[{"name":"Элемент присутствует на странице в ходе длительной загрузки (10сек.)","status":"passed","stage":"finished","steps":[{"name":"$(\"div.container\") should be([visible, 10 s.])","status":"passed","stage":"finished","steps":[],"attachments":[],"parameters":[],"start":1668759443178,"stop":1668759445182}],"attachments":[],"parameters":[{"name":"element","value":"NoSuchElementException: no such element: Unable to locate element: {\"method\":\"css selector\",\"selector\":\"div.container\"}"},{"name":"time","value":"10"}],"start":1668759443178,"stop":1668759445182},{"name":"Проверка попапа ВПН","status":"passed","stage":"finished","steps":[{"name":"$(\".pin\") should have([css value display=flex, 10 s.])","status":"passed","stage":"finished","steps":[],"attachments":[],"parameters":[],"start":1668759445182,"stop":1668759445193}],"attachments":[],"parameters":[],"start":1668759445182,"stop":1668759445193}],"attachments":[],"parameters":[],"start":1668759443170,"stop":1668759445193},{"name":"Проверка что мы находимся на странице эквайринга","status":"passed","stage":"finished","steps":[{"name":"Проверка что текст https://test.best2pay.net/ содержится в текущем URL","status":"passed","stage":"finished","steps":[],"attachments":[],"parameters":[{"name":"text","value":"https://test.best2pay.net/"}],"start":1668759445193,"stop":1668759445195}],"attachments":[],"parameters":[],"start":1668759445193,"stop":1668759445195}],"attachments":[],"parameters":[],"start":1668759442024,"stop":1668759445195},{"name":"Проверка общей суммы, способов оплаты, ввод данных","status":"passed","stage":"finished","steps":[{"name":"Проверка что сумма 'Итого к оплате' в таппере сходится с суммой в эквайринге","status":"passed","stage":"finished","steps":[{"name":"Преобразовываем\\вырезаем текст из селектора в дабл","status":"passed","stage":"finished","steps":[{"name":"$(\"#totalAmountValue\") get text()","status":"passed","stage":"finished","steps":[],"attachments":[],"parameters":[],"start":1668759445231,"stop":1668759445241}],"attachments":[],"parameters":[{"name":"selector","value":"<div class=\"form__amount-value\" id=\"totalAmountValue\">1 388.8</div>"},{"name":"regex","value":"\\s"}],"start":1668759445231,"stop":1668759445241}],"attachments":[],"parameters":[{"name":"totalPayTapper","value":"1388.8"}],"start":1668759445195,"stop":1668759445241},{"name":"Проверка что доступны 3 способа оплаты","status":"passed","stage":"finished","steps":[{"name":"Элемент присутствует на странице","status":"passed","stage":"finished","steps":[{"name":"$(\"#paymentTypeCard\") should be(visible)","status":"passed","stage":"finished","steps":[],"attachments":[],"parameters":[],"start":1668759445277,"stop":1668759445286}],"attachments":[],"parameters":[{"name":"element","value":"<button class=\"payment-method__button payment-method__button--card button__active\" id=\"paymentTypeCard\" tabindex=\"0\" type=\"button\">Банковская карта</button>"}],"start":1668759445277,"stop":1668759445286},{"name":"Элемент присутствует на странице","status":"passed","stage":"finished","steps":[{"name":"$(\".yandexpay.payment-method__button\") should be(visible)","status":"passed","stage":"finished","steps":[],"attachments":[],"parameters":[],"start":1668759445319,"stop":1668759445328}],"attachments":[],"parameters":[{"name":"element","value":"<div class=\"yandexpay payment-method__button payment-method__button--yandexpay white\"></div>"}],"start":1668759445319,"stop":1668759445328},{"name":"Элемент присутствует на странице","status":"passed","stage":"finished","steps":[{"name":"$(\"#sbpButton\") should be(visible)","status":"passed","stage":"finished","steps":[],"attachments":[],"parameters":[],"start":1668759445360,"stop":1668759445380}],"attachments":[],"parameters":[{"name":"element","value":"<button class=\"payment-method__button payment-method__button--sbp\" id=\"sbpButton\" type=\"button\"></button>"}],"start":1668759445360,"stop":1668759445380}],"attachments":[],"parameters":[],"start":1668759445241,"stop":1668759445380},{"name":"Ввод номера карты","status":"passed","stage":"finished","steps":[{"name":"Ввод данных 4809388886227309 с задержкой","status":"passed","stage":"finished","steps":[{"name":"$(\".input.input--pan input\") send keys(4)","status":"passed","stage":"finished","steps":[],"attachments":[],"parameters":[],"start":1668759445471,"stop":1668759445511},{"name":"$(\".input.input--pan input\") send keys(8)","status":"passed","stage":"finished","steps":[],"attachments":[],"parameters":[],"start":1668759445577,"stop":1668759445592},{"name":"$(\".input.input--pan input\") send keys(0)","status":"passed","stage":"finished","steps":[],"attachments":[],"parameters":[],"start":1668759445669,"stop":1668759445685},{"name":"$(\".input.input--pan input\") send keys(9)","status":"passed","stage":"finished","steps":[],"attachments":[],"parameters":[],"start":1668759445706,"stop":1668759445723},{"name":"$(\".input.input--pan input\") send keys(3)","status":"passed","stage":"finished","steps":[],"attachments":[],"parameters":[],"start":1668759445755,"stop":1668759445771},{"name":"$(\".input.input--pan input\") send keys(8)","status":"passed","stage":"finished","steps":[],"attachments":[],"parameters":[],"start":1668759445824,"stop":1668759445838},{"name":"$(\".input.input--pan input\") send keys(8)","status":"passed","stage":"finished","steps":[],"attachments":[],"parameters":[],"start":1668759445872,"stop":1668759445888},{"name":"$(\".input.input--pan input\") send keys(8)","status":"passed","stage":"finished","steps":[],"attachments":[],"parameters":[],"start":1668759445926,"stop":1668759445941},{"name":"$(\".input.input--pan input\") send keys(8)","status":"passed","stage":"finished","steps":[],"attachments":[],"parameters":[],"start":1668759446024,"stop":1668759446039},{"name":"$(\".input.input--pan input\") send keys(6)","status":"passed","stage":"finished","steps":[],"attachments":[],"parameters":[],"start":1668759446078,"stop":1668759446094},{"name":"$(\".input.input--pan input\") send keys(2)","status":"passed","stage":"finished","steps":[],"attachments":[],"parameters":[],"start":1668759446166,"stop":1668759446181},{"name":"$(\".input.input--pan input\") send keys(2)","status":"passed","stage":"finished","steps":[],"attachments":[],"parameters":[],"start":1668759446245,"stop":1668759446260},{"name":"$(\".input.input--pan input\") send keys(7)","status":"passed","stage":"finished","steps":[],"attachments":[],"parameters":[],"start":1668759446318,"stop":1668759446333},{"name":"$(\".input.input--pan input\") send keys(3)","status":"passed","stage":"finished","steps":[],"attachments":[],"parameters":[],"start":1668759446360,"stop":1668759446374},{"name":"$(\".input.input--pan input\") send keys(0)","status":"passed","stage":"finished","steps":[],"attachments":[],"parameters":[],"start":1668759446417,"stop":1668759446432},{"name":"$(\".input.input--pan input\") send keys(9)","status":"passed","stage":"finished","steps":[],"attachments":[],"parameters":[],"start":1668759446475,"stop":1668759446495}],"attachments":[],"parameters":[{"name":"element","value":"<input autocomplete=\"cc-number\" class=\"input__field input__field--pan\" id=\"pan\" maxlength=\"23\" name=\"pan\" placeholder=\"_\" tabindex=\"1\" type=\"tel\" value></input>"},{"name":"text","value":"4809388886227309"}],"start":1668759445413,"stop":1668759446495}],"attachments":[],"parameters":[],"start":1668759445380,"stop":1668759446495},{"name":"Ввод даты истечения карты","status":"passed","stage":"finished","steps":[{"name":"Ввод данных 12 с задержкой","status":"passed","stage":"finished","steps":[{"name":"$(\".input.input--date .input__field--date\") send keys(1)","status":"passed","stage":"finished","steps":[],"attachments":[],"parameters":[],"start":1668759446556,"stop":1668759446578},{"name":"$(\".input.input--date .input__field--date\") send keys(2)","status":"passed","stage":"finished","steps":[],"attachments":[],"parameters":[],"start":1668759446636,"stop":1668759446651}],"attachments":[],"parameters":[{"name":"element","value":"<input aria-required=\"true\" autocomplete=\"cc-exp\" class=\"input__field input__field--date\" clear-name=\"true\" id=\"cardDate\" maxlength=\"9\" name=\"date\" placeholder=\"_\" required tabindex=\"2\" type=\"tel\" value></input>"},{"name":"text","value":"12"}],"start":1668759446528,"stop":1668759446651},{"name":"Ввод данных 24 с задержкой","status":"passed","stage":"finished","steps":[{"name":"$(\".input.input--date .input__field--date\") send keys(2)","status":"passed","stage":"finished","steps":[],"attachments":[],"parameters":[],"start":1668759446700,"stop":1668759446716},{"name":"$(\".input.input--date .input__field--date\") send keys(4)","status":"passed","stage":"finished","steps":[],"attachments":[],"parameters":[],"start":1668759446799,"stop":1668759446822}],"attachments":[],"parameters":[{"name":"element","value":"<input aria-required=\"true\" autocomplete=\"cc-exp\" class=\"input__field input__field--date\" clear-name=\"true\" id=\"cardDate\" maxlength=\"9\" name=\"date\" placeholder=\"_\" required tabindex=\"2\" type=\"tel\" value=\"12 / \"></input>"},{"name":"text","value":"24"}],"start":1668759446679,"stop":1668759446822}],"attachments":[],"parameters":[],"start":1668759446495,"stop":1668759446822},{"name":"Ввод CVV","status":"passed","stage":"finished","steps":[{"name":"Ввод данных 123 с задержкой","status":"passed","stage":"finished","steps":[{"name":"$(\".input--cvv .input__field--cvv\") send keys(1)","status":"passed","stage":"finished","steps":[],"attachments":[],"parameters":[],"start":1668759446898,"stop":1668759446917},{"name":"$(\".input--cvv .input__field--cvv\") send keys(2)","status":"passed","stage":"finished","steps":[],"attachments":[],"parameters":[],"start":1668759446957,"stop":1668759446971},{"name":"$(\".input--cvv .input__field--cvv\") send keys(3)","status":"passed","stage":"finished","steps":[],"attachments":[],"parameters":[],"start":1668759447009,"stop":1668759447024}],"attachments":[],"parameters":[{"name":"element","value":"<input aria-required=\"true\" autocomplete=\"cc-csc\" class=\"input__field input__field--cvv\" id=\"cvc\" maxlength=\"3\" name=\"cvc\" placeholder=\"_\" required tabindex=\"3\" type=\"tel\"></input>"},{"name":"text","value":"123"}],"start":1668759446855,"stop":1668759447024}],"attachments":[],"parameters":[],"start":1668759446822,"stop":1668759447024},{"name":"Клик по кнопке отправить по email и ввод почты","status":"passed","stage":"finished","steps":[{"name":"Кнопка видна и клик по ней","status":"passed","stage":"finished","steps":[{"name":"$(\"#cardEmail+.checkbox__body\") should be(visible)","status":"passed","stage":"finished","steps":[],"attachments":[],"parameters":[],"start":1668759447056,"stop":1668759447066},{"name":"$(\"#cardEmail+.checkbox__body\") click()","status":"passed","stage":"finished","steps":[],"attachments":[],"parameters":[],"start":1668759447066,"stop":1668759447100}],"attachments":[],"parameters":[{"name":"element","value":"<span class=\"checkbox__body\"></span>"}],"start":1668759447056,"stop":1668759447100},{"name":"Элемент присутствует на странице","status":"passed","stage":"finished","steps":[{"name":"$(\"#email\") should be(visible)","status":"passed","stage":"finished","steps":[],"attachments":[],"parameters":[],"start":1668759447134,"stop":1668759447144}],"attachments":[],"parameters":[{"name":"element","value":"<input class=\"input__field input__field--email\" id=\"email\" inputmode=\"email\" name=\"email\" placeholder=\" \" required=\"required\" tabindex=\"4\" type=\"text\"></input>"}],"start":1668759447134,"stop":1668759447144},{"name":"Ввод данных autotests@tapper.cloud с задержкой","status":"passed","stage":"finished","steps":[{"name":"$(\"#email\") send keys(a)","status":"passed","stage":"finished","steps":[],"attachments":[],"parameters":[],"start":1668759447251,"stop":1668759447284},{"name":"$(\"#email\") send keys(u)","status":"passed","stage":"finished","steps":[],"attachments":[],"parameters":[],"start":1668759447332,"stop":1668759447347},{"name":"$(\"#email\") send keys(t)","status":"passed","stage":"finished","steps":[],"attachments":[],"parameters":[],"start":1668759447383,"stop":1668759447398},{"name":"$(\"#email\") send keys(o)","status":"passed","stage":"finished","steps":[],"attachments":[],"parameters":[],"start":1668759447469,"stop":1668759447485},{"name":"$(\"#email\") send keys(t)","status":"passed","stage":"finished","steps":[],"attachments":[],"parameters":[],"start":1668759447539,"stop":1668759447554},{"name":"$(\"#email\") send keys(e)","status":"passed","stage":"finished","steps":[],"attachments":[],"parameters":[],"start":1668759447594,"stop":1668759447608},{"name":"$(\"#email\") send keys(s)","status":"passed","stage":"finished","steps":[],"attachments":[],"parameters":[],"start":1668759447647,"stop":1668759447662},{"name":"$(\"#email\") send keys(t)","status":"passed","stage":"finished","steps":[],"attachments":[],"parameters":[],"start":1668759447730,"stop":1668759447745},{"name":"$(\"#email\") send keys(s)","status":"passed","stage":"finished","steps":[],"attachments":[],"parameters":[],"start":1668759447811,"stop":1668759447826},{"name":"$(\"#email\") send keys(@)","status":"passed","stage":"finished","steps":[],"attachments":[],"parameters":[],"start":1668759447832,"stop":1668759447846},{"name":"$(\"#email\") send keys(t)","status":"passed","stage":"finished","steps":[],"attachments":[],"parameters":[],"start":1668759447896,"stop":1668759447911},{"name":"$(\"#email\") send keys(a)","status":"passed","stage":"finished","steps":[],"attachments":[],"parameters":[],"start":1668759447983,"stop":1668759447998},{"name":"$(\"#email\") send keys(p)","status":"passed","stage":"finished","steps":[],"attachments":[],"parameters":[],"start":1668759448041,"stop":1668759448056},{"name":"$(\"#email\") send keys(p)","status":"passed","stage":"finished","steps":[],"attachments":[],"parameters":[],"start":1668759448094,"stop":1668759448109},{"name":"$(\"#email\") send keys(e)","status":"passed","stage":"finished","steps":[],"attachments":[],"parameters":[],"start":1668759448180,"stop":1668759448196},{"name":"$(\"#email\") send keys(r)","status":"passed","stage":"finished","steps":[],"attachments":[],"parameters":[],"start":1668759448225,"stop":1668759448240},{"name":"$(\"#email\") send keys(.)","status":"passed","stage":"finished","steps":[],"attachments":[],"parameters":[],"start":1668759448292,"stop":1668759448307},{"name":"$(\"#email\") send keys(c)","status":"passed","stage":"finished","steps":[],"attachments":[],"parameters":[],"start":1668759448353,"stop":1668759448368},{"name":"$(\"#email\") send keys(l)","status":"passed","stage":"finished","steps":[],"attachments":[],"parameters":[],"start":1668759448430,"stop":1668759448446},{"name":"$(\"#email\") send keys(o)","status":"passed","stage":"finished","steps":[],"attachments":[],"parameters":[],"start":1668759448523,"stop":1668759448538},{"name":"$(\"#email\") send keys(u)","status":"passed","stage":"finished","steps":[],"attachments":[],"parameters":[],"start":1668759448623,"stop":1668759448638},{"name":"$(\"#email\") send keys(d)","status":"passed","stage":"finished","steps":[],"attachments":[],"parameters":[],"start":1668759448702,"stop":1668759448717}],"attachments":[],"parameters":[{"name":"element","value":"<input class=\"input__field input__field--email\" id=\"email\" inputmode=\"email\" name=\"email\" placeholder=\" \" required=\"required\" tabindex=\"4\" type=\"text\"></input>"},{"name":"text","value":"autotests@tapper.cloud"}],"start":1668759447166,"stop":1668759448717}],"attachments":[],"parameters":[],"start":1668759447024,"stop":1668759448717}],"attachments":[],"parameters":[{"name":"totalPay","value":"1388.8"}],"start":1668759445195,"stop":1668759448717},{"name":"Клик по кнопке оплатить","status":"passed","stage":"finished","steps":[{"name":"Кнопка видна и клик по ней","status":"passed","stage":"finished","steps":[{"name":"$(\"#submitButton\") should be(visible)","status":"passed","stage":"finished","steps":[],"attachments":[],"parameters":[],"start":1668759448750,"stop":1668759448760},{"name":"$(\"#submitButton\") click()","status":"passed","stage":"finished","steps":[],"attachments":[],"parameters":[],"start":1668759448760,"stop":1668759450252}],"attachments":[],"parameters":[{"name":"element","value":"<button class=\"button\" id=\"submitButton\" tabindex=\"6\" type=\"submit\">Оплатить</button>"}],"start":1668759448750,"stop":1668759450252}],"attachments":[],"parameters":[],"start":1668759448717,"stop":1668759450252},{"name":"Проверка поочередных статусов оплаты с полной оплатой","status":"failed","statusDetails":{"known":false,"muted":false,"flaky":false,"message":"Element should have text \" Статус заказа: Полностью оплачен \" {.review__status}\r\nElement: '<div class=\"review__status\">Статус заказа: Частично оплачен</div>'\r\nActual value: text=\"Статус заказа: Частично оплачен\"\r\nScreenshot: file:/C:/tapper.cloud/build/reports/tests/1668759460443.6.png\r\nPage source: file:/C:/tapper.cloud/build/reports/tests/1668759460443.6.html\r\nTimeout: 4 s.","trace":"Element should have text \" Статус заказа: Полностью оплачен \" {.review__status}\r\nElement: '<div class=\"review__status\">Статус заказа: Частично оплачен</div>'\r\nActual value: text=\"Статус заказа: Частично оплачен\"\r\nScreenshot: file:/C:/tapper.cloud/build/reports/tests/1668759460443.6.png\r\nPage source: file:/C:/tapper.cloud/build/reports/tests/1668759460443.6.html\r\nTimeout: 4 s.\r\n\tat com.codeborne.selenide.impl.WebElementSource.checkConditionAndReturnElement(WebElementSource.java:135)\r\n\tat com.codeborne.selenide.impl.WebElementSource.checkCondition(WebElementSource.java:98)\r\n\tat com.codeborne.selenide.commands.Should.execute(Should.java:30)\r\n\tat com.codeborne.selenide.commands.Should.execute(Should.java:14)\r\n\tat com.codeborne.selenide.commands.Commands.execute(Commands.java:157)\r\n\tat com.codeborne.selenide.impl.SelenideElementProxy.dispatchAndRetry(SelenideElementProxy.java:130)\r\n\tat com.codeborne.selenide.impl.SelenideElementProxy.invoke(SelenideElementProxy.java:82)\r\n\tat jdk.proxy2/jdk.proxy2.$Proxy33.shouldHave(Unknown Source)\r\n\tat pages.ReviewPage.fullPaymentHeading(ReviewPage.java:48)\r\n\tat pages.nestedTestsManager.ReviewPageNestedTests.fullPaymentCorrect(ReviewPageNestedTests.java:31)\r\n\tat pages.nestedTestsManager.RootPageNestedTests.closeOrder(RootPageNestedTests.java:353)\r\n\tat tapper.tests.e2e._2_6_DivideCheckAndPartPayTest.closeOrder(_2_6_DivideCheckAndPartPayTest.java:122)\r\n\tat java.base/jdk.internal.reflect.NativeMethodAccessorImpl.invoke0(Native Method)\r\n\tat java.base/jdk.internal.reflect.NativeMethodAccessorImpl.invoke(NativeMethodAccessorImpl.java:78)\r\n\tat java.base/jdk.internal.reflect.DelegatingMethodAccessorImpl.invoke(DelegatingMethodAccessorImpl.java:43)\r\n\tat java.base/java.lang.reflect.Method.invoke(Method.java:567)\r\n\tat org.junit.platform.commons.util.ReflectionUtils.invokeMethod(ReflectionUtils.java:727)\r\n\tat org.junit.jupiter.engine.execution.MethodInvocation.proceed(MethodInvocation.java:60)\r\n\tat org.junit.jupiter.engine.execution.InvocationInterceptorChain$ValidatingInvocation.proceed(InvocationInterceptorChain.java:131)\r\n\tat org.junit.jupiter.engine.extension.TimeoutExtension.intercept(TimeoutExtension.java:156)\r\n\tat org.junit.jupiter.engine.extension.TimeoutExtension.interceptTestableMethod(TimeoutExtension.java:147)\r\n\tat org.junit.jupiter.engine.extension.TimeoutExtension.interceptTestMethod(TimeoutExtension.java:86)\r\n\tat org.junit.jupiter.engine.execution.InterceptingExecutableInvoker$ReflectiveInterceptorCall.lambda$ofVoidMethod$0(InterceptingExecutableInvoker.java:103)\r\n\tat org.junit.jupiter.engine.execution.InterceptingExecutableInvoker.lambda$invoke$0(InterceptingExecutableInvoker.java:93)\r\n\tat org.junit.jupiter.engine.execution.InvocationInterceptorChain$InterceptedInvocation.proceed(InvocationInterceptorChain.java:106)\r\n\tat org.junit.jupiter.engine.execution.InvocationInterceptorChain.proceed(InvocationInterceptorChain.java:64)\r\n\tat org.junit.jupiter.engine.execution.InvocationInterceptorChain.chainAndInvoke(InvocationInterceptorChain.java:45)\r\n\tat org.junit.jupiter.engine.execution.InvocationInterceptorChain.invoke(InvocationInterceptorChain.java:37)\r\n\tat org.junit.jupiter.engine.execution.InterceptingExecutableInvoker.invoke(InterceptingExecutableInvoker.java:92)\r\n\tat org.junit.jupiter.engine.execution.InterceptingExecutableInvoker.invoke(InterceptingExecutableInvoker.java:86)\r\n\tat org.junit.jupiter.engine.descriptor.TestMethodTestDescriptor.lambda$invokeTestMethod$7(TestMethodTestDescriptor.java:217)\r\n\tat org.junit.platform.engine.support.hierarchical.ThrowableCollector.execute(ThrowableCollector.java:73)\r\n\tat org.junit.jupiter.engine.descriptor.TestMethodTestDescriptor.invokeTestMethod(TestMethodTestDescriptor.java:213)\r\n\tat org.junit.jupiter.engine.descriptor.TestMethodTestDescriptor.execute(TestMethodTestDescriptor.java:138)\r\n\tat org.junit.jupiter.engine.descriptor.TestMethodTestDescriptor.execute(TestMethodTestDescriptor.java:68)\r\n\tat org.junit.platform.engine.support.hierarchical.NodeTestTask.lambda$executeRecursively$6(NodeTestTask.java:151)\r\n\tat org.junit.platform.engine.support.hierarchical.ThrowableCollector.execute(ThrowableCollector.java:73)\r\n\tat org.junit.platform.engine.support.hierarchical.NodeTestTask.lambda$executeRecursively$8(NodeTestTask.java:141)\r\n\tat org.junit.platform.engine.support.hierarchical.Node.around(Node.java:137)\r\n\tat org.junit.platform.engine.support.hierarchical.NodeTestTask.lambda$executeRecursively$9(NodeTestTask.java:139)\r\n\tat org.junit.platform.engine.support.hierarchical.ThrowableCollector.execute(ThrowableCollector.java:73)\r\n\tat org.junit.platform.engine.support.hierarchical.NodeTestTask.executeRecursively(NodeTestTask.java:138)\r\n\tat org.junit.platform.engine.support.hierarchical.NodeTestTask.execute(NodeTestTask.java:95)\r\n\tat org.junit.platform.engine.support.hierarchical.ForkJoinPoolHierarchicalTestExecutorService$ExclusiveTask.compute(ForkJoinPoolHierarchicalTestExecutorService.java:185)\r\n\tat org.junit.platform.engine.support.hierarchical.ForkJoinPoolHierarchicalTestExecutorService.executeNonConcurrentTasks(ForkJoinPoolHierarchicalTestExecutorService.java:155)\r\n\tat org.junit.platform.engine.support.hierarchical.ForkJoinPoolHierarchicalTestExecutorService.invokeAll(ForkJoinPoolHierarchicalTestExecutorService.java:135)\r\n\tat org.junit.platform.engine.support.hierarchical.NodeTestTask.lambda$executeRecursively$6(NodeTestTask.java:155)\r\n\tat org.junit.platform.engine.support.hierarchical.ThrowableCollector.execute(ThrowableCollector.java:73)\r\n\tat org.junit.platform.engine.support.hierarchical.NodeTestTask.lambda$executeRecursively$8(NodeTestTask.java:141)\r\n\tat org.junit.platform.engine.support.hierarchical.Node.around(Node.java:137)\r\n\tat org.junit.platform.engine.support.hierarchical.NodeTestTask.lambda$executeRecursively$9(NodeTestTask.java:139)\r\n\tat org.junit.platform.engine.support.hierarchical.ThrowableCollector.execute(ThrowableCollector.java:73)\r\n\tat org.junit.platform.engine.support.hierarchical.NodeTestTask.executeRecursively(NodeTestTask.java:138)\r\n\tat org.junit.platform.engine.support.hierarchical.NodeTestTask.execute(NodeTestTask.java:95)\r\n\tat org.junit.platform.engine.support.hierarchical.ForkJoinPoolHierarchicalTestExecutorService$ExclusiveTask.compute(ForkJoinPoolHierarchicalTestExecutorService.java:185)\r\n\tat org.junit.platform.engine.support.hierarchical.ForkJoinPoolHierarchicalTestExecutorService.executeNonConcurrentTasks(ForkJoinPoolHierarchicalTestExecutorService.java:155)\r\n\tat org.junit.platform.engine.support.hierarchical.ForkJoinPoolHierarchicalTestExecutorService.invokeAll(ForkJoinPoolHierarchicalTestExecutorService.java:135)\r\n\tat org.junit.platform.engine.support.hierarchical.NodeTestTask.lambda$executeRecursively$6(NodeTestTask.java:155)\r\n\tat org.junit.platform.engine.support.hierarchical.ThrowableCollector.execute(ThrowableCollector.java:73)\r\n\tat org.junit.platform.engine.support.hierarchical.NodeTestTask.lambda$executeRecursively$8(NodeTestTask.java:141)\r\n\tat org.junit.platform.engine.support.hierarchical.Node.around(Node.java:137)\r\n\tat org.junit.platform.engine.support.hierarchical.NodeTestTask.lambda$executeRecursively$9(NodeTestTask.java:139)\r\n\tat org.junit.platform.engine.support.hierarchical.ThrowableCollector.execute(ThrowableCollector.java:73)\r\n\tat org.junit.platform.engine.support.hierarchical.NodeTestTask.executeRecursively(NodeTestTask.java:138)\r\n\tat org.junit.platform.engine.support.hierarchical.NodeTestTask.execute(NodeTestTask.java:95)\r\n\tat org.junit.platform.engine.support.hierarchical.ForkJoinPoolHierarchicalTestExecutorService$ExclusiveTask.compute(ForkJoinPoolHierarchicalTestExecutorService.java:185)\r\n\tat java.base/java.util.concurrent.RecursiveAction.exec(RecursiveAction.java:194)\r\n\tat java.base/java.util.concurrent.ForkJoinTask.doExec(ForkJoinTask.java:295)\r\n\tat java.base/java.util.concurrent.ForkJoinPool$WorkQueue.topLevelExec(ForkJoinPool.java:1016)\r\n\tat java.base/java.util.concurrent.ForkJoinPool.scan(ForkJoinPool.java:1665)\r\n\tat java.base/java.util.concurrent.ForkJoinPool.runWorker(ForkJoinPool.java:1598)\r\n\tat java.base/java.util.concurrent.ForkJoinWorkerThread.run(ForkJoinWorkerThread.java:183)\r\n"},"stage":"finished","steps":[{"name":"Форма статуса оплаты отображается. Проверки что нет ошибки, статус производится и успешно корректны","status":"passed","stage":"finished","steps":[{"name":"Элемент присутствует на странице в ходе длительной загрузки (10сек.)","status":"passed","stage":"finished","steps":[{"name":"$(\".payment-process\") should be([visible, 10 s.])","status":"passed","stage":"finished","steps":[],"attachments":[],"parameters":[],"start":1668759450312,"stop":1668759450324}],"attachments":[],"parameters":[{"name":"element","value":"<div class=\"payment-process\">Производится оплата\nПожалуйста, подождите..</div>"},{"name":"time","value":"10"}],"start":1668759450312,"stop":1668759450324},{"name":"Элемент присутствует на странице в ходе длительной загрузки (10сек.)","status":"passed","stage":"finished","steps":[{"name":"$(\".payment-process__status\") should be([visible, 10 s.])","status":"passed","stage":"finished","steps":[],"attachments":[],"parameters":[],"start":1668759450360,"stop":1668759450369}],"attachments":[],"parameters":[{"name":"element","value":"<div class=\"payment-process__status\">Производится оплата</div>"},{"name":"time","value":"10"}],"start":1668759450360,"stop":1668759450369},{"name":"$(\".payment-process__status\") should have([match text \"Производится оплата\", 10 s.])","status":"passed","stage":"finished","steps":[],"attachments":[],"parameters":[],"start":1668759450369,"stop":1668759450376},{"name":"$(\".payment-process__status\") should not have(text \"Оплата не прошла\")","status":"passed","stage":"finished","steps":[],"attachments":[],"parameters":[],"start":1668759450377,"stop":1668759450386},{"name":"$(\".payment-process__status\") should have([match text \"Оплата прошла успешно!\", 10 s.])","status":"passed","stage":"finished","steps":[],"attachments":[],"parameters":[],"start":1668759450386,"stop":1668759453705}],"attachments":[],"parameters":[],"start":1668759450252,"stop":1668759453705},{"name":"Проверка заголовка статуса и что все элементы отзыва отображаются","status":"passed","stage":"finished","steps":[{"name":"Элемент присутствует на странице в ходе длительной загрузки (10сек.)","status":"passed","stage":"finished","steps":[{"name":"$(\".review .container\") should be([visible, 10 s.])","status":"passed","stage":"finished","steps":[],"attachments":[],"parameters":[],"start":1668759453712,"stop":1668759456300}],"attachments":[],"parameters":[{"name":"element","value":"NoSuchElementException: no such element: Unable to locate element: {\"method\":\"css selector\",\"selector\":\".review .container\"}"},{"name":"time","value":"10"}],"start":1668759453712,"stop":1668759456300},{"name":"Элемент присутствует на странице","status":"passed","stage":"finished","steps":[{"name":"$(\".review__stars\") should be(visible)","status":"passed","stage":"finished","steps":[],"attachments":[],"parameters":[],"start":1668759456336,"stop":1668759456346}],"attachments":[],"parameters":[{"name":"element","value":"<div class=\"review__stars\"></div>"}],"start":1668759456336,"stop":1668759456346},{"name":"Элемент присутствует на странице","status":"passed","stage":"finished","steps":[{"name":"$(\".review__textarea\") should be(visible)","status":"passed","stage":"finished","steps":[],"attachments":[],"parameters":[],"start":1668759456378,"stop":1668759456388}],"attachments":[],"parameters":[{"name":"element","value":"<textarea class=\"review__textarea\" name=\"review\" placeholder=\"Расскажите подробнее...\" type=\"textarea\"></textarea>"}],"start":1668759456378,"stop":1668759456388},{"name":"Элемент присутствует на странице в ходе длительной загрузки (10сек.)","status":"passed","stage":"finished","steps":[{"name":"$(\".review__common .main-btn\") should be([visible, 10 s.])","status":"passed","stage":"finished","steps":[],"attachments":[],"parameters":[],"start":1668759456421,"stop":1668759456430}],"attachments":[],"parameters":[{"name":"element","value":"<button class=\"main-btn\" type=\"submit\">Готово</button>"},{"name":"time","value":"10"}],"start":1668759456420,"stop":1668759456430}],"attachments":[],"parameters":[],"start":1668759453705,"stop":1668759456430},{"name":"Заголовок соответствует полной оплате","status":"failed","statusDetails":{"known":false,"muted":false,"flaky":false,"message":"Element should have text \" Статус заказа: Полностью оплачен \" {.review__status}\r\nElement: '<div class=\"review__status\">Статус заказа: Частично оплачен</div>'\r\nActual value: text=\"Статус заказа: Частично оплачен\"\r\nScreenshot: file:/C:/tapper.cloud/build/reports/tests/1668759460443.6.png\r\nPage source: file:/C:/tapper.cloud/build/reports/tests/1668759460443.6.html\r\nTimeout: 4 s.","trace":"Element should have text \" Статус заказа: Полностью оплачен \" {.review__status}\r\nElement: '<div class=\"review__status\">Статус заказа: Частично оплачен</div>'\r\nActual value: text=\"Статус заказа: Частично оплачен\"\r\nScreenshot: file:/C:/tapper.cloud/build/reports/tests/1668759460443.6.png\r\nPage source: file:/C:/tapper.cloud/build/reports/tests/1668759460443.6.html\r\nTimeout: 4 s.\r\n\tat com.codeborne.selenide.impl.WebElementSource.checkConditionAndReturnElement(WebElementSource.java:135)\r\n\tat com.codeborne.selenide.impl.WebElementSource.checkCondition(WebElementSource.java:98)\r\n\tat com.codeborne.selenide.commands.Should.execute(Should.java:30)\r\n\tat com.codeborne.selenide.commands.Should.execute(Should.java:14)\r\n\tat com.codeborne.selenide.commands.Commands.execute(Commands.java:157)\r\n\tat com.codeborne.selenide.impl.SelenideElementProxy.dispatchAndRetry(SelenideElementProxy.java:130)\r\n\tat com.codeborne.selenide.impl.SelenideElementProxy.invoke(SelenideElementProxy.java:82)\r\n\tat jdk.proxy2/jdk.proxy2.$Proxy33.shouldHave(Unknown Source)\r\n\tat pages.ReviewPage.fullPaymentHeading(ReviewPage.java:48)\r\n\tat pages.nestedTestsManager.ReviewPageNestedTests.fullPaymentCorrect(ReviewPageNestedTests.java:31)\r\n\tat pages.nestedTestsManager.RootPageNestedTests.closeOrder(RootPageNestedTests.java:353)\r\n\tat tapper.tests.e2e._2_6_DivideCheckAndPartPayTest.closeOrder(_2_6_DivideCheckAndPartPayTest.java:122)\r\n\tat java.base/jdk.internal.reflect.NativeMethodAccessorImpl.invoke0(Native Method)\r\n\tat java.base/jdk.internal.reflect.NativeMethodAccessorImpl.invoke(NativeMethodAccessorImpl.java:78)\r\n\tat java.base/jdk.internal.reflect.DelegatingMethodAccessorImpl.invoke(DelegatingMethodAccessorImpl.java:43)\r\n\tat java.base/java.lang.reflect.Method.invoke(Method.java:567)\r\n\tat org.junit.platform.commons.util.ReflectionUtils.invokeMethod(ReflectionUtils.java:727)\r\n\tat org.junit.jupiter.engine.execution.MethodInvocation.proceed(MethodInvocation.java:60)\r\n\tat org.junit.jupiter.engine.execution.InvocationInterceptorChain$ValidatingInvocation.proceed(InvocationInterceptorChain.java:131)\r\n\tat org.junit.jupiter.engine.extension.TimeoutExtension.intercept(TimeoutExtension.java:156)\r\n\tat org.junit.jupiter.engine.extension.TimeoutExtension.interceptTestableMethod(TimeoutExtension.java:147)\r\n\tat org.junit.jupiter.engine.extension.TimeoutExtension.interceptTestMethod(TimeoutExtension.java:86)\r\n\tat org.junit.jupiter.engine.execution.InterceptingExecutableInvoker$ReflectiveInterceptorCall.lambda$ofVoidMethod$0(InterceptingExecutableInvoker.java:103)\r\n\tat org.junit.jupiter.engine.execution.InterceptingExecutableInvoker.lambda$invoke$0(InterceptingExecutableInvoker.java:93)\r\n\tat org.junit.jupiter.engine.execution.InvocationInterceptorChain$InterceptedInvocation.proceed(InvocationInterceptorChain.java:106)\r\n\tat org.junit.jupiter.engine.execution.InvocationInterceptorChain.proceed(InvocationInterceptorChain.java:64)\r\n\tat org.junit.jupiter.engine.execution.InvocationInterceptorChain.chainAndInvoke(InvocationInterceptorChain.java:45)\r\n\tat org.junit.jupiter.engine.execution.InvocationInterceptorChain.invoke(InvocationInterceptorChain.java:37)\r\n\tat org.junit.jupiter.engine.execution.InterceptingExecutableInvoker.invoke(InterceptingExecutableInvoker.java:92)\r\n\tat org.junit.jupiter.engine.execution.InterceptingExecutableInvoker.invoke(InterceptingExecutableInvoker.java:86)\r\n\tat org.junit.jupiter.engine.descriptor.TestMethodTestDescriptor.lambda$invokeTestMethod$7(TestMethodTestDescriptor.java:217)\r\n\tat org.junit.platform.engine.support.hierarchical.ThrowableCollector.execute(ThrowableCollector.java:73)\r\n\tat org.junit.jupiter.engine.descriptor.TestMethodTestDescriptor.invokeTestMethod(TestMethodTestDescriptor.java:213)\r\n\tat org.junit.jupiter.engine.descriptor.TestMethodTestDescriptor.execute(TestMethodTestDescriptor.java:138)\r\n\tat org.junit.jupiter.engine.descriptor.TestMethodTestDescriptor.execute(TestMethodTestDescriptor.java:68)\r\n\tat org.junit.platform.engine.support.hierarchical.NodeTestTask.lambda$executeRecursively$6(NodeTestTask.java:151)\r\n\tat org.junit.platform.engine.support.hierarchical.ThrowableCollector.execute(ThrowableCollector.java:73)\r\n\tat org.junit.platform.engine.support.hierarchical.NodeTestTask.lambda$executeRecursively$8(NodeTestTask.java:141)\r\n\tat org.junit.platform.engine.support.hierarchical.Node.around(Node.java:137)\r\n\tat org.junit.platform.engine.support.hierarchical.NodeTestTask.lambda$executeRecursively$9(NodeTestTask.java:139)\r\n\tat org.junit.platform.engine.support.hierarchical.ThrowableCollector.execute(ThrowableCollector.java:73)\r\n\tat org.junit.platform.engine.support.hierarchical.NodeTestTask.executeRecursively(NodeTestTask.java:138)\r\n\tat org.junit.platform.engine.support.hierarchical.NodeTestTask.execute(NodeTestTask.java:95)\r\n\tat org.junit.platform.engine.support.hierarchical.ForkJoinPoolHierarchicalTestExecutorService$ExclusiveTask.compute(ForkJoinPoolHierarchicalTestExecutorService.java:185)\r\n\tat org.junit.platform.engine.support.hierarchical.ForkJoinPoolHierarchicalTestExecutorService.executeNonConcurrentTasks(ForkJoinPoolHierarchicalTestExecutorService.java:155)\r\n\tat org.junit.platform.engine.support.hierarchical.ForkJoinPoolHierarchicalTestExecutorService.invokeAll(ForkJoinPoolHierarchicalTestExecutorService.java:135)\r\n\tat org.junit.platform.engine.support.hierarchical.NodeTestTask.lambda$executeRecursively$6(NodeTestTask.java:155)\r\n\tat org.junit.platform.engine.support.hierarchical.ThrowableCollector.execute(ThrowableCollector.java:73)\r\n\tat org.junit.platform.engine.support.hierarchical.NodeTestTask.lambda$executeRecursively$8(NodeTestTask.java:141)\r\n\tat org.junit.platform.engine.support.hierarchical.Node.around(Node.java:137)\r\n\tat org.junit.platform.engine.support.hierarchical.NodeTestTask.lambda$executeRecursively$9(NodeTestTask.java:139)\r\n\tat org.junit.platform.engine.support.hierarchical.ThrowableCollector.execute(ThrowableCollector.java:73)\r\n\tat org.junit.platform.engine.support.hierarchical.NodeTestTask.executeRecursively(NodeTestTask.java:138)\r\n\tat org.junit.platform.engine.support.hierarchical.NodeTestTask.execute(NodeTestTask.java:95)\r\n\tat org.junit.platform.engine.support.hierarchical.ForkJoinPoolHierarchicalTestExecutorService$ExclusiveTask.compute(ForkJoinPoolHierarchicalTestExecutorService.java:185)\r\n\tat org.junit.platform.engine.support.hierarchical.ForkJoinPoolHierarchicalTestExecutorService.executeNonConcurrentTasks(ForkJoinPoolHierarchicalTestExecutorService.java:155)\r\n\tat org.junit.platform.engine.support.hierarchical.ForkJoinPoolHierarchicalTestExecutorService.invokeAll(ForkJoinPoolHierarchicalTestExecutorService.java:135)\r\n\tat org.junit.platform.engine.support.hierarchical.NodeTestTask.lambda$executeRecursively$6(NodeTestTask.java:155)\r\n\tat org.junit.platform.engine.support.hierarchical.ThrowableCollector.execute(ThrowableCollector.java:73)\r\n\tat org.junit.platform.engine.support.hierarchical.NodeTestTask.lambda$executeRecursively$8(NodeTestTask.java:141)\r\n\tat org.junit.platform.engine.support.hierarchical.Node.around(Node.java:137)\r\n\tat org.junit.platform.engine.support.hierarchical.NodeTestTask.lambda$executeRecursively$9(NodeTestTask.java:139)\r\n\tat org.junit.platform.engine.support.hierarchical.ThrowableCollector.execute(ThrowableCollector.java:73)\r\n\tat org.junit.platform.engine.support.hierarchical.NodeTestTask.executeRecursively(NodeTestTask.java:138)\r\n\tat org.junit.platform.engine.support.hierarchical.NodeTestTask.execute(NodeTestTask.java:95)\r\n\tat org.junit.platform.engine.support.hierarchical.ForkJoinPoolHierarchicalTestExecutorService$ExclusiveTask.compute(ForkJoinPoolHierarchicalTestExecutorService.java:185)\r\n\tat java.base/java.util.concurrent.RecursiveAction.exec(RecursiveAction.java:194)\r\n\tat java.base/java.util.concurrent.ForkJoinTask.doExec(ForkJoinTask.java:295)\r\n\tat java.base/java.util.concurrent.ForkJoinPool$WorkQueue.topLevelExec(ForkJoinPool.java:1016)\r\n\tat java.base/java.util.concurrent.ForkJoinPool.scan(ForkJoinPool.java:1665)\r\n\tat java.base/java.util.concurrent.ForkJoinPool.runWorker(ForkJoinPool.java:1598)\r\n\tat java.base/java.util.concurrent.ForkJoinWorkerThread.run(ForkJoinWorkerThread.java:183)\r\n"},"stage":"finished","steps":[{"name":"$(\".review__status\") should have(text \" Статус заказа: Полностью оплачен \")","status":"failed","statusDetails":{"known":false,"muted":false,"flaky":false,"message":"Element should have text \" Статус заказа: Полностью оплачен \" {.review__status}\r\nElement: '<div class=\"review__status\">Статус заказа: Частично оплачен</div>'\r\nActual value: text=\"Статус заказа: Частично оплачен\"\r\nScreenshot: file:/C:/tapper.cloud/build/reports/tests/1668759460443.6.png\r\nPage source: file:/C:/tapper.cloud/build/reports/tests/1668759460443.6.html\r\nTimeout: 4 s.","trace":"Element should have text \" Статус заказа: Полностью оплачен \" {.review__status}\r\nElement: '<div class=\"review__status\">Статус заказа: Частично оплачен</div>'\r\nActual value: text=\"Статус заказа: Частично оплачен\"\r\nScreenshot: file:/C:/tapper.cloud/build/reports/tests/1668759460443.6.png\r\nPage source: file:/C:/tapper.cloud/build/reports/tests/1668759460443.6.html\r\nTimeout: 4 s.\r\n\tat com.codeborne.selenide.impl.WebElementSource.checkConditionAndReturnElement(WebElementSource.java:135)\r\n\tat com.codeborne.selenide.impl.WebElementSource.checkCondition(WebElementSource.java:98)\r\n\tat com.codeborne.selenide.commands.Should.execute(Should.java:30)\r\n\tat com.codeborne.selenide.commands.Should.execute(Should.java:14)\r\n\tat com.codeborne.selenide.commands.Commands.execute(Commands.java:157)\r\n\tat com.codeborne.selenide.impl.SelenideElementProxy.dispatchAndRetry(SelenideElementProxy.java:130)\r\n\tat com.codeborne.selenide.impl.SelenideElementProxy.invoke(SelenideElementProxy.java:82)\r\n\tat jdk.proxy2/jdk.proxy2.$Proxy33.shouldHave(Unknown Source)\r\n\tat pages.ReviewPage.fullPaymentHeading(ReviewPage.java:48)\r\n\tat pages.nestedTestsManager.ReviewPageNestedTests.fullPaymentCorrect(ReviewPageNestedTests.java:31)\r\n\tat pages.nestedTestsManager.RootPageNestedTests.closeOrder(RootPageNestedTests.java:353)\r\n\tat tapper.tests.e2e._2_6_DivideCheckAndPartPayTest.closeOrder(_2_6_DivideCheckAndPartPayTest.java:122)\r\n\tat java.base/jdk.internal.reflect.NativeMethodAccessorImpl.invoke0(Native Method)\r\n\tat java.base/jdk.internal.reflect.NativeMethodAccessorImpl.invoke(NativeMethodAccessorImpl.java:78)\r\n\tat java.base/jdk.internal.reflect.DelegatingMethodAccessorImpl.invoke(DelegatingMethodAccessorImpl.java:43)\r\n\tat java.base/java.lang.reflect.Method.invoke(Method.java:567)\r\n\tat org.junit.platform.commons.util.ReflectionUtils.invokeMethod(ReflectionUtils.java:727)\r\n\tat org.junit.jupiter.engine.execution.MethodInvocation.proceed(MethodInvocation.java:60)\r\n\tat org.junit.jupiter.engine.execution.InvocationInterceptorChain$ValidatingInvocation.proceed(InvocationInterceptorChain.java:131)\r\n\tat org.junit.jupiter.engine.extension.TimeoutExtension.intercept(TimeoutExtension.java:156)\r\n\tat org.junit.jupiter.engine.extension.TimeoutExtension.interceptTestableMethod(TimeoutExtension.java:147)\r\n\tat org.junit.jupiter.engine.extension.TimeoutExtension.interceptTestMethod(TimeoutExtension.java:86)\r\n\tat org.junit.jupiter.engine.execution.InterceptingExecutableInvoker$ReflectiveInterceptorCall.lambda$ofVoidMethod$0(InterceptingExecutableInvoker.java:103)\r\n\tat org.junit.jupiter.engine.execution.InterceptingExecutableInvoker.lambda$invoke$0(InterceptingExecutableInvoker.java:93)\r\n\tat org.junit.jupiter.engine.execution.InvocationInterceptorChain$InterceptedInvocation.proceed(InvocationInterceptorChain.java:106)\r\n\tat org.junit.jupiter.engine.execution.InvocationInterceptorChain.proceed(InvocationInterceptorChain.java:64)\r\n\tat org.junit.jupiter.engine.execution.InvocationInterceptorChain.chainAndInvoke(InvocationInterceptorChain.java:45)\r\n\tat org.junit.jupiter.engine.execution.InvocationInterceptorChain.invoke(InvocationInterceptorChain.java:37)\r\n\tat org.junit.jupiter.engine.execution.InterceptingExecutableInvoker.invoke(InterceptingExecutableInvoker.java:92)\r\n\tat org.junit.jupiter.engine.execution.InterceptingExecutableInvoker.invoke(InterceptingExecutableInvoker.java:86)\r\n\tat org.junit.jupiter.engine.descriptor.TestMethodTestDescriptor.lambda$invokeTestMethod$7(TestMethodTestDescriptor.java:217)\r\n\tat org.junit.platform.engine.support.hierarchical.ThrowableCollector.execute(ThrowableCollector.java:73)\r\n\tat org.junit.jupiter.engine.descriptor.TestMethodTestDescriptor.invokeTestMethod(TestMethodTestDescriptor.java:213)\r\n\tat org.junit.jupiter.engine.descriptor.TestMethodTestDescriptor.execute(TestMethodTestDescriptor.java:138)\r\n\tat org.junit.jupiter.engine.descriptor.TestMethodTestDescriptor.execute(TestMethodTestDescriptor.java:68)\r\n\tat org.junit.platform.engine.support.hierarchical.NodeTestTask.lambda$executeRecursively$6(NodeTestTask.java:151)\r\n\tat org.junit.platform.engine.support.hierarchical.ThrowableCollector.execute(ThrowableCollector.java:73)\r\n\tat org.junit.platform.engine.support.hierarchical.NodeTestTask.lambda$executeRecursively$8(NodeTestTask.java:141)\r\n\tat org.junit.platform.engine.support.hierarchical.Node.around(Node.java:137)\r\n\tat org.junit.platform.engine.support.hierarchical.NodeTestTask.lambda$executeRecursively$9(NodeTestTask.java:139)\r\n\tat org.junit.platform.engine.support.hierarchical.ThrowableCollector.execute(ThrowableCollector.java:73)\r\n\tat org.junit.platform.engine.support.hierarchical.NodeTestTask.executeRecursively(NodeTestTask.java:138)\r\n\tat org.junit.platform.engine.support.hierarchical.NodeTestTask.execute(NodeTestTask.java:95)\r\n\tat org.junit.platform.engine.support.hierarchical.ForkJoinPoolHierarchicalTestExecutorService$ExclusiveTask.compute(ForkJoinPoolHierarchicalTestExecutorService.java:185)\r\n\tat org.junit.platform.engine.support.hierarchical.ForkJoinPoolHierarchicalTestExecutorService.executeNonConcurrentTasks(ForkJoinPoolHierarchicalTestExecutorService.java:155)\r\n\tat org.junit.platform.engine.support.hierarchical.ForkJoinPoolHierarchicalTestExecutorService.invokeAll(ForkJoinPoolHierarchicalTestExecutorService.java:135)\r\n\tat org.junit.platform.engine.support.hierarchical.NodeTestTask.lambda$executeRecursively$6(NodeTestTask.java:155)\r\n\tat org.junit.platform.engine.support.hierarchical.ThrowableCollector.execute(ThrowableCollector.java:73)\r\n\tat org.junit.platform.engine.support.hierarchical.NodeTestTask.lambda$executeRecursively$8(NodeTestTask.java:141)\r\n\tat org.junit.platform.engine.support.hierarchical.Node.around(Node.java:137)\r\n\tat org.junit.platform.engine.support.hierarchical.NodeTestTask.lambda$executeRecursively$9(NodeTestTask.java:139)\r\n\tat org.junit.platform.engine.support.hierarchical.ThrowableCollector.execute(ThrowableCollector.java:73)\r\n\tat org.junit.platform.engine.support.hierarchical.NodeTestTask.executeRecursively(NodeTestTask.java:138)\r\n\tat org.junit.platform.engine.support.hierarchical.NodeTestTask.execute(NodeTestTask.java:95)\r\n\tat org.junit.platform.engine.support.hierarchical.ForkJoinPoolHierarchicalTestExecutorService$ExclusiveTask.compute(ForkJoinPoolHierarchicalTestExecutorService.java:185)\r\n\tat org.junit.platform.engine.support.hierarchical.ForkJoinPoolHierarchicalTestExecutorService.executeNonConcurrentTasks(ForkJoinPoolHierarchicalTestExecutorService.java:155)\r\n\tat org.junit.platform.engine.support.hierarchical.ForkJoinPoolHierarchicalTestExecutorService.invokeAll(ForkJoinPoolHierarchicalTestExecutorService.java:135)\r\n\tat org.junit.platform.engine.support.hierarchical.NodeTestTask.lambda$executeRecursively$6(NodeTestTask.java:155)\r\n\tat org.junit.platform.engine.support.hierarchical.ThrowableCollector.execute(ThrowableCollector.java:73)\r\n\tat org.junit.platform.engine.support.hierarchical.NodeTestTask.lambda$executeRecursively$8(NodeTestTask.java:141)\r\n\tat org.junit.platform.engine.support.hierarchical.Node.around(Node.java:137)\r\n\tat org.junit.platform.engine.support.hierarchical.NodeTestTask.lambda$executeRecursively$9(NodeTestTask.java:139)\r\n\tat org.junit.platform.engine.support.hierarchical.ThrowableCollector.execute(ThrowableCollector.java:73)\r\n\tat org.junit.platform.engine.support.hierarchical.NodeTestTask.executeRecursively(NodeTestTask.java:138)\r\n\tat org.junit.platform.engine.support.hierarchical.NodeTestTask.execute(NodeTestTask.java:95)\r\n\tat org.junit.platform.engine.support.hierarchical.ForkJoinPoolHierarchicalTestExecutorService$ExclusiveTask.compute(ForkJoinPoolHierarchicalTestExecutorService.java:185)\r\n\tat java.base/java.util.concurrent.RecursiveAction.exec(RecursiveAction.java:194)\r\n\tat java.base/java.util.concurrent.ForkJoinTask.doExec(ForkJoinTask.java:295)\r\n\tat java.base/java.util.concurrent.ForkJoinPool$WorkQueue.topLevelExec(ForkJoinPool.java:1016)\r\n\tat java.base/java.util.concurrent.ForkJoinPool.scan(ForkJoinPool.java:1665)\r\n\tat java.base/java.util.concurrent.ForkJoinPool.runWorker(ForkJoinPool.java:1598)\r\n\tat java.base/java.util.concurrent.ForkJoinWorkerThread.run(ForkJoinWorkerThread.java:183)\r\n"},"stage":"finished","steps":[],"attachments":[{"name":"Screenshot","source":"e62ea8e1-e406-4aba-b993-7494db241461-attachment.png","type":"image/png"}],"parameters":[],"start":1668759456430,"stop":1668759460594}],"attachments":[],"parameters":[],"start":1668759456430,"stop":1668759460594}],"attachments":[],"parameters":[],"start":1668759450252,"stop":1668759460594}],"attachments":[],"parameters":[],"start":1668759441979,"stop":1668759460594}],"attachments":[],"parameters":[],"start":1668759441978,"stop":1668759460595}