{"uuid":"c7777b75-29aa-46e0-b8d8-b0b61a080ad1","historyId":"837a43f8e19defde5ae3310d256f0566","testCaseId":"[engine:junit-jupiter]/[class:tapper.tests.e2e._2_6_DivideCheckAndPartPayTest]/[method:closeOrder()]","testCaseName":"7. Закрываем заказ, очищаем кассу","fullName":"tapper.tests.e2e._2_6_DivideCheckAndPartPayTest.closeOrder","labels":[{"name":"junit.platform.uniqueid","value":"[engine:junit-jupiter]/[class:tapper.tests.e2e._2_6_DivideCheckAndPartPayTest]/[method:closeOrder()]"},{"name":"feature","value":"keeper - частичная оплата когда разделили счёт - рандомные поз без скидки - чай+сбор - карта - отзыв"},{"name":"epic","value":"E2E - тесты (полные)"},{"name":"host","value":"WIN-UJN5UBMF8DD"},{"name":"thread","value":"17488@WIN-UJN5UBMF8DD.ForkJoinPool-1-worker-3(17)"},{"name":"framework","value":"junit-platform"},{"name":"language","value":"java"},{"name":"package","value":"tapper.tests.e2e._2_6_DivideCheckAndPartPayTest"},{"name":"testClass","value":"tapper.tests.e2e._2_6_DivideCheckAndPartPayTest"},{"name":"testMethod","value":"closeOrder"},{"name":"suite","value":"keeper - частичная оплата когда разделили счёт - рандомные поз без скидки - чай+сбор - карта - отзыв"}],"links":[],"name":"7. Закрываем заказ, очищаем кассу","status":"failed","statusDetails":{"known":false,"muted":false,"flaky":false,"message":"Element should have text \" Статус заказа: Полностью оплачен \" {.review__status}\r\nElement: '<div class=\"review__status\">Статус заказа: Частично оплачен</div>'\r\nActual value: text=\"Статус заказа: Частично оплачен\"\r\nScreenshot: file:/C:/tapper.cloud/build/reports/tests/1668758120413.2.png\r\nPage source: file:/C:/tapper.cloud/build/reports/tests/1668758120413.2.html\r\nTimeout: 4 s.","trace":"Element should have text \" Статус заказа: Полностью оплачен \" {.review__status}\r\nElement: '<div class=\"review__status\">Статус заказа: Частично оплачен</div>'\r\nActual value: text=\"Статус заказа: Частично оплачен\"\r\nScreenshot: file:/C:/tapper.cloud/build/reports/tests/1668758120413.2.png\r\nPage source: file:/C:/tapper.cloud/build/reports/tests/1668758120413.2.html\r\nTimeout: 4 s.\r\n\tat com.codeborne.selenide.impl.WebElementSource.checkConditionAndReturnElement(WebElementSource.java:135)\r\n\tat com.codeborne.selenide.impl.WebElementSource.checkCondition(WebElementSource.java:98)\r\n\tat com.codeborne.selenide.commands.Should.execute(Should.java:30)\r\n\tat com.codeborne.selenide.commands.Should.execute(Should.java:14)\r\n\tat com.codeborne.selenide.commands.Commands.execute(Commands.java:157)\r\n\tat com.codeborne.selenide.impl.SelenideElementProxy.dispatchAndRetry(SelenideElementProxy.java:130)\r\n\tat com.codeborne.selenide.impl.SelenideElementProxy.invoke(SelenideElementProxy.java:82)\r\n\tat jdk.proxy2/jdk.proxy2.$Proxy33.shouldHave(Unknown Source)\r\n\tat pages.ReviewPage.fullPaymentHeading(ReviewPage.java:48)\r\n\tat pages.nestedTestsManager.ReviewPageNestedTests.fullPaymentCorrect(ReviewPageNestedTests.java:31)\r\n\tat pages.nestedTestsManager.RootPageNestedTests.closeOrder(RootPageNestedTests.java:353)\r\n\tat tapper.tests.e2e._2_6_DivideCheckAndPartPayTest.closeOrder(_2_6_DivideCheckAndPartPayTest.java:111)\r\n\tat java.base/jdk.internal.reflect.NativeMethodAccessorImpl.invoke0(Native Method)\r\n\tat java.base/jdk.internal.reflect.NativeMethodAccessorImpl.invoke(NativeMethodAccessorImpl.java:78)\r\n\tat java.base/jdk.internal.reflect.DelegatingMethodAccessorImpl.invoke(DelegatingMethodAccessorImpl.java:43)\r\n\tat java.base/java.lang.reflect.Method.invoke(Method.java:567)\r\n\tat org.junit.platform.commons.util.ReflectionUtils.invokeMethod(ReflectionUtils.java:727)\r\n\tat org.junit.jupiter.engine.execution.MethodInvocation.proceed(MethodInvocation.java:60)\r\n\tat org.junit.jupiter.engine.execution.InvocationInterceptorChain$ValidatingInvocation.proceed(InvocationInterceptorChain.java:131)\r\n\tat org.junit.jupiter.engine.extension.TimeoutExtension.intercept(TimeoutExtension.java:156)\r\n\tat org.junit.jupiter.engine.extension.TimeoutExtension.interceptTestableMethod(TimeoutExtension.java:147)\r\n\tat org.junit.jupiter.engine.extension.TimeoutExtension.interceptTestMethod(TimeoutExtension.java:86)\r\n\tat org.junit.jupiter.engine.execution.InterceptingExecutableInvoker$ReflectiveInterceptorCall.lambda$ofVoidMethod$0(InterceptingExecutableInvoker.java:103)\r\n\tat org.junit.jupiter.engine.execution.InterceptingExecutableInvoker.lambda$invoke$0(InterceptingExecutableInvoker.java:93)\r\n\tat org.junit.jupiter.engine.execution.InvocationInterceptorChain$InterceptedInvocation.proceed(InvocationInterceptorChain.java:106)\r\n\tat org.junit.jupiter.engine.execution.InvocationInterceptorChain.proceed(InvocationInterceptorChain.java:64)\r\n\tat org.junit.jupiter.engine.execution.InvocationInterceptorChain.chainAndInvoke(InvocationInterceptorChain.java:45)\r\n\tat org.junit.jupiter.engine.execution.InvocationInterceptorChain.invoke(InvocationInterceptorChain.java:37)\r\n\tat org.junit.jupiter.engine.execution.InterceptingExecutableInvoker.invoke(InterceptingExecutableInvoker.java:92)\r\n\tat org.junit.jupiter.engine.execution.InterceptingExecutableInvoker.invoke(InterceptingExecutableInvoker.java:86)\r\n\tat org.junit.jupiter.engine.descriptor.TestMethodTestDescriptor.lambda$invokeTestMethod$7(TestMethodTestDescriptor.java:217)\r\n\tat org.junit.platform.engine.support.hierarchical.ThrowableCollector.execute(ThrowableCollector.java:73)\r\n\tat org.junit.jupiter.engine.descriptor.TestMethodTestDescriptor.invokeTestMethod(TestMethodTestDescriptor.java:213)\r\n\tat org.junit.jupiter.engine.descriptor.TestMethodTestDescriptor.execute(TestMethodTestDescriptor.java:138)\r\n\tat org.junit.jupiter.engine.descriptor.TestMethodTestDescriptor.execute(TestMethodTestDescriptor.java:68)\r\n\tat org.junit.platform.engine.support.hierarchical.NodeTestTask.lambda$executeRecursively$6(NodeTestTask.java:151)\r\n\tat org.junit.platform.engine.support.hierarchical.ThrowableCollector.execute(ThrowableCollector.java:73)\r\n\tat org.junit.platform.engine.support.hierarchical.NodeTestTask.lambda$executeRecursively$8(NodeTestTask.java:141)\r\n\tat org.junit.platform.engine.support.hierarchical.Node.around(Node.java:137)\r\n\tat org.junit.platform.engine.support.hierarchical.NodeTestTask.lambda$executeRecursively$9(NodeTestTask.java:139)\r\n\tat org.junit.platform.engine.support.hierarchical.ThrowableCollector.execute(ThrowableCollector.java:73)\r\n\tat org.junit.platform.engine.support.hierarchical.NodeTestTask.executeRecursively(NodeTestTask.java:138)\r\n\tat org.junit.platform.engine.support.hierarchical.NodeTestTask.execute(NodeTestTask.java:95)\r\n\tat org.junit.platform.engine.support.hierarchical.ForkJoinPoolHierarchicalTestExecutorService$ExclusiveTask.compute(ForkJoinPoolHierarchicalTestExecutorService.java:185)\r\n\tat org.junit.platform.engine.support.hierarchical.ForkJoinPoolHierarchicalTestExecutorService.executeNonConcurrentTasks(ForkJoinPoolHierarchicalTestExecutorService.java:155)\r\n\tat org.junit.platform.engine.support.hierarchical.ForkJoinPoolHierarchicalTestExecutorService.invokeAll(ForkJoinPoolHierarchicalTestExecutorService.java:135)\r\n\tat org.junit.platform.engine.support.hierarchical.NodeTestTask.lambda$executeRecursively$6(NodeTestTask.java:155)\r\n\tat org.junit.platform.engine.support.hierarchical.ThrowableCollector.execute(ThrowableCollector.java:73)\r\n\tat org.junit.platform.engine.support.hierarchical.NodeTestTask.lambda$executeRecursively$8(NodeTestTask.java:141)\r\n\tat org.junit.platform.engine.support.hierarchical.Node.around(Node.java:137)\r\n\tat org.junit.platform.engine.support.hierarchical.NodeTestTask.lambda$executeRecursively$9(NodeTestTask.java:139)\r\n\tat org.junit.platform.engine.support.hierarchical.ThrowableCollector.execute(ThrowableCollector.java:73)\r\n\tat org.junit.platform.engine.support.hierarchical.NodeTestTask.executeRecursively(NodeTestTask.java:138)\r\n\tat org.junit.platform.engine.support.hierarchical.NodeTestTask.execute(NodeTestTask.java:95)\r\n\tat org.junit.platform.engine.support.hierarchical.ForkJoinPoolHierarchicalTestExecutorService$ExclusiveTask.compute(ForkJoinPoolHierarchicalTestExecutorService.java:185)\r\n\tat org.junit.platform.engine.support.hierarchical.ForkJoinPoolHierarchicalTestExecutorService.invokeAll(ForkJoinPoolHierarchicalTestExecutorService.java:129)\r\n\tat org.junit.platform.engine.support.hierarchical.NodeTestTask.lambda$executeRecursively$6(NodeTestTask.java:155)\r\n\tat org.junit.platform.engine.support.hierarchical.ThrowableCollector.execute(ThrowableCollector.java:73)\r\n\tat org.junit.platform.engine.support.hierarchical.NodeTestTask.lambda$executeRecursively$8(NodeTestTask.java:141)\r\n\tat org.junit.platform.engine.support.hierarchical.Node.around(Node.java:137)\r\n\tat org.junit.platform.engine.support.hierarchical.NodeTestTask.lambda$executeRecursively$9(NodeTestTask.java:139)\r\n\tat org.junit.platform.engine.support.hierarchical.ThrowableCollector.execute(ThrowableCollector.java:73)\r\n\tat org.junit.platform.engine.support.hierarchical.NodeTestTask.executeRecursively(NodeTestTask.java:138)\r\n\tat org.junit.platform.engine.support.hierarchical.NodeTestTask.execute(NodeTestTask.java:95)\r\n\tat org.junit.platform.engine.support.hierarchical.ForkJoinPoolHierarchicalTestExecutorService$ExclusiveTask.compute(ForkJoinPoolHierarchicalTestExecutorService.java:185)\r\n\tat java.base/java.util.concurrent.RecursiveAction.exec(RecursiveAction.java:194)\r\n\tat java.base/java.util.concurrent.ForkJoinTask.doExec(ForkJoinTask.java:295)\r\n\tat java.base/java.util.concurrent.ForkJoinPool$WorkQueue.topLevelExec(ForkJoinPool.java:1016)\r\n\tat java.base/java.util.concurrent.ForkJoinPool.scan(ForkJoinPool.java:1665)\r\n\tat java.base/java.util.concurrent.ForkJoinPool.runWorker(ForkJoinPool.java:1598)\r\n\tat java.base/java.util.concurrent.ForkJoinWorkerThread.run(ForkJoinWorkerThread.java:183)\r\n"},"stage":"finished","description":"","steps":[{"name":"Закрываем заказ полностью","status":"failed","statusDetails":{"known":false,"muted":false,"flaky":false,"message":"Element should have text \" Статус заказа: Полностью оплачен \" {.review__status}\r\nElement: '<div class=\"review__status\">Статус заказа: Частично оплачен</div>'\r\nActual value: text=\"Статус заказа: Частично оплачен\"\r\nScreenshot: file:/C:/tapper.cloud/build/reports/tests/1668758120413.2.png\r\nPage source: file:/C:/tapper.cloud/build/reports/tests/1668758120413.2.html\r\nTimeout: 4 s.","trace":"Element should have text \" Статус заказа: Полностью оплачен \" {.review__status}\r\nElement: '<div class=\"review__status\">Статус заказа: Частично оплачен</div>'\r\nActual value: text=\"Статус заказа: Частично оплачен\"\r\nScreenshot: file:/C:/tapper.cloud/build/reports/tests/1668758120413.2.png\r\nPage source: file:/C:/tapper.cloud/build/reports/tests/1668758120413.2.html\r\nTimeout: 4 s.\r\n\tat com.codeborne.selenide.impl.WebElementSource.checkConditionAndReturnElement(WebElementSource.java:135)\r\n\tat com.codeborne.selenide.impl.WebElementSource.checkCondition(WebElementSource.java:98)\r\n\tat com.codeborne.selenide.commands.Should.execute(Should.java:30)\r\n\tat com.codeborne.selenide.commands.Should.execute(Should.java:14)\r\n\tat com.codeborne.selenide.commands.Commands.execute(Commands.java:157)\r\n\tat com.codeborne.selenide.impl.SelenideElementProxy.dispatchAndRetry(SelenideElementProxy.java:130)\r\n\tat com.codeborne.selenide.impl.SelenideElementProxy.invoke(SelenideElementProxy.java:82)\r\n\tat jdk.proxy2/jdk.proxy2.$Proxy33.shouldHave(Unknown Source)\r\n\tat pages.ReviewPage.fullPaymentHeading(ReviewPage.java:48)\r\n\tat pages.nestedTestsManager.ReviewPageNestedTests.fullPaymentCorrect(ReviewPageNestedTests.java:31)\r\n\tat pages.nestedTestsManager.RootPageNestedTests.closeOrder(RootPageNestedTests.java:353)\r\n\tat tapper.tests.e2e._2_6_DivideCheckAndPartPayTest.closeOrder(_2_6_DivideCheckAndPartPayTest.java:111)\r\n\tat java.base/jdk.internal.reflect.NativeMethodAccessorImpl.invoke0(Native Method)\r\n\tat java.base/jdk.internal.reflect.NativeMethodAccessorImpl.invoke(NativeMethodAccessorImpl.java:78)\r\n\tat java.base/jdk.internal.reflect.DelegatingMethodAccessorImpl.invoke(DelegatingMethodAccessorImpl.java:43)\r\n\tat java.base/java.lang.reflect.Method.invoke(Method.java:567)\r\n\tat org.junit.platform.commons.util.ReflectionUtils.invokeMethod(ReflectionUtils.java:727)\r\n\tat org.junit.jupiter.engine.execution.MethodInvocation.proceed(MethodInvocation.java:60)\r\n\tat org.junit.jupiter.engine.execution.InvocationInterceptorChain$ValidatingInvocation.proceed(InvocationInterceptorChain.java:131)\r\n\tat org.junit.jupiter.engine.extension.TimeoutExtension.intercept(TimeoutExtension.java:156)\r\n\tat org.junit.jupiter.engine.extension.TimeoutExtension.interceptTestableMethod(TimeoutExtension.java:147)\r\n\tat org.junit.jupiter.engine.extension.TimeoutExtension.interceptTestMethod(TimeoutExtension.java:86)\r\n\tat org.junit.jupiter.engine.execution.InterceptingExecutableInvoker$ReflectiveInterceptorCall.lambda$ofVoidMethod$0(InterceptingExecutableInvoker.java:103)\r\n\tat org.junit.jupiter.engine.execution.InterceptingExecutableInvoker.lambda$invoke$0(InterceptingExecutableInvoker.java:93)\r\n\tat org.junit.jupiter.engine.execution.InvocationInterceptorChain$InterceptedInvocation.proceed(InvocationInterceptorChain.java:106)\r\n\tat org.junit.jupiter.engine.execution.InvocationInterceptorChain.proceed(InvocationInterceptorChain.java:64)\r\n\tat org.junit.jupiter.engine.execution.InvocationInterceptorChain.chainAndInvoke(InvocationInterceptorChain.java:45)\r\n\tat org.junit.jupiter.engine.execution.InvocationInterceptorChain.invoke(InvocationInterceptorChain.java:37)\r\n\tat org.junit.jupiter.engine.execution.InterceptingExecutableInvoker.invoke(InterceptingExecutableInvoker.java:92)\r\n\tat org.junit.jupiter.engine.execution.InterceptingExecutableInvoker.invoke(InterceptingExecutableInvoker.java:86)\r\n\tat org.junit.jupiter.engine.descriptor.TestMethodTestDescriptor.lambda$invokeTestMethod$7(TestMethodTestDescriptor.java:217)\r\n\tat org.junit.platform.engine.support.hierarchical.ThrowableCollector.execute(ThrowableCollector.java:73)\r\n\tat org.junit.jupiter.engine.descriptor.TestMethodTestDescriptor.invokeTestMethod(TestMethodTestDescriptor.java:213)\r\n\tat org.junit.jupiter.engine.descriptor.TestMethodTestDescriptor.execute(TestMethodTestDescriptor.java:138)\r\n\tat org.junit.jupiter.engine.descriptor.TestMethodTestDescriptor.execute(TestMethodTestDescriptor.java:68)\r\n\tat org.junit.platform.engine.support.hierarchical.NodeTestTask.lambda$executeRecursively$6(NodeTestTask.java:151)\r\n\tat org.junit.platform.engine.support.hierarchical.ThrowableCollector.execute(ThrowableCollector.java:73)\r\n\tat org.junit.platform.engine.support.hierarchical.NodeTestTask.lambda$executeRecursively$8(NodeTestTask.java:141)\r\n\tat org.junit.platform.engine.support.hierarchical.Node.around(Node.java:137)\r\n\tat org.junit.platform.engine.support.hierarchical.NodeTestTask.lambda$executeRecursively$9(NodeTestTask.java:139)\r\n\tat org.junit.platform.engine.support.hierarchical.ThrowableCollector.execute(ThrowableCollector.java:73)\r\n\tat org.junit.platform.engine.support.hierarchical.NodeTestTask.executeRecursively(NodeTestTask.java:138)\r\n\tat org.junit.platform.engine.support.hierarchical.NodeTestTask.execute(NodeTestTask.java:95)\r\n\tat org.junit.platform.engine.support.hierarchical.ForkJoinPoolHierarchicalTestExecutorService$ExclusiveTask.compute(ForkJoinPoolHierarchicalTestExecutorService.java:185)\r\n\tat org.junit.platform.engine.support.hierarchical.ForkJoinPoolHierarchicalTestExecutorService.executeNonConcurrentTasks(ForkJoinPoolHierarchicalTestExecutorService.java:155)\r\n\tat org.junit.platform.engine.support.hierarchical.ForkJoinPoolHierarchicalTestExecutorService.invokeAll(ForkJoinPoolHierarchicalTestExecutorService.java:135)\r\n\tat org.junit.platform.engine.support.hierarchical.NodeTestTask.lambda$executeRecursively$6(NodeTestTask.java:155)\r\n\tat org.junit.platform.engine.support.hierarchical.ThrowableCollector.execute(ThrowableCollector.java:73)\r\n\tat org.junit.platform.engine.support.hierarchical.NodeTestTask.lambda$executeRecursively$8(NodeTestTask.java:141)\r\n\tat org.junit.platform.engine.support.hierarchical.Node.around(Node.java:137)\r\n\tat org.junit.platform.engine.support.hierarchical.NodeTestTask.lambda$executeRecursively$9(NodeTestTask.java:139)\r\n\tat org.junit.platform.engine.support.hierarchical.ThrowableCollector.execute(ThrowableCollector.java:73)\r\n\tat org.junit.platform.engine.support.hierarchical.NodeTestTask.executeRecursively(NodeTestTask.java:138)\r\n\tat org.junit.platform.engine.support.hierarchical.NodeTestTask.execute(NodeTestTask.java:95)\r\n\tat org.junit.platform.engine.support.hierarchical.ForkJoinPoolHierarchicalTestExecutorService$ExclusiveTask.compute(ForkJoinPoolHierarchicalTestExecutorService.java:185)\r\n\tat org.junit.platform.engine.support.hierarchical.ForkJoinPoolHierarchicalTestExecutorService.invokeAll(ForkJoinPoolHierarchicalTestExecutorService.java:129)\r\n\tat org.junit.platform.engine.support.hierarchical.NodeTestTask.lambda$executeRecursively$6(NodeTestTask.java:155)\r\n\tat org.junit.platform.engine.support.hierarchical.ThrowableCollector.execute(ThrowableCollector.java:73)\r\n\tat org.junit.platform.engine.support.hierarchical.NodeTestTask.lambda$executeRecursively$8(NodeTestTask.java:141)\r\n\tat org.junit.platform.engine.support.hierarchical.Node.around(Node.java:137)\r\n\tat org.junit.platform.engine.support.hierarchical.NodeTestTask.lambda$executeRecursively$9(NodeTestTask.java:139)\r\n\tat org.junit.platform.engine.support.hierarchical.ThrowableCollector.execute(ThrowableCollector.java:73)\r\n\tat org.junit.platform.engine.support.hierarchical.NodeTestTask.executeRecursively(NodeTestTask.java:138)\r\n\tat org.junit.platform.engine.support.hierarchical.NodeTestTask.execute(NodeTestTask.java:95)\r\n\tat org.junit.platform.engine.support.hierarchical.ForkJoinPoolHierarchicalTestExecutorService$ExclusiveTask.compute(ForkJoinPoolHierarchicalTestExecutorService.java:185)\r\n\tat java.base/java.util.concurrent.RecursiveAction.exec(RecursiveAction.java:194)\r\n\tat java.base/java.util.concurrent.ForkJoinTask.doExec(ForkJoinTask.java:295)\r\n\tat java.base/java.util.concurrent.ForkJoinPool$WorkQueue.topLevelExec(ForkJoinPool.java:1016)\r\n\tat java.base/java.util.concurrent.ForkJoinPool.scan(ForkJoinPool.java:1665)\r\n\tat java.base/java.util.concurrent.ForkJoinPool.runWorker(ForkJoinPool.java:1598)\r\n\tat java.base/java.util.concurrent.ForkJoinWorkerThread.run(ForkJoinWorkerThread.java:183)\r\n"},"stage":"finished","steps":[{"name":"Сохранение общей суммы в таппере для передачи в другой тест","status":"passed","stage":"finished","steps":[{"name":"Преобразовываем\\вырезаем текст из селектора в дабл","status":"passed","stage":"finished","steps":[{"name":"$(\".check__totalPay-heading+span\") get text()","status":"passed","stage":"finished","steps":[],"attachments":[],"parameters":[],"start":1668758101895,"stop":1668758101909}],"attachments":[],"parameters":[{"name":"selector","value":"<span data-v-03687ea8>157.33 ₽</span>"},{"name":"regex","value":"\\s₽"}],"start":1668758101895,"stop":1668758101909}],"attachments":[],"parameters":[],"start":1668758101868,"stop":1668758101909},{"name":"Клик в оплату, появление лоадера и проверка что мы на эквайринге","status":"passed","stage":"finished","steps":[{"name":"Клик по кнопке оплаты","status":"passed","stage":"finished","steps":[{"name":"Плавный скрол до самого низа страницы","status":"passed","stage":"finished","steps":[],"attachments":[],"parameters":[],"start":1668758101909,"stop":1668758102920},{"name":"Кнопка видна и клик по ней","status":"passed","stage":"finished","steps":[{"name":"$(\"button.payment-btn.main-btn\") should be(visible)","status":"passed","stage":"finished","steps":[],"attachments":[],"parameters":[],"start":1668758102957,"stop":1668758102968},{"name":"$(\"button.payment-btn.main-btn\") click()","status":"passed","stage":"finished","steps":[],"attachments":[],"parameters":[],"start":1668758102968,"stop":1668758103007}],"attachments":[],"parameters":[{"name":"element","value":"<button class=\"payment-btn main-btn\" type=\"submit\">Оплатить</button>"}],"start":1668758102957,"stop":1668758103007},{"name":"$(\".vAuthentication.active\") should not be([exist, 1 s.])","status":"passed","stage":"finished","steps":[],"attachments":[],"parameters":[],"start":1668758103007,"stop":1668758103015}],"attachments":[],"parameters":[],"start":1668758101909,"stop":1668758103015},{"name":"Отображается лоадер на странице","status":"passed","stage":"finished","steps":[{"name":"Элемент присутствует на странице в ходе длительной загрузки (6сек.)","status":"passed","stage":"finished","steps":[{"name":"$(\".vLightPreloader\") should be([visible, 6 s.])","status":"passed","stage":"finished","steps":[],"attachments":[],"parameters":[],"start":1668758103057,"stop":1668758103069}],"attachments":[],"parameters":[{"name":"element","value":"<div class=\"vLightPreloader\"></div>"},{"name":"time","value":"6"}],"start":1668758103057,"stop":1668758103069}],"attachments":[],"parameters":[],"start":1668758103015,"stop":1668758103069},{"name":"Проверка попапа ВПН и что форма оплаты появилась","status":"passed","stage":"finished","steps":[{"name":"Элемент присутствует на странице в ходе длительной загрузки (10сек.)","status":"passed","stage":"finished","steps":[{"name":"$(\"div.container\") should be([visible, 10 s.])","status":"passed","stage":"finished","steps":[],"attachments":[],"parameters":[],"start":1668758103077,"stop":1668758104872}],"attachments":[],"parameters":[{"name":"element","value":"NoSuchElementException: no such element: Unable to locate element: {\"method\":\"css selector\",\"selector\":\"div.container\"}"},{"name":"time","value":"10"}],"start":1668758103077,"stop":1668758104872},{"name":"Проверка попапа ВПН","status":"passed","stage":"finished","steps":[{"name":"$(\".pin\") should have([css value display=flex, 10 s.])","status":"passed","stage":"finished","steps":[],"attachments":[],"parameters":[],"start":1668758104872,"stop":1668758104884}],"attachments":[],"parameters":[],"start":1668758104872,"stop":1668758104884}],"attachments":[],"parameters":[],"start":1668758103069,"stop":1668758104884},{"name":"Проверка что мы находимся на странице эквайринга","status":"passed","stage":"finished","steps":[{"name":"Проверка что текст https://test.best2pay.net/ содержится в текущем URL","status":"passed","stage":"finished","steps":[],"attachments":[],"parameters":[{"name":"text","value":"https://test.best2pay.net/"}],"start":1668758104884,"stop":1668758104887}],"attachments":[],"parameters":[],"start":1668758104884,"stop":1668758104887}],"attachments":[],"parameters":[],"start":1668758101909,"stop":1668758104887},{"name":"Проверка общей суммы, способов оплаты, ввод данных","status":"passed","stage":"finished","steps":[{"name":"Проверка что сумма 'Итого к оплате' в таппере сходится с суммой в эквайринге","status":"passed","stage":"finished","steps":[{"name":"Преобразовываем\\вырезаем текст из селектора в дабл","status":"passed","stage":"finished","steps":[{"name":"$(\"#totalAmountValue\") get text()","status":"passed","stage":"finished","steps":[],"attachments":[],"parameters":[],"start":1668758104926,"stop":1668758104939}],"attachments":[],"parameters":[{"name":"selector","value":"<div class=\"form__amount-value\" id=\"totalAmountValue\">157.33</div>"},{"name":"regex","value":"\\s"}],"start":1668758104926,"stop":1668758104939}],"attachments":[],"parameters":[{"name":"totalPayTapper","value":"157.33"}],"start":1668758104887,"stop":1668758104939},{"name":"Проверка что доступны 3 способа оплаты","status":"passed","stage":"finished","steps":[{"name":"Элемент присутствует на странице","status":"passed","stage":"finished","steps":[{"name":"$(\"#paymentTypeCard\") should be(visible)","status":"passed","stage":"finished","steps":[],"attachments":[],"parameters":[],"start":1668758104977,"stop":1668758104988}],"attachments":[],"parameters":[{"name":"element","value":"<button class=\"payment-method__button payment-method__button--card button__active\" id=\"paymentTypeCard\" tabindex=\"0\" type=\"button\">Банковская карта</button>"}],"start":1668758104977,"stop":1668758104988},{"name":"Элемент присутствует на странице","status":"passed","stage":"finished","steps":[{"name":"$(\".yandexpay.payment-method__button\") should be(visible)","status":"passed","stage":"finished","steps":[],"attachments":[],"parameters":[],"start":1668758105025,"stop":1668758105036}],"attachments":[],"parameters":[{"name":"element","value":"<div class=\"yandexpay payment-method__button payment-method__button--yandexpay white\"></div>"}],"start":1668758105025,"stop":1668758105036},{"name":"Элемент присутствует на странице","status":"passed","stage":"finished","steps":[{"name":"$(\"#sbpButton\") should be(visible)","status":"passed","stage":"finished","steps":[],"attachments":[],"parameters":[],"start":1668758105072,"stop":1668758105084}],"attachments":[],"parameters":[{"name":"element","value":"<button class=\"payment-method__button payment-method__button--sbp\" id=\"sbpButton\" type=\"button\"></button>"}],"start":1668758105072,"stop":1668758105084}],"attachments":[],"parameters":[],"start":1668758104939,"stop":1668758105084},{"name":"Ввод номера карты","status":"passed","stage":"finished","steps":[{"name":"Ввод данных 4809388886227309 с задержкой","status":"passed","stage":"finished","steps":[{"name":"$(\".input.input--pan input\") send keys(4)","status":"passed","stage":"finished","steps":[],"attachments":[],"parameters":[],"start":1668758105157,"stop":1668758105197},{"name":"$(\".input.input--pan input\") send keys(8)","status":"passed","stage":"finished","steps":[],"attachments":[],"parameters":[],"start":1668758105222,"stop":1668758105239},{"name":"$(\".input.input--pan input\") send keys(0)","status":"passed","stage":"finished","steps":[],"attachments":[],"parameters":[],"start":1668758105319,"stop":1668758105336},{"name":"$(\".input.input--pan input\") send keys(9)","status":"passed","stage":"finished","steps":[],"attachments":[],"parameters":[],"start":1668758105397,"stop":1668758105416},{"name":"$(\".input.input--pan input\") send keys(3)","status":"passed","stage":"finished","steps":[],"attachments":[],"parameters":[],"start":1668758105482,"stop":1668758105500},{"name":"$(\".input.input--pan input\") send keys(8)","status":"passed","stage":"finished","steps":[],"attachments":[],"parameters":[],"start":1668758105596,"stop":1668758105611},{"name":"$(\".input.input--pan input\") send keys(8)","status":"passed","stage":"finished","steps":[],"attachments":[],"parameters":[],"start":1668758105671,"stop":1668758105687},{"name":"$(\".input.input--pan input\") send keys(8)","status":"passed","stage":"finished","steps":[],"attachments":[],"parameters":[],"start":1668758105761,"stop":1668758105778},{"name":"$(\".input.input--pan input\") send keys(8)","status":"passed","stage":"finished","steps":[],"attachments":[],"parameters":[],"start":1668758105808,"stop":1668758105825},{"name":"$(\".input.input--pan input\") send keys(6)","status":"passed","stage":"finished","steps":[],"attachments":[],"parameters":[],"start":1668758105879,"stop":1668758105896},{"name":"$(\".input.input--pan input\") send keys(2)","status":"passed","stage":"finished","steps":[],"attachments":[],"parameters":[],"start":1668758105956,"stop":1668758105973},{"name":"$(\".input.input--pan input\") send keys(2)","status":"passed","stage":"finished","steps":[],"attachments":[],"parameters":[],"start":1668758106025,"stop":1668758106041},{"name":"$(\".input.input--pan input\") send keys(7)","status":"passed","stage":"finished","steps":[],"attachments":[],"parameters":[],"start":1668758106057,"stop":1668758106072},{"name":"$(\".input.input--pan input\") send keys(3)","status":"passed","stage":"finished","steps":[],"attachments":[],"parameters":[],"start":1668758106151,"stop":1668758106167},{"name":"$(\".input.input--pan input\") send keys(0)","status":"passed","stage":"finished","steps":[],"attachments":[],"parameters":[],"start":1668758106233,"stop":1668758106249},{"name":"$(\".input.input--pan input\") send keys(9)","status":"passed","stage":"finished","steps":[],"attachments":[],"parameters":[],"start":1668758106283,"stop":1668758106305}],"attachments":[],"parameters":[{"name":"element","value":"<input autocomplete=\"cc-number\" class=\"input__field input__field--pan\" id=\"pan\" maxlength=\"23\" name=\"pan\" placeholder=\"_\" tabindex=\"1\" type=\"tel\" value></input>"},{"name":"text","value":"4809388886227309"}],"start":1668758105122,"stop":1668758106305}],"attachments":[],"parameters":[],"start":1668758105084,"stop":1668758106305},{"name":"Ввод даты истечения карты","status":"passed","stage":"finished","steps":[{"name":"Ввод данных 12 с задержкой","status":"passed","stage":"finished","steps":[{"name":"$(\".input.input--date .input__field--date\") send keys(1)","status":"passed","stage":"finished","steps":[],"attachments":[],"parameters":[],"start":1668758106412,"stop":1668758106434},{"name":"$(\".input.input--date .input__field--date\") send keys(2)","status":"passed","stage":"finished","steps":[],"attachments":[],"parameters":[],"start":1668758106484,"stop":1668758106500}],"attachments":[],"parameters":[{"name":"element","value":"<input aria-required=\"true\" autocomplete=\"cc-exp\" class=\"input__field input__field--date\" clear-name=\"true\" id=\"cardDate\" maxlength=\"9\" name=\"date\" placeholder=\"_\" required tabindex=\"2\" type=\"tel\" value></input>"},{"name":"text","value":"12"}],"start":1668758106343,"stop":1668758106500},{"name":"Ввод данных 24 с задержкой","status":"passed","stage":"finished","steps":[{"name":"$(\".input.input--date .input__field--date\") send keys(2)","status":"passed","stage":"finished","steps":[],"attachments":[],"parameters":[],"start":1668758106548,"stop":1668758106564},{"name":"$(\".input.input--date .input__field--date\") send keys(4)","status":"passed","stage":"finished","steps":[],"attachments":[],"parameters":[],"start":1668758106599,"stop":1668758106618}],"attachments":[],"parameters":[{"name":"element","value":"<input aria-required=\"true\" autocomplete=\"cc-exp\" class=\"input__field input__field--date\" clear-name=\"true\" id=\"cardDate\" maxlength=\"9\" name=\"date\" placeholder=\"_\" required tabindex=\"2\" type=\"tel\" value=\"12 / \"></input>"},{"name":"text","value":"24"}],"start":1668758106526,"stop":1668758106618}],"attachments":[],"parameters":[],"start":1668758106305,"stop":1668758106618},{"name":"Ввод CVV","status":"passed","stage":"finished","steps":[{"name":"Ввод данных 123 с задержкой","status":"passed","stage":"finished","steps":[{"name":"$(\".input--cvv .input__field--cvv\") send keys(1)","status":"passed","stage":"finished","steps":[],"attachments":[],"parameters":[],"start":1668758106691,"stop":1668758106712},{"name":"$(\".input--cvv .input__field--cvv\") send keys(2)","status":"passed","stage":"finished","steps":[],"attachments":[],"parameters":[],"start":1668758106769,"stop":1668758106786},{"name":"$(\".input--cvv .input__field--cvv\") send keys(3)","status":"passed","stage":"finished","steps":[],"attachments":[],"parameters":[],"start":1668758106831,"stop":1668758106847}],"attachments":[],"parameters":[{"name":"element","value":"<input aria-required=\"true\" autocomplete=\"cc-csc\" class=\"input__field input__field--cvv\" id=\"cvc\" maxlength=\"3\" name=\"cvc\" placeholder=\"_\" required tabindex=\"3\" type=\"tel\"></input>"},{"name":"text","value":"123"}],"start":1668758106660,"stop":1668758106847}],"attachments":[],"parameters":[],"start":1668758106618,"stop":1668758106847},{"name":"Клик по кнопке отправить по email и ввод почты","status":"passed","stage":"finished","steps":[{"name":"Кнопка видна и клик по ней","status":"passed","stage":"finished","steps":[{"name":"$(\"#cardEmail+.checkbox__body\") should be(visible)","status":"passed","stage":"finished","steps":[],"attachments":[],"parameters":[],"start":1668758106883,"stop":1668758106895},{"name":"$(\"#cardEmail+.checkbox__body\") click()","status":"passed","stage":"finished","steps":[],"attachments":[],"parameters":[],"start":1668758106896,"stop":1668758106930}],"attachments":[],"parameters":[{"name":"element","value":"<span class=\"checkbox__body\"></span>"}],"start":1668758106883,"stop":1668758106930},{"name":"Элемент присутствует на странице","status":"passed","stage":"finished","steps":[{"name":"$(\"#email\") should be(visible)","status":"passed","stage":"finished","steps":[],"attachments":[],"parameters":[],"start":1668758106968,"stop":1668758106979}],"attachments":[],"parameters":[{"name":"element","value":"<input class=\"input__field input__field--email\" id=\"email\" inputmode=\"email\" name=\"email\" placeholder=\" \" required=\"required\" tabindex=\"4\" type=\"text\"></input>"}],"start":1668758106968,"stop":1668758106979},{"name":"Ввод данных autotests@tapper.cloud с задержкой","status":"passed","stage":"finished","steps":[{"name":"$(\"#email\") send keys(a)","status":"passed","stage":"finished","steps":[],"attachments":[],"parameters":[],"start":1668758107074,"stop":1668758107111},{"name":"$(\"#email\") send keys(u)","status":"passed","stage":"finished","steps":[],"attachments":[],"parameters":[],"start":1668758107161,"stop":1668758107177},{"name":"$(\"#email\") send keys(t)","status":"passed","stage":"finished","steps":[],"attachments":[],"parameters":[],"start":1668758107240,"stop":1668758107256},{"name":"$(\"#email\") send keys(o)","status":"passed","stage":"finished","steps":[],"attachments":[],"parameters":[],"start":1668758107304,"stop":1668758107321},{"name":"$(\"#email\") send keys(t)","status":"passed","stage":"finished","steps":[],"attachments":[],"parameters":[],"start":1668758107346,"stop":1668758107363},{"name":"$(\"#email\") send keys(e)","status":"passed","stage":"finished","steps":[],"attachments":[],"parameters":[],"start":1668758107403,"stop":1668758107420},{"name":"$(\"#email\") send keys(s)","status":"passed","stage":"finished","steps":[],"attachments":[],"parameters":[],"start":1668758107477,"stop":1668758107493},{"name":"$(\"#email\") send keys(t)","status":"passed","stage":"finished","steps":[],"attachments":[],"parameters":[],"start":1668758107540,"stop":1668758107556},{"name":"$(\"#email\") send keys(s)","status":"passed","stage":"finished","steps":[],"attachments":[],"parameters":[],"start":1668758107606,"stop":1668758107622},{"name":"$(\"#email\") send keys(@)","status":"passed","stage":"finished","steps":[],"attachments":[],"parameters":[],"start":1668758107683,"stop":1668758107700},{"name":"$(\"#email\") send keys(t)","status":"passed","stage":"finished","steps":[],"attachments":[],"parameters":[],"start":1668758107749,"stop":1668758107765},{"name":"$(\"#email\") send keys(a)","status":"passed","stage":"finished","steps":[],"attachments":[],"parameters":[],"start":1668758107827,"stop":1668758107843},{"name":"$(\"#email\") send keys(p)","status":"passed","stage":"finished","steps":[],"attachments":[],"parameters":[],"start":1668758107887,"stop":1668758107904},{"name":"$(\"#email\") send keys(p)","status":"passed","stage":"finished","steps":[],"attachments":[],"parameters":[],"start":1668758107955,"stop":1668758107973},{"name":"$(\"#email\") send keys(e)","status":"passed","stage":"finished","steps":[],"attachments":[],"parameters":[],"start":1668758108018,"stop":1668758108034},{"name":"$(\"#email\") send keys(r)","status":"passed","stage":"finished","steps":[],"attachments":[],"parameters":[],"start":1668758108083,"stop":1668758108100},{"name":"$(\"#email\") send keys(.)","status":"passed","stage":"finished","steps":[],"attachments":[],"parameters":[],"start":1668758108163,"stop":1668758108179},{"name":"$(\"#email\") send keys(c)","status":"passed","stage":"finished","steps":[],"attachments":[],"parameters":[],"start":1668758108238,"stop":1668758108254},{"name":"$(\"#email\") send keys(l)","status":"passed","stage":"finished","steps":[],"attachments":[],"parameters":[],"start":1668758108335,"stop":1668758108351},{"name":"$(\"#email\") send keys(o)","status":"passed","stage":"finished","steps":[],"attachments":[],"parameters":[],"start":1668758108382,"stop":1668758108397},{"name":"$(\"#email\") send keys(u)","status":"passed","stage":"finished","steps":[],"attachments":[],"parameters":[],"start":1668758108471,"stop":1668758108487},{"name":"$(\"#email\") send keys(d)","status":"passed","stage":"finished","steps":[],"attachments":[],"parameters":[],"start":1668758108555,"stop":1668758108571}],"attachments":[],"parameters":[{"name":"element","value":"<input class=\"input__field input__field--email\" id=\"email\" inputmode=\"email\" name=\"email\" placeholder=\" \" required=\"required\" tabindex=\"4\" type=\"text\"></input>"},{"name":"text","value":"autotests@tapper.cloud"}],"start":1668758107005,"stop":1668758108571}],"attachments":[],"parameters":[],"start":1668758106847,"stop":1668758108571}],"attachments":[],"parameters":[{"name":"totalPay","value":"157.33"}],"start":1668758104887,"stop":1668758108571},{"name":"Клик по кнопке оплатить","status":"passed","stage":"finished","steps":[{"name":"Кнопка видна и клик по ней","status":"passed","stage":"finished","steps":[{"name":"$(\"#submitButton\") should be(visible)","status":"passed","stage":"finished","steps":[],"attachments":[],"parameters":[],"start":1668758108606,"stop":1668758108616},{"name":"$(\"#submitButton\") click()","status":"passed","stage":"finished","steps":[],"attachments":[],"parameters":[],"start":1668758108616,"stop":1668758110176}],"attachments":[],"parameters":[{"name":"element","value":"<button class=\"button\" id=\"submitButton\" tabindex=\"6\" type=\"submit\">Оплатить</button>"}],"start":1668758108606,"stop":1668758110176}],"attachments":[],"parameters":[],"start":1668758108571,"stop":1668758110176},{"name":"Проверка поочередных статусов оплаты с полной оплатой","status":"failed","statusDetails":{"known":false,"muted":false,"flaky":false,"message":"Element should have text \" Статус заказа: Полностью оплачен \" {.review__status}\r\nElement: '<div class=\"review__status\">Статус заказа: Частично оплачен</div>'\r\nActual value: text=\"Статус заказа: Частично оплачен\"\r\nScreenshot: file:/C:/tapper.cloud/build/reports/tests/1668758120413.2.png\r\nPage source: file:/C:/tapper.cloud/build/reports/tests/1668758120413.2.html\r\nTimeout: 4 s.","trace":"Element should have text \" Статус заказа: Полностью оплачен \" {.review__status}\r\nElement: '<div class=\"review__status\">Статус заказа: Частично оплачен</div>'\r\nActual value: text=\"Статус заказа: Частично оплачен\"\r\nScreenshot: file:/C:/tapper.cloud/build/reports/tests/1668758120413.2.png\r\nPage source: file:/C:/tapper.cloud/build/reports/tests/1668758120413.2.html\r\nTimeout: 4 s.\r\n\tat com.codeborne.selenide.impl.WebElementSource.checkConditionAndReturnElement(WebElementSource.java:135)\r\n\tat com.codeborne.selenide.impl.WebElementSource.checkCondition(WebElementSource.java:98)\r\n\tat com.codeborne.selenide.commands.Should.execute(Should.java:30)\r\n\tat com.codeborne.selenide.commands.Should.execute(Should.java:14)\r\n\tat com.codeborne.selenide.commands.Commands.execute(Commands.java:157)\r\n\tat com.codeborne.selenide.impl.SelenideElementProxy.dispatchAndRetry(SelenideElementProxy.java:130)\r\n\tat com.codeborne.selenide.impl.SelenideElementProxy.invoke(SelenideElementProxy.java:82)\r\n\tat jdk.proxy2/jdk.proxy2.$Proxy33.shouldHave(Unknown Source)\r\n\tat pages.ReviewPage.fullPaymentHeading(ReviewPage.java:48)\r\n\tat pages.nestedTestsManager.ReviewPageNestedTests.fullPaymentCorrect(ReviewPageNestedTests.java:31)\r\n\tat pages.nestedTestsManager.RootPageNestedTests.closeOrder(RootPageNestedTests.java:353)\r\n\tat tapper.tests.e2e._2_6_DivideCheckAndPartPayTest.closeOrder(_2_6_DivideCheckAndPartPayTest.java:111)\r\n\tat java.base/jdk.internal.reflect.NativeMethodAccessorImpl.invoke0(Native Method)\r\n\tat java.base/jdk.internal.reflect.NativeMethodAccessorImpl.invoke(NativeMethodAccessorImpl.java:78)\r\n\tat java.base/jdk.internal.reflect.DelegatingMethodAccessorImpl.invoke(DelegatingMethodAccessorImpl.java:43)\r\n\tat java.base/java.lang.reflect.Method.invoke(Method.java:567)\r\n\tat org.junit.platform.commons.util.ReflectionUtils.invokeMethod(ReflectionUtils.java:727)\r\n\tat org.junit.jupiter.engine.execution.MethodInvocation.proceed(MethodInvocation.java:60)\r\n\tat org.junit.jupiter.engine.execution.InvocationInterceptorChain$ValidatingInvocation.proceed(InvocationInterceptorChain.java:131)\r\n\tat org.junit.jupiter.engine.extension.TimeoutExtension.intercept(TimeoutExtension.java:156)\r\n\tat org.junit.jupiter.engine.extension.TimeoutExtension.interceptTestableMethod(TimeoutExtension.java:147)\r\n\tat org.junit.jupiter.engine.extension.TimeoutExtension.interceptTestMethod(TimeoutExtension.java:86)\r\n\tat org.junit.jupiter.engine.execution.InterceptingExecutableInvoker$ReflectiveInterceptorCall.lambda$ofVoidMethod$0(InterceptingExecutableInvoker.java:103)\r\n\tat org.junit.jupiter.engine.execution.InterceptingExecutableInvoker.lambda$invoke$0(InterceptingExecutableInvoker.java:93)\r\n\tat org.junit.jupiter.engine.execution.InvocationInterceptorChain$InterceptedInvocation.proceed(InvocationInterceptorChain.java:106)\r\n\tat org.junit.jupiter.engine.execution.InvocationInterceptorChain.proceed(InvocationInterceptorChain.java:64)\r\n\tat org.junit.jupiter.engine.execution.InvocationInterceptorChain.chainAndInvoke(InvocationInterceptorChain.java:45)\r\n\tat org.junit.jupiter.engine.execution.InvocationInterceptorChain.invoke(InvocationInterceptorChain.java:37)\r\n\tat org.junit.jupiter.engine.execution.InterceptingExecutableInvoker.invoke(InterceptingExecutableInvoker.java:92)\r\n\tat org.junit.jupiter.engine.execution.InterceptingExecutableInvoker.invoke(InterceptingExecutableInvoker.java:86)\r\n\tat org.junit.jupiter.engine.descriptor.TestMethodTestDescriptor.lambda$invokeTestMethod$7(TestMethodTestDescriptor.java:217)\r\n\tat org.junit.platform.engine.support.hierarchical.ThrowableCollector.execute(ThrowableCollector.java:73)\r\n\tat org.junit.jupiter.engine.descriptor.TestMethodTestDescriptor.invokeTestMethod(TestMethodTestDescriptor.java:213)\r\n\tat org.junit.jupiter.engine.descriptor.TestMethodTestDescriptor.execute(TestMethodTestDescriptor.java:138)\r\n\tat org.junit.jupiter.engine.descriptor.TestMethodTestDescriptor.execute(TestMethodTestDescriptor.java:68)\r\n\tat org.junit.platform.engine.support.hierarchical.NodeTestTask.lambda$executeRecursively$6(NodeTestTask.java:151)\r\n\tat org.junit.platform.engine.support.hierarchical.ThrowableCollector.execute(ThrowableCollector.java:73)\r\n\tat org.junit.platform.engine.support.hierarchical.NodeTestTask.lambda$executeRecursively$8(NodeTestTask.java:141)\r\n\tat org.junit.platform.engine.support.hierarchical.Node.around(Node.java:137)\r\n\tat org.junit.platform.engine.support.hierarchical.NodeTestTask.lambda$executeRecursively$9(NodeTestTask.java:139)\r\n\tat org.junit.platform.engine.support.hierarchical.ThrowableCollector.execute(ThrowableCollector.java:73)\r\n\tat org.junit.platform.engine.support.hierarchical.NodeTestTask.executeRecursively(NodeTestTask.java:138)\r\n\tat org.junit.platform.engine.support.hierarchical.NodeTestTask.execute(NodeTestTask.java:95)\r\n\tat org.junit.platform.engine.support.hierarchical.ForkJoinPoolHierarchicalTestExecutorService$ExclusiveTask.compute(ForkJoinPoolHierarchicalTestExecutorService.java:185)\r\n\tat org.junit.platform.engine.support.hierarchical.ForkJoinPoolHierarchicalTestExecutorService.executeNonConcurrentTasks(ForkJoinPoolHierarchicalTestExecutorService.java:155)\r\n\tat org.junit.platform.engine.support.hierarchical.ForkJoinPoolHierarchicalTestExecutorService.invokeAll(ForkJoinPoolHierarchicalTestExecutorService.java:135)\r\n\tat org.junit.platform.engine.support.hierarchical.NodeTestTask.lambda$executeRecursively$6(NodeTestTask.java:155)\r\n\tat org.junit.platform.engine.support.hierarchical.ThrowableCollector.execute(ThrowableCollector.java:73)\r\n\tat org.junit.platform.engine.support.hierarchical.NodeTestTask.lambda$executeRecursively$8(NodeTestTask.java:141)\r\n\tat org.junit.platform.engine.support.hierarchical.Node.around(Node.java:137)\r\n\tat org.junit.platform.engine.support.hierarchical.NodeTestTask.lambda$executeRecursively$9(NodeTestTask.java:139)\r\n\tat org.junit.platform.engine.support.hierarchical.ThrowableCollector.execute(ThrowableCollector.java:73)\r\n\tat org.junit.platform.engine.support.hierarchical.NodeTestTask.executeRecursively(NodeTestTask.java:138)\r\n\tat org.junit.platform.engine.support.hierarchical.NodeTestTask.execute(NodeTestTask.java:95)\r\n\tat org.junit.platform.engine.support.hierarchical.ForkJoinPoolHierarchicalTestExecutorService$ExclusiveTask.compute(ForkJoinPoolHierarchicalTestExecutorService.java:185)\r\n\tat org.junit.platform.engine.support.hierarchical.ForkJoinPoolHierarchicalTestExecutorService.invokeAll(ForkJoinPoolHierarchicalTestExecutorService.java:129)\r\n\tat org.junit.platform.engine.support.hierarchical.NodeTestTask.lambda$executeRecursively$6(NodeTestTask.java:155)\r\n\tat org.junit.platform.engine.support.hierarchical.ThrowableCollector.execute(ThrowableCollector.java:73)\r\n\tat org.junit.platform.engine.support.hierarchical.NodeTestTask.lambda$executeRecursively$8(NodeTestTask.java:141)\r\n\tat org.junit.platform.engine.support.hierarchical.Node.around(Node.java:137)\r\n\tat org.junit.platform.engine.support.hierarchical.NodeTestTask.lambda$executeRecursively$9(NodeTestTask.java:139)\r\n\tat org.junit.platform.engine.support.hierarchical.ThrowableCollector.execute(ThrowableCollector.java:73)\r\n\tat org.junit.platform.engine.support.hierarchical.NodeTestTask.executeRecursively(NodeTestTask.java:138)\r\n\tat org.junit.platform.engine.support.hierarchical.NodeTestTask.execute(NodeTestTask.java:95)\r\n\tat org.junit.platform.engine.support.hierarchical.ForkJoinPoolHierarchicalTestExecutorService$ExclusiveTask.compute(ForkJoinPoolHierarchicalTestExecutorService.java:185)\r\n\tat java.base/java.util.concurrent.RecursiveAction.exec(RecursiveAction.java:194)\r\n\tat java.base/java.util.concurrent.ForkJoinTask.doExec(ForkJoinTask.java:295)\r\n\tat java.base/java.util.concurrent.ForkJoinPool$WorkQueue.topLevelExec(ForkJoinPool.java:1016)\r\n\tat java.base/java.util.concurrent.ForkJoinPool.scan(ForkJoinPool.java:1665)\r\n\tat java.base/java.util.concurrent.ForkJoinPool.runWorker(ForkJoinPool.java:1598)\r\n\tat java.base/java.util.concurrent.ForkJoinWorkerThread.run(ForkJoinWorkerThread.java:183)\r\n"},"stage":"finished","steps":[{"name":"Форма статуса оплаты отображается. Проверки что нет ошибки, статус производится и успешно корректны","status":"passed","stage":"finished","steps":[{"name":"Элемент присутствует на странице в ходе длительной загрузки (10сек.)","status":"passed","stage":"finished","steps":[{"name":"$(\".payment-process\") should be([visible, 10 s.])","status":"passed","stage":"finished","steps":[],"attachments":[],"parameters":[],"start":1668758110216,"stop":1668758110230}],"attachments":[],"parameters":[{"name":"element","value":"<div class=\"payment-process\">Производится оплата\nПожалуйста, подождите..</div>"},{"name":"time","value":"10"}],"start":1668758110216,"stop":1668758110230},{"name":"Элемент присутствует на странице в ходе длительной загрузки (10сек.)","status":"passed","stage":"finished","steps":[{"name":"$(\".payment-process__status\") should be([visible, 10 s.])","status":"passed","stage":"finished","steps":[],"attachments":[],"parameters":[],"start":1668758110269,"stop":1668758110281}],"attachments":[],"parameters":[{"name":"element","value":"<div class=\"payment-process__status\">Производится оплата</div>"},{"name":"time","value":"10"}],"start":1668758110268,"stop":1668758110281},{"name":"$(\".payment-process__status\") should have([match text \"Производится оплата\", 10 s.])","status":"passed","stage":"finished","steps":[],"attachments":[],"parameters":[],"start":1668758110281,"stop":1668758110292},{"name":"$(\".payment-process__status\") should not have(text \"Оплата не прошла\")","status":"passed","stage":"finished","steps":[],"attachments":[],"parameters":[],"start":1668758110292,"stop":1668758110304},{"name":"$(\".payment-process__status\") should have([match text \"Оплата прошла успешно!\", 10 s.])","status":"passed","stage":"finished","steps":[],"attachments":[],"parameters":[],"start":1668758110305,"stop":1668758113393}],"attachments":[],"parameters":[],"start":1668758110176,"stop":1668758113393},{"name":"Проверка заголовка статуса и что все элементы отзыва отображаются","status":"passed","stage":"finished","steps":[{"name":"Элемент присутствует на странице в ходе длительной загрузки (10сек.)","status":"passed","stage":"finished","steps":[{"name":"$(\".review .container\") should be([visible, 10 s.])","status":"passed","stage":"finished","steps":[],"attachments":[],"parameters":[],"start":1668758113401,"stop":1668758116222}],"attachments":[],"parameters":[{"name":"element","value":"NoSuchElementException: no such element: Unable to locate element: {\"method\":\"css selector\",\"selector\":\".review .container\"}"},{"name":"time","value":"10"}],"start":1668758113401,"stop":1668758116222},{"name":"Элемент присутствует на странице","status":"passed","stage":"finished","steps":[{"name":"$(\".review__stars\") should be(visible)","status":"passed","stage":"finished","steps":[],"attachments":[],"parameters":[],"start":1668758116261,"stop":1668758116272}],"attachments":[],"parameters":[{"name":"element","value":"<div class=\"review__stars\"></div>"}],"start":1668758116261,"stop":1668758116272},{"name":"Элемент присутствует на странице","status":"passed","stage":"finished","steps":[{"name":"$(\".review__textarea\") should be(visible)","status":"passed","stage":"finished","steps":[],"attachments":[],"parameters":[],"start":1668758116310,"stop":1668758116320}],"attachments":[],"parameters":[{"name":"element","value":"<textarea class=\"review__textarea\" name=\"review\" placeholder=\"Расскажите подробнее...\" type=\"textarea\"></textarea>"}],"start":1668758116310,"stop":1668758116320},{"name":"Элемент присутствует на странице в ходе длительной загрузки (10сек.)","status":"passed","stage":"finished","steps":[{"name":"$(\".review__common .main-btn\") should be([visible, 10 s.])","status":"passed","stage":"finished","steps":[],"attachments":[],"parameters":[],"start":1668758116357,"stop":1668758116367}],"attachments":[],"parameters":[{"name":"element","value":"<button class=\"main-btn\" type=\"submit\">Готово</button>"},{"name":"time","value":"10"}],"start":1668758116357,"stop":1668758116367}],"attachments":[],"parameters":[],"start":1668758113393,"stop":1668758116367},{"name":"Заголовок соответствует полной оплате","status":"failed","statusDetails":{"known":false,"muted":false,"flaky":false,"message":"Element should have text \" Статус заказа: Полностью оплачен \" {.review__status}\r\nElement: '<div class=\"review__status\">Статус заказа: Частично оплачен</div>'\r\nActual value: text=\"Статус заказа: Частично оплачен\"\r\nScreenshot: file:/C:/tapper.cloud/build/reports/tests/1668758120413.2.png\r\nPage source: file:/C:/tapper.cloud/build/reports/tests/1668758120413.2.html\r\nTimeout: 4 s.","trace":"Element should have text \" Статус заказа: Полностью оплачен \" {.review__status}\r\nElement: '<div class=\"review__status\">Статус заказа: Частично оплачен</div>'\r\nActual value: text=\"Статус заказа: Частично оплачен\"\r\nScreenshot: file:/C:/tapper.cloud/build/reports/tests/1668758120413.2.png\r\nPage source: file:/C:/tapper.cloud/build/reports/tests/1668758120413.2.html\r\nTimeout: 4 s.\r\n\tat com.codeborne.selenide.impl.WebElementSource.checkConditionAndReturnElement(WebElementSource.java:135)\r\n\tat com.codeborne.selenide.impl.WebElementSource.checkCondition(WebElementSource.java:98)\r\n\tat com.codeborne.selenide.commands.Should.execute(Should.java:30)\r\n\tat com.codeborne.selenide.commands.Should.execute(Should.java:14)\r\n\tat com.codeborne.selenide.commands.Commands.execute(Commands.java:157)\r\n\tat com.codeborne.selenide.impl.SelenideElementProxy.dispatchAndRetry(SelenideElementProxy.java:130)\r\n\tat com.codeborne.selenide.impl.SelenideElementProxy.invoke(SelenideElementProxy.java:82)\r\n\tat jdk.proxy2/jdk.proxy2.$Proxy33.shouldHave(Unknown Source)\r\n\tat pages.ReviewPage.fullPaymentHeading(ReviewPage.java:48)\r\n\tat pages.nestedTestsManager.ReviewPageNestedTests.fullPaymentCorrect(ReviewPageNestedTests.java:31)\r\n\tat pages.nestedTestsManager.RootPageNestedTests.closeOrder(RootPageNestedTests.java:353)\r\n\tat tapper.tests.e2e._2_6_DivideCheckAndPartPayTest.closeOrder(_2_6_DivideCheckAndPartPayTest.java:111)\r\n\tat java.base/jdk.internal.reflect.NativeMethodAccessorImpl.invoke0(Native Method)\r\n\tat java.base/jdk.internal.reflect.NativeMethodAccessorImpl.invoke(NativeMethodAccessorImpl.java:78)\r\n\tat java.base/jdk.internal.reflect.DelegatingMethodAccessorImpl.invoke(DelegatingMethodAccessorImpl.java:43)\r\n\tat java.base/java.lang.reflect.Method.invoke(Method.java:567)\r\n\tat org.junit.platform.commons.util.ReflectionUtils.invokeMethod(ReflectionUtils.java:727)\r\n\tat org.junit.jupiter.engine.execution.MethodInvocation.proceed(MethodInvocation.java:60)\r\n\tat org.junit.jupiter.engine.execution.InvocationInterceptorChain$ValidatingInvocation.proceed(InvocationInterceptorChain.java:131)\r\n\tat org.junit.jupiter.engine.extension.TimeoutExtension.intercept(TimeoutExtension.java:156)\r\n\tat org.junit.jupiter.engine.extension.TimeoutExtension.interceptTestableMethod(TimeoutExtension.java:147)\r\n\tat org.junit.jupiter.engine.extension.TimeoutExtension.interceptTestMethod(TimeoutExtension.java:86)\r\n\tat org.junit.jupiter.engine.execution.InterceptingExecutableInvoker$ReflectiveInterceptorCall.lambda$ofVoidMethod$0(InterceptingExecutableInvoker.java:103)\r\n\tat org.junit.jupiter.engine.execution.InterceptingExecutableInvoker.lambda$invoke$0(InterceptingExecutableInvoker.java:93)\r\n\tat org.junit.jupiter.engine.execution.InvocationInterceptorChain$InterceptedInvocation.proceed(InvocationInterceptorChain.java:106)\r\n\tat org.junit.jupiter.engine.execution.InvocationInterceptorChain.proceed(InvocationInterceptorChain.java:64)\r\n\tat org.junit.jupiter.engine.execution.InvocationInterceptorChain.chainAndInvoke(InvocationInterceptorChain.java:45)\r\n\tat org.junit.jupiter.engine.execution.InvocationInterceptorChain.invoke(InvocationInterceptorChain.java:37)\r\n\tat org.junit.jupiter.engine.execution.InterceptingExecutableInvoker.invoke(InterceptingExecutableInvoker.java:92)\r\n\tat org.junit.jupiter.engine.execution.InterceptingExecutableInvoker.invoke(InterceptingExecutableInvoker.java:86)\r\n\tat org.junit.jupiter.engine.descriptor.TestMethodTestDescriptor.lambda$invokeTestMethod$7(TestMethodTestDescriptor.java:217)\r\n\tat org.junit.platform.engine.support.hierarchical.ThrowableCollector.execute(ThrowableCollector.java:73)\r\n\tat org.junit.jupiter.engine.descriptor.TestMethodTestDescriptor.invokeTestMethod(TestMethodTestDescriptor.java:213)\r\n\tat org.junit.jupiter.engine.descriptor.TestMethodTestDescriptor.execute(TestMethodTestDescriptor.java:138)\r\n\tat org.junit.jupiter.engine.descriptor.TestMethodTestDescriptor.execute(TestMethodTestDescriptor.java:68)\r\n\tat org.junit.platform.engine.support.hierarchical.NodeTestTask.lambda$executeRecursively$6(NodeTestTask.java:151)\r\n\tat org.junit.platform.engine.support.hierarchical.ThrowableCollector.execute(ThrowableCollector.java:73)\r\n\tat org.junit.platform.engine.support.hierarchical.NodeTestTask.lambda$executeRecursively$8(NodeTestTask.java:141)\r\n\tat org.junit.platform.engine.support.hierarchical.Node.around(Node.java:137)\r\n\tat org.junit.platform.engine.support.hierarchical.NodeTestTask.lambda$executeRecursively$9(NodeTestTask.java:139)\r\n\tat org.junit.platform.engine.support.hierarchical.ThrowableCollector.execute(ThrowableCollector.java:73)\r\n\tat org.junit.platform.engine.support.hierarchical.NodeTestTask.executeRecursively(NodeTestTask.java:138)\r\n\tat org.junit.platform.engine.support.hierarchical.NodeTestTask.execute(NodeTestTask.java:95)\r\n\tat org.junit.platform.engine.support.hierarchical.ForkJoinPoolHierarchicalTestExecutorService$ExclusiveTask.compute(ForkJoinPoolHierarchicalTestExecutorService.java:185)\r\n\tat org.junit.platform.engine.support.hierarchical.ForkJoinPoolHierarchicalTestExecutorService.executeNonConcurrentTasks(ForkJoinPoolHierarchicalTestExecutorService.java:155)\r\n\tat org.junit.platform.engine.support.hierarchical.ForkJoinPoolHierarchicalTestExecutorService.invokeAll(ForkJoinPoolHierarchicalTestExecutorService.java:135)\r\n\tat org.junit.platform.engine.support.hierarchical.NodeTestTask.lambda$executeRecursively$6(NodeTestTask.java:155)\r\n\tat org.junit.platform.engine.support.hierarchical.ThrowableCollector.execute(ThrowableCollector.java:73)\r\n\tat org.junit.platform.engine.support.hierarchical.NodeTestTask.lambda$executeRecursively$8(NodeTestTask.java:141)\r\n\tat org.junit.platform.engine.support.hierarchical.Node.around(Node.java:137)\r\n\tat org.junit.platform.engine.support.hierarchical.NodeTestTask.lambda$executeRecursively$9(NodeTestTask.java:139)\r\n\tat org.junit.platform.engine.support.hierarchical.ThrowableCollector.execute(ThrowableCollector.java:73)\r\n\tat org.junit.platform.engine.support.hierarchical.NodeTestTask.executeRecursively(NodeTestTask.java:138)\r\n\tat org.junit.platform.engine.support.hierarchical.NodeTestTask.execute(NodeTestTask.java:95)\r\n\tat org.junit.platform.engine.support.hierarchical.ForkJoinPoolHierarchicalTestExecutorService$ExclusiveTask.compute(ForkJoinPoolHierarchicalTestExecutorService.java:185)\r\n\tat org.junit.platform.engine.support.hierarchical.ForkJoinPoolHierarchicalTestExecutorService.invokeAll(ForkJoinPoolHierarchicalTestExecutorService.java:129)\r\n\tat org.junit.platform.engine.support.hierarchical.NodeTestTask.lambda$executeRecursively$6(NodeTestTask.java:155)\r\n\tat org.junit.platform.engine.support.hierarchical.ThrowableCollector.execute(ThrowableCollector.java:73)\r\n\tat org.junit.platform.engine.support.hierarchical.NodeTestTask.lambda$executeRecursively$8(NodeTestTask.java:141)\r\n\tat org.junit.platform.engine.support.hierarchical.Node.around(Node.java:137)\r\n\tat org.junit.platform.engine.support.hierarchical.NodeTestTask.lambda$executeRecursively$9(NodeTestTask.java:139)\r\n\tat org.junit.platform.engine.support.hierarchical.ThrowableCollector.execute(ThrowableCollector.java:73)\r\n\tat org.junit.platform.engine.support.hierarchical.NodeTestTask.executeRecursively(NodeTestTask.java:138)\r\n\tat org.junit.platform.engine.support.hierarchical.NodeTestTask.execute(NodeTestTask.java:95)\r\n\tat org.junit.platform.engine.support.hierarchical.ForkJoinPoolHierarchicalTestExecutorService$ExclusiveTask.compute(ForkJoinPoolHierarchicalTestExecutorService.java:185)\r\n\tat java.base/java.util.concurrent.RecursiveAction.exec(RecursiveAction.java:194)\r\n\tat java.base/java.util.concurrent.ForkJoinTask.doExec(ForkJoinTask.java:295)\r\n\tat java.base/java.util.concurrent.ForkJoinPool$WorkQueue.topLevelExec(ForkJoinPool.java:1016)\r\n\tat java.base/java.util.concurrent.ForkJoinPool.scan(ForkJoinPool.java:1665)\r\n\tat java.base/java.util.concurrent.ForkJoinPool.runWorker(ForkJoinPool.java:1598)\r\n\tat java.base/java.util.concurrent.ForkJoinWorkerThread.run(ForkJoinWorkerThread.java:183)\r\n"},"stage":"finished","steps":[{"name":"$(\".review__status\") should have(text \" Статус заказа: Полностью оплачен \")","status":"failed","statusDetails":{"known":false,"muted":false,"flaky":false,"message":"Element should have text \" Статус заказа: Полностью оплачен \" {.review__status}\r\nElement: '<div class=\"review__status\">Статус заказа: Частично оплачен</div>'\r\nActual value: text=\"Статус заказа: Частично оплачен\"\r\nScreenshot: file:/C:/tapper.cloud/build/reports/tests/1668758120413.2.png\r\nPage source: file:/C:/tapper.cloud/build/reports/tests/1668758120413.2.html\r\nTimeout: 4 s.","trace":"Element should have text \" Статус заказа: Полностью оплачен \" {.review__status}\r\nElement: '<div class=\"review__status\">Статус заказа: Частично оплачен</div>'\r\nActual value: text=\"Статус заказа: Частично оплачен\"\r\nScreenshot: file:/C:/tapper.cloud/build/reports/tests/1668758120413.2.png\r\nPage source: file:/C:/tapper.cloud/build/reports/tests/1668758120413.2.html\r\nTimeout: 4 s.\r\n\tat com.codeborne.selenide.impl.WebElementSource.checkConditionAndReturnElement(WebElementSource.java:135)\r\n\tat com.codeborne.selenide.impl.WebElementSource.checkCondition(WebElementSource.java:98)\r\n\tat com.codeborne.selenide.commands.Should.execute(Should.java:30)\r\n\tat com.codeborne.selenide.commands.Should.execute(Should.java:14)\r\n\tat com.codeborne.selenide.commands.Commands.execute(Commands.java:157)\r\n\tat com.codeborne.selenide.impl.SelenideElementProxy.dispatchAndRetry(SelenideElementProxy.java:130)\r\n\tat com.codeborne.selenide.impl.SelenideElementProxy.invoke(SelenideElementProxy.java:82)\r\n\tat jdk.proxy2/jdk.proxy2.$Proxy33.shouldHave(Unknown Source)\r\n\tat pages.ReviewPage.fullPaymentHeading(ReviewPage.java:48)\r\n\tat pages.nestedTestsManager.ReviewPageNestedTests.fullPaymentCorrect(ReviewPageNestedTests.java:31)\r\n\tat pages.nestedTestsManager.RootPageNestedTests.closeOrder(RootPageNestedTests.java:353)\r\n\tat tapper.tests.e2e._2_6_DivideCheckAndPartPayTest.closeOrder(_2_6_DivideCheckAndPartPayTest.java:111)\r\n\tat java.base/jdk.internal.reflect.NativeMethodAccessorImpl.invoke0(Native Method)\r\n\tat java.base/jdk.internal.reflect.NativeMethodAccessorImpl.invoke(NativeMethodAccessorImpl.java:78)\r\n\tat java.base/jdk.internal.reflect.DelegatingMethodAccessorImpl.invoke(DelegatingMethodAccessorImpl.java:43)\r\n\tat java.base/java.lang.reflect.Method.invoke(Method.java:567)\r\n\tat org.junit.platform.commons.util.ReflectionUtils.invokeMethod(ReflectionUtils.java:727)\r\n\tat org.junit.jupiter.engine.execution.MethodInvocation.proceed(MethodInvocation.java:60)\r\n\tat org.junit.jupiter.engine.execution.InvocationInterceptorChain$ValidatingInvocation.proceed(InvocationInterceptorChain.java:131)\r\n\tat org.junit.jupiter.engine.extension.TimeoutExtension.intercept(TimeoutExtension.java:156)\r\n\tat org.junit.jupiter.engine.extension.TimeoutExtension.interceptTestableMethod(TimeoutExtension.java:147)\r\n\tat org.junit.jupiter.engine.extension.TimeoutExtension.interceptTestMethod(TimeoutExtension.java:86)\r\n\tat org.junit.jupiter.engine.execution.InterceptingExecutableInvoker$ReflectiveInterceptorCall.lambda$ofVoidMethod$0(InterceptingExecutableInvoker.java:103)\r\n\tat org.junit.jupiter.engine.execution.InterceptingExecutableInvoker.lambda$invoke$0(InterceptingExecutableInvoker.java:93)\r\n\tat org.junit.jupiter.engine.execution.InvocationInterceptorChain$InterceptedInvocation.proceed(InvocationInterceptorChain.java:106)\r\n\tat org.junit.jupiter.engine.execution.InvocationInterceptorChain.proceed(InvocationInterceptorChain.java:64)\r\n\tat org.junit.jupiter.engine.execution.InvocationInterceptorChain.chainAndInvoke(InvocationInterceptorChain.java:45)\r\n\tat org.junit.jupiter.engine.execution.InvocationInterceptorChain.invoke(InvocationInterceptorChain.java:37)\r\n\tat org.junit.jupiter.engine.execution.InterceptingExecutableInvoker.invoke(InterceptingExecutableInvoker.java:92)\r\n\tat org.junit.jupiter.engine.execution.InterceptingExecutableInvoker.invoke(InterceptingExecutableInvoker.java:86)\r\n\tat org.junit.jupiter.engine.descriptor.TestMethodTestDescriptor.lambda$invokeTestMethod$7(TestMethodTestDescriptor.java:217)\r\n\tat org.junit.platform.engine.support.hierarchical.ThrowableCollector.execute(ThrowableCollector.java:73)\r\n\tat org.junit.jupiter.engine.descriptor.TestMethodTestDescriptor.invokeTestMethod(TestMethodTestDescriptor.java:213)\r\n\tat org.junit.jupiter.engine.descriptor.TestMethodTestDescriptor.execute(TestMethodTestDescriptor.java:138)\r\n\tat org.junit.jupiter.engine.descriptor.TestMethodTestDescriptor.execute(TestMethodTestDescriptor.java:68)\r\n\tat org.junit.platform.engine.support.hierarchical.NodeTestTask.lambda$executeRecursively$6(NodeTestTask.java:151)\r\n\tat org.junit.platform.engine.support.hierarchical.ThrowableCollector.execute(ThrowableCollector.java:73)\r\n\tat org.junit.platform.engine.support.hierarchical.NodeTestTask.lambda$executeRecursively$8(NodeTestTask.java:141)\r\n\tat org.junit.platform.engine.support.hierarchical.Node.around(Node.java:137)\r\n\tat org.junit.platform.engine.support.hierarchical.NodeTestTask.lambda$executeRecursively$9(NodeTestTask.java:139)\r\n\tat org.junit.platform.engine.support.hierarchical.ThrowableCollector.execute(ThrowableCollector.java:73)\r\n\tat org.junit.platform.engine.support.hierarchical.NodeTestTask.executeRecursively(NodeTestTask.java:138)\r\n\tat org.junit.platform.engine.support.hierarchical.NodeTestTask.execute(NodeTestTask.java:95)\r\n\tat org.junit.platform.engine.support.hierarchical.ForkJoinPoolHierarchicalTestExecutorService$ExclusiveTask.compute(ForkJoinPoolHierarchicalTestExecutorService.java:185)\r\n\tat org.junit.platform.engine.support.hierarchical.ForkJoinPoolHierarchicalTestExecutorService.executeNonConcurrentTasks(ForkJoinPoolHierarchicalTestExecutorService.java:155)\r\n\tat org.junit.platform.engine.support.hierarchical.ForkJoinPoolHierarchicalTestExecutorService.invokeAll(ForkJoinPoolHierarchicalTestExecutorService.java:135)\r\n\tat org.junit.platform.engine.support.hierarchical.NodeTestTask.lambda$executeRecursively$6(NodeTestTask.java:155)\r\n\tat org.junit.platform.engine.support.hierarchical.ThrowableCollector.execute(ThrowableCollector.java:73)\r\n\tat org.junit.platform.engine.support.hierarchical.NodeTestTask.lambda$executeRecursively$8(NodeTestTask.java:141)\r\n\tat org.junit.platform.engine.support.hierarchical.Node.around(Node.java:137)\r\n\tat org.junit.platform.engine.support.hierarchical.NodeTestTask.lambda$executeRecursively$9(NodeTestTask.java:139)\r\n\tat org.junit.platform.engine.support.hierarchical.ThrowableCollector.execute(ThrowableCollector.java:73)\r\n\tat org.junit.platform.engine.support.hierarchical.NodeTestTask.executeRecursively(NodeTestTask.java:138)\r\n\tat org.junit.platform.engine.support.hierarchical.NodeTestTask.execute(NodeTestTask.java:95)\r\n\tat org.junit.platform.engine.support.hierarchical.ForkJoinPoolHierarchicalTestExecutorService$ExclusiveTask.compute(ForkJoinPoolHierarchicalTestExecutorService.java:185)\r\n\tat org.junit.platform.engine.support.hierarchical.ForkJoinPoolHierarchicalTestExecutorService.invokeAll(ForkJoinPoolHierarchicalTestExecutorService.java:129)\r\n\tat org.junit.platform.engine.support.hierarchical.NodeTestTask.lambda$executeRecursively$6(NodeTestTask.java:155)\r\n\tat org.junit.platform.engine.support.hierarchical.ThrowableCollector.execute(ThrowableCollector.java:73)\r\n\tat org.junit.platform.engine.support.hierarchical.NodeTestTask.lambda$executeRecursively$8(NodeTestTask.java:141)\r\n\tat org.junit.platform.engine.support.hierarchical.Node.around(Node.java:137)\r\n\tat org.junit.platform.engine.support.hierarchical.NodeTestTask.lambda$executeRecursively$9(NodeTestTask.java:139)\r\n\tat org.junit.platform.engine.support.hierarchical.ThrowableCollector.execute(ThrowableCollector.java:73)\r\n\tat org.junit.platform.engine.support.hierarchical.NodeTestTask.executeRecursively(NodeTestTask.java:138)\r\n\tat org.junit.platform.engine.support.hierarchical.NodeTestTask.execute(NodeTestTask.java:95)\r\n\tat org.junit.platform.engine.support.hierarchical.ForkJoinPoolHierarchicalTestExecutorService$ExclusiveTask.compute(ForkJoinPoolHierarchicalTestExecutorService.java:185)\r\n\tat java.base/java.util.concurrent.RecursiveAction.exec(RecursiveAction.java:194)\r\n\tat java.base/java.util.concurrent.ForkJoinTask.doExec(ForkJoinTask.java:295)\r\n\tat java.base/java.util.concurrent.ForkJoinPool$WorkQueue.topLevelExec(ForkJoinPool.java:1016)\r\n\tat java.base/java.util.concurrent.ForkJoinPool.scan(ForkJoinPool.java:1665)\r\n\tat java.base/java.util.concurrent.ForkJoinPool.runWorker(ForkJoinPool.java:1598)\r\n\tat java.base/java.util.concurrent.ForkJoinWorkerThread.run(ForkJoinWorkerThread.java:183)\r\n"},"stage":"finished","steps":[],"attachments":[{"name":"Screenshot","source":"c4678a00-22ba-4366-b5bb-8fe617230d23-attachment.png","type":"image/png"}],"parameters":[],"start":1668758116367,"stop":1668758120569}],"attachments":[],"parameters":[],"start":1668758116367,"stop":1668758120569}],"attachments":[],"parameters":[],"start":1668758110176,"stop":1668758120569}],"attachments":[],"parameters":[],"start":1668758101868,"stop":1668758120569}],"attachments":[],"parameters":[],"start":1668758101867,"stop":1668758120570}