-------------------------------------------------------------------------------
Test set: search.tests.SearchingByStonesTests
-------------------------------------------------------------------------------
Tests run: 57, Failures: 19, Errors: 0, Skipped: 0, Time elapsed: 129.258 s <<< FAILURE! - in search.tests.SearchingByStonesTests
search.tests.SearchingByCollectionsTests.checkCollectionsSearchCorrect(String)[10]  Time elapsed: 3.071 s  <<< FAILURE!
org.opentest4j.AssertionFailedError: 
Ошибка в совпадении по запросу Caprice.В ссылке оказалось Серьги Артикул: E37-T100621421
7336
	at search.tests.SearchingByCollectionsTests.checkCollectionsSearchCorrect(SearchingByCollectionsTests.java:41)

search.tests.SearchingByCollectionsTests.checkCollectionsSearchCorrect(String)[11]  Time elapsed: 3.668 s  <<< FAILURE!
org.opentest4j.AssertionFailedError: 
Ошибка в совпадении по запросу Contrast.В ссылке оказалось Кольцо c бриллиантами Артикул: R108-BL-132E019A-R17
24597
	at search.tests.SearchingByCollectionsTests.checkCollectionsSearchCorrect(SearchingByCollectionsTests.java:41)

search.tests.SearchingByCollectionsTests.checkCollectionsSearchCorrect(String)[12]  Time elapsed: 2.469 s  <<< FAILURE!
org.opentest4j.AssertionFailedError: 
Ошибка в совпадении по запросу Estella.В ссылке оказалось Подвеска c бриллиантами Артикул: P01-35672
28745
	at search.tests.SearchingByCollectionsTests.checkCollectionsSearchCorrect(SearchingByCollectionsTests.java:41)

search.tests.SearchingByCollectionsTests.checkCollectionsSearchCorrect(String)[13]  Time elapsed: 2.888 s  <<< FAILURE!
org.opentest4j.AssertionFailedError: 
Ошибка в совпадении по запросу Festa.В ссылке оказалось Кольцо c сапфирами Артикул: R189-SB00325RH-R-PS
69196
	at search.tests.SearchingByCollectionsTests.checkCollectionsSearchCorrect(SearchingByCollectionsTests.java:41)

search.tests.SearchingByCollectionsTests.checkCollectionsSearchCorrect(String)[14]  Time elapsed: 2.676 s  <<< FAILURE!
org.opentest4j.AssertionFailedError: 
Ошибка в совпадении по запросу Fit.В ссылке оказалось Кольцо c синтетическим рубином Артикул: R01-FIT-25-35803RS
51960
	at search.tests.SearchingByCollectionsTests.checkCollectionsSearchCorrect(SearchingByCollectionsTests.java:41)

search.tests.SearchingByCollectionsTests.checkCollectionsSearchCorrect(String)[15]  Time elapsed: 5.594 s  <<< FAILURE!
org.opentest4j.AssertionFailedError: 
Ошибка в совпадении по запросу Flaming Ice.В ссылке оказалось Колье Артикул: N01-ICE-35920
124950
	at search.tests.SearchingByCollectionsTests.checkCollectionsSearchCorrect(SearchingByCollectionsTests.java:41)

search.tests.SearchingByCollectionsTests.checkCollectionsSearchCorrect(String)[16]  Time elapsed: 2.716 s  <<< FAILURE!
org.opentest4j.AssertionFailedError: 
Ошибка в совпадении по запросу Grace.В ссылке оказалось Серьги c бриллиантами Артикул: E157-HE183
342495
	at search.tests.SearchingByCollectionsTests.checkCollectionsSearchCorrect(SearchingByCollectionsTests.java:41)

search.tests.SearchingByCollectionsTests.checkCollectionsSearchCorrect(String)[17]  Time elapsed: 4.647 s  <<< FAILURE!
org.opentest4j.AssertionFailedError: 
Ошибка в совпадении по запросу Infinite love.В ссылке оказалось Кольцо c бриллиантами Артикул: R4208-M1142
85960
	at search.tests.SearchingByCollectionsTests.checkCollectionsSearchCorrect(SearchingByCollectionsTests.java:41)

search.tests.SearchingByCollectionsTests.checkCollectionsSearchCorrect(String)[18]  Time elapsed: 2.532 s  <<< FAILURE!
org.opentest4j.AssertionFailedError: 
Ошибка в совпадении по запросу Le Chic.В ссылке оказалось Колье c бриллиантами Артикул: N4211-NK0139WDI1
1595000
	at search.tests.SearchingByCollectionsTests.checkCollectionsSearchCorrect(SearchingByCollectionsTests.java:41)

search.tests.SearchingByCollectionsTests.checkCollectionsSearchCorrect(String)[19]  Time elapsed: 2.452 s  <<< FAILURE!
org.opentest4j.AssertionFailedError: 
Ошибка в совпадении по запросу Leviev.В ссылке оказалось Кольцо c бриллиантами Артикул: R4074-JR1496
11196000
	at search.tests.SearchingByCollectionsTests.checkCollectionsSearchCorrect(SearchingByCollectionsTests.java:41)

search.tests.SearchingByCollectionsTests.checkCollectionsSearchCorrect(String)[20]  Time elapsed: 1.985 s  <<< FAILURE!
org.opentest4j.AssertionFailedError: 
Ошибка в совпадении по запросу Liola.В ссылке оказалось Браслет Артикул: B2042-LIO-0029
23716
	at search.tests.SearchingByCollectionsTests.checkCollectionsSearchCorrect(SearchingByCollectionsTests.java:41)

search.tests.SearchingByCollectionsTests.checkCollectionsSearchCorrect(String)[21]  Time elapsed: 2.154 s  <<< FAILURE!
org.opentest4j.AssertionFailedError: 
Ошибка в совпадении по запросу Love.В ссылке оказалось Браслет c рубином Артикул: B01-35040-RU
12796
	at search.tests.SearchingByCollectionsTests.checkCollectionsSearchCorrect(SearchingByCollectionsTests.java:41)

search.tests.SearchingByCollectionsTests.checkCollectionsSearchCorrect(String)[22]  Time elapsed: 2.098 s  <<< FAILURE!
org.opentest4j.AssertionFailedError: 
Ошибка в совпадении по запросу Lunia.В ссылке оказалось Серьги c бриллиантами Артикул: E01-SOL93-020-G2
41995
	at search.tests.SearchingByCollectionsTests.checkCollectionsSearchCorrect(SearchingByCollectionsTests.java:41)

search.tests.SearchingByCollectionsTests.checkCollectionsSearchCorrect(String)[23]  Time elapsed: 2.542 s  <<< FAILURE!
org.opentest4j.AssertionFailedError: 
Ошибка в совпадении по запросу Mia.В ссылке оказалось Браслет c бриллиантами Артикул: B108-123346ED-R17
17245
	at search.tests.SearchingByCollectionsTests.checkCollectionsSearchCorrect(SearchingByCollectionsTests.java:41)

search.tests.SearchingByCollectionsTests.checkCollectionsSearchCorrect(String)[24]  Time elapsed: 4.034 s  <<< FAILURE!
org.opentest4j.AssertionFailedError: 
Ошибка в совпадении по запросу Millennium Premium.В ссылке оказалось Серьги c выращенным бриллиантом Артикул: E01-MLN0210D
1547996
	at search.tests.SearchingByCollectionsTests.checkCollectionsSearchCorrect(SearchingByCollectionsTests.java:41)

search.tests.SearchingByCollectionsTests.checkCollectionsSearchCorrect(String)[25]  Time elapsed: 7.986 s  <<< FAILURE!
com.codeborne.selenide.ex.ListSizeMismatch: 
List size mismatch: expected: = 8, actual: 6, collection: .search-result-grid .title-search-item a
Elements: [
	<a href="/catalog/bracelets/B01-35040-RU/">Браслет c рубином Артикул: B01-35040-RU
12796</a>,
	<a href="/catalog/bracelets/B01-WS-35033/">Браслет c сапфиром Артикул: B01-WS-35033
13796</a>,
	<a href="/catalog/bracelets/B01-WS-35032/">Браслет c сапфиром Артикул: B01-WS-35032
14596</a>,
	<a href="/catalog/bracelets/B01-35035-B/">Браслет c бриллиантами Артикул: B01-35035-B
22995</a>,
	<a href="/catalog/bracelets/B01-35234/">Браслет c бриллиантами Артикул: B01-35234
24245</a>,
	<a href="/catalog/bracelets/B01-35233/">Браслет c бриллиантами Артикул: B01-35233
20745</a>
]
Screenshot: file:/C:/Users/user/IdeaProjects/work_test_automation/build/reports/tests/1663850793452.0.png
Page source: file:/C:/Users/user/IdeaProjects/work_test_automation/build/reports/tests/1663850793452.0.html
Timeout: 4 s.
	at search.tests.SearchingByCollectionsTests.checkCollectionsSearchCorrect(SearchingByCollectionsTests.java:41)

search.tests.SearchingByCollectionsTests.checkCollectionsSearchCorrect(String)[26]  Time elapsed: 2.681 s  <<< FAILURE!
org.opentest4j.AssertionFailedError: 
Ошибка в совпадении по запросу Naomi.В ссылке оказалось Кольцо c бриллиантами и жемчугом Артикул: R79-R-13552-PR
17697
	at search.tests.SearchingByCollectionsTests.checkCollectionsSearchCorrect(SearchingByCollectionsTests.java:41)

search.tests.SearchingByCollectionsTests.checkCollectionsSearchCorrect(String)[27]  Time elapsed: 3.518 s  <<< FAILURE!
org.opentest4j.AssertionFailedError: 
Ошибка в совпадении по запросу Princess.В ссылке оказалось Серьги c бриллиантами Артикул: E2018-E230136ADI
94950
	at search.tests.SearchingByCollectionsTests.checkCollectionsSearchCorrect(SearchingByCollectionsTests.java:41)

search.tests.SearchingByCollectionsTests.checkCollectionsSearchCorrect(String)[28]  Time elapsed: 2.683 s  <<< FAILURE!
org.opentest4j.AssertionFailedError: 
Ошибка в совпадении по запросу Royal.В ссылке оказалось Кольцо c бриллиантами и изумрудом Артикул: R2022-GEM-READY-01
745000
	at search.tests.SearchingByCollectionsTests.checkCollectionsSearchCorrect(SearchingByCollectionsTests.java:41)

