-------------------------------------------------------------------------------
Test set: search.tests.SearchingByMainCategoriesTests
-------------------------------------------------------------------------------
Tests run: 22, Failures: 2, Errors: 0, Skipped: 0, Time elapsed: 56.276 s <<< FAILURE! - in search.tests.SearchingByMainCategoriesTests
search.tests.SearchingByMainCategoriesTests.checkMainCategorySearchCorrect(String)[9]  Time elapsed: 12.937 s  <<< FAILURE!
com.codeborne.selenide.ex.ElementShould: 
Element should be visible {.title-search-result}
Element: '<div class="title-search-result" displayed:false></div>'
Actual value: hidden
Screenshot: file:/C:/Users/user/IdeaProjects/work_test_automation/build/reports/tests/1664190522101.12.png
Page source: file:/C:/Users/user/IdeaProjects/work_test_automation/build/reports/tests/1664190522101.12.html
Timeout: 10 s.
	at search.tests.SearchingByMainCategoriesTests.checkMainCategorySearchCorrect(SearchingByMainCategoriesTests.java:44)

search.tests.SearchingByMainCategoriesTests.checkMainCategorySearchCorrect(String)[12]  Time elapsed: 7.578 s  <<< FAILURE!
com.codeborne.selenide.ex.ElementShould: 
Element should have match text "Комплект" {.search-result-grid .title-search-item a.snapshot(8 elements)[6]}
Element: '<a href="/catalog/cleaners/Z5020-A116017/">Средство Jewel Clean для чистки ювелирных изделий из золота и платины с бриллиантами, рубинами, сапфирами Артикул: Z5020-A116017
1398</a>'
Actual value: text="Средство Jewel Clean для чистки ювелирных изделий из золота и платины с бриллиантами, рубинами, сапфирами Артикул: Z5020-A116017
1398"
Screenshot: file:/C:/Users/user/IdeaProjects/work_test_automation/build/reports/tests/1664190533746.13.png
Page source: file:/C:/Users/user/IdeaProjects/work_test_automation/build/reports/tests/1664190533746.13.html
Timeout: 4 s.
	at search.tests.SearchingByMainCategoriesTests.checkMainCategorySearchCorrect(SearchingByMainCategoriesTests.java:44)

