-------------------------------------------------------------------------------
Test set: searching.tests.SearchingByCategoryWithStonesTests
-------------------------------------------------------------------------------
Tests run: 44, Failures: 1, Errors: 0, Skipped: 2, Time elapsed: 64.225 s <<< FAILURE! - in searching.tests.SearchingByCategoryWithStonesTests
catalog.tests.initialCatalogTests.isProductContainerVisibleByHover  Time elapsed: 7.277 s  <<< FAILURE!
com.codeborne.selenide.ex.ElementShould: 
Element should be visible {By.xpath: //*[@class="catalog__items"]/*[@class="product"][10]/div[@class="product__overlay"]/div[@class="product__info"]}
Element: '<div class="product__info" displayed:false></div>'
Actual value: hidden
Screenshot: file:/C:/Users/user/IdeaProjects/work_test_automation/build/reports/tests/1665478774409.0.png
Page source: file:/C:/Users/user/IdeaProjects/work_test_automation/build/reports/tests/1665478774409.0.html
Timeout: 4 s.
	at catalog.tests.initialCatalogTests.isProductContainerVisibleByHover(initialCatalogTests.java:51)

