-------------------------------------------------------------------------------
Test set: search.tests.SearchingByMainCategoriesTests
-------------------------------------------------------------------------------
Tests run: 44, Failures: 1, Errors: 0, Skipped: 1, Time elapsed: 61.847 s <<< FAILURE! - in search.tests.SearchingByMainCategoriesTests
search.tests.SearchingByMainCategoriesTests.checkMainCategorySearchCorrect(String)[9]  Time elapsed: 9.817 s  <<< FAILURE!
com.codeborne.selenide.ex.ListSizeMismatch: 
List size mismatch: expected: = 8, actual: 0, collection: .search-result-grid .title-search-item a
Elements: []
Screenshot: file:/C:/Users/user/IdeaProjects/work_test_automation/build/reports/tests/1664266324956.0.png
Page source: file:/C:/Users/user/IdeaProjects/work_test_automation/build/reports/tests/1664266324956.0.html
Timeout: 4 s.
	at search.tests.SearchingByMainCategoriesTests.checkMainCategorySearchCorrect(SearchingByMainCategoriesTests.java:47)

