-------------------------------------------------------------------------------
Test set: searching.tests.SearchingByMainCategoriesTests
-------------------------------------------------------------------------------
Tests run: 4, Failures: 0, Errors: 1, Skipped: 0, Time elapsed: 42.864 s <<< FAILURE! - in searching.tests.SearchingByMainCategoriesTests
searching.tests.SearchingByMainCategoriesTests.checkMainCategorySearchCorrect(String)[12]  Time elapsed: 0.333 s  <<< ERROR!
java.lang.IllegalArgumentException: timeout value is negative
	at searching.tests.SearchingByMainCategoriesTests.checkMainCategorySearchCorrect(SearchingByMainCategoriesTests.java:39)

