-------------------------------------------------------------------------------
Test set: search.tests.DebugTests
-------------------------------------------------------------------------------
Tests run: 15, Failures: 1, Errors: 0, Skipped: 0, Time elapsed: 23.838 s <<< FAILURE! - in search.tests.DebugTests
search.tests.DebugTests.test  Time elapsed: 22.624 s  <<< FAILURE!
com.codeborne.selenide.ex.ElementShould: 
Element should have match text "Средство" {.search-result-grid .title-search-item a}
Element: '<a href="/catalog/rings/R01-SDI-00168/">Кольцо c бриллиантом Артикул: R01-SDI-00168
4275</a>'
Actual value: text="Кольцо c бриллиантом Артикул: R01-SDI-00168
4275"
Screenshot: file:/C:/work/automation/automation-qa/build/reports/tests/1664107710211.0.png
Page source: file:/C:/work/automation/automation-qa/build/reports/tests/1664107710211.0.html
Timeout: 4 s.
	at search.tests.DebugTests.test(DebugTests.java:29)

