-------------------------------------------------------------------------------
Test set: tapper.tests.e2e.BasicTest
-------------------------------------------------------------------------------
Tests run: 19, Failures: 1, Errors: 0, Skipped: 0, Time elapsed: 31.811 s <<< FAILURE! - in tapper.tests.e2e.BasicTest
tapper.tests.e2e.BasicTest.isTest  Time elapsed: 0.019 s  <<< FAILURE!
java.lang.AssertionError
	at tapper.tests.e2e.BasicTest.isTest(BasicTest.java:133)

