<?xml version="1.0" encoding="UTF-8"?>
<testsuite xmlns:xsi="http://www.w3.org/2001/XMLSchema-instance" xsi:noNamespaceSchemaLocation="https://maven.apache.org/surefire/maven-surefire-plugin/xsd/surefire-test-report-3.0.xsd" version="3.0" name="search.tests.SearchingByCategoryWithStonesTests" time="74.908" tests="9" errors="0" skipped="0" failures="0">
  <properties>
[...]
</properties>
  <testcase name="checkIsCategoryWithStonesSearchCorrect(String)[8]" classname="search.tests.SearchingByCategoryWithStonesTests" time="3.544">
    <system-err><![CDATA[Starting ChromeDriver 105.0.5195.52 (412c95e518836d8a7d97250d62b29c2ae6a26a85-refs/branch-heads/5195@{#853}) on port 51372
Only local connections are allowed.
Please see https://chromedriver.chromium.org/security-considerations for suggestions on keeping ChromeDriver safe.
ChromeDriver was started successfully.
]]></system-err>
  </testcase>
  <testcase name="checkIsCategoryWithStonesSearchCorrect(String)[9]" classname="search.tests.SearchingByCategoryWithStonesTests" time="3.738"/>
  <testcase name="checkIsCategoryWithStonesSearchCorrect(String)[10]" classname="search.tests.SearchingByCategoryWithStonesTests" time="5.486"/>
  <testcase name="checkCollectionsSearchCorrect(String)[17]" classname="search.tests.SearchingByCollectionsTests" time="3.01">
    <system-err><![CDATA[сент. 27, 2022 1:12:20 PM org.openqa.selenium.remote.ProtocolHandshake createSession
INFO: Detected upstream dialect: W3C
сент. 27, 2022 1:12:20 PM org.openqa.selenium.devtools.CdpVersionFinder findNearestMatch
WARNING: Unable to find an exact match for CDP version 105, so returning the closest version found: 104
сент. 27, 2022 1:12:20 PM org.openqa.selenium.devtools.CdpVersionFinder findNearestMatch
INFO: Found CDP implementation for version 105 of 104
]]></system-err>
  </testcase>
  <testcase name="checkCollectionsSearchCorrect(String)[18]" classname="search.tests.SearchingByCollectionsTests" time="1.712"/>
  <testcase name="checkCollectionsSearchCorrect(String)[19]" classname="search.tests.SearchingByCollectionsTests" time="1.243"/>
  <testcase name="checkCollectionsSearchCorrect(String)[20]" classname="search.tests.SearchingByCollectionsTests" time="1.433"/>
  <testcase name="checkCollectionsSearchCorrect(String)[21]" classname="search.tests.SearchingByCollectionsTests" time="4.263"/>
  <testcase name="openPageForConcurrentExecution" classname="search.tests.SearchingByStonesTests" time="9.507"/>
</testsuite>