<?xml version="1.0" encoding="UTF-8"?>
<testsuite xmlns:xsi="http://www.w3.org/2001/XMLSchema-instance" xsi:noNamespaceSchemaLocation="https://maven.apache.org/surefire/maven-surefire-plugin/xsd/surefire-test-report-3.0.xsd" version="3.0" name="tapper.tests.keeper_e2e._6_waiter._6_0_VerifiedFullNoCardWithScTest" time="53.645" tests="7" errors="0" skipped="0" failures="0">
  <properties>
[...]
</properties>
  <testcase name="createAndFillOrder" classname="tapper.tests.keeper_e2e._6_waiter._6_0_VerifiedFullNoCardWithScTest" time="13.766">
    <system-out><![CDATA[{
    "success": true,
    "result": {
        "visit": "548605380",
        "orderIdent": "256",
        "guid": "{D2F46D2E-1874-483D-B15B-FEE415AD5489}",
        "url": "http://code.ucs.ru/qr?id=AB642685147F4091961D68CE3897D63AD2F46D2E1874483DB15BFEE415AD54894312C732",
        "orderName": "3",
        "version": "0",
        "crc32": "0",
        "orderSum": "0",
        "unpaidSum": "0",
        "discountSum": "0",
        "totalPieces": "0",
        "seqNumber": "143",
        "paid": "1",
        "finished": "0",
        "persistentComment": "100500",
        "nonPersistentComment": "",
        "openTime": "2022-12-02T17:54:55",
        "cookMins": "0"
    }
}
0sec response time

Заказ создался на кассе
{
    "success": true,
    "result": {
        "@attributes": {
            "ServerVersion": "7.7.0.120",
            "XmlVersion": "248",
            "NetName": "TAPPER",
            "Status": "Ok",
            "CMD": "SaveOrder",
            "ErrorText": "",
            "DateTime": "2022-12-02T17:55:08",
            "WorkTime": "16",
            "Processed": "1",
            "ArrivalDateTime": "2022-12-02T17:55:08"
        },
        "Order": {
            "@attributes": {
                "visit": "548605380",
                "orderIdent": "256",
                "guid": "{D2F46D2E-1874-483D-B15B-FEE415AD5489}",
                "url": "http://code.ucs.ru/qr?id=AB642685147F4091961D68CE3897D63AD2F46D2E1874483DB15BFEE415AD54894312C732",
                "orderName": "3",
                "version": "1",
                "crc32": "-2059315928",
                "orderSum": "155000",
                "unpaidSum": "155000",
                "discountSum": "0",
                "totalPieces": "10000",
                "seqNumber": "143",
                "paid": "0",
                "finished": "0",
                "persistentComment": "100500",
                "nonPersistentComment": "",
                "openTime": "2022-12-02T17:54:55",
                "cookMins": "0",
                "basicSum": "155000",
                "nationalSum": "155000"
            },
            "Creator": {
                "@attributes": {
                    "id": "9001",
                    "code": "9001",
                    "name": "Система"
                },
                "Role": {
                    "@attributes": {
                        "id": "100010",
                        "code": "100010",
                        "name": "Система"
                    }
                }
            },
            "Waiter": {
                "@attributes": {
                    "id": "1000075",
                    "code": "233",
                    "name": "Terminator"
                },
                "Role": {
                    "@attributes": {
                        "id": "100005",
                        "code": "5",
                        "name": "Официанты"
                    }
                }
            },
            "OrderCategory": {
                "@attributes": {
                    "id": "10033",
                    "code": "1",
                    "name": "Основная"
                }
            },
            "OrderType": {
                "@attributes": {
                    "id": "10069",
                    "code": "9001",
                    "name": "не выбрано"
                }
            },
            "Table": {
                "@attributes": {
                    "id": "1000046",
                    "code": "12",
                    "name": "3"
                }
            },
            "ExternalProps": {
                "Prop": {
                    "@attributes": {
                        "name": "{7DC7AF79-1D00-4573-BE8A-A02C6FA3B430}",
                        "value": "A59"
                    }
                }
            },
            "Session": {
                "@attributes": {
                    "uni": "1",
                    "line_guid": "{BBC7703E-2EFC-4E2F-B7C6-601FD8BD52D1}",
                    "state": "4",
                    "sessionID": "1",
                    "isDraft": "0",
                    "remindTime": "2022-12-02T17:55:08",
                    "startService": "2022-12-02T17:55:08",
                    "printed": "1",
                    "cookMins": "0"
                },
                "Station": {
                    "@attributes": {
                        "id": "0",
                        "name": ""
                    }
                },
                "Author": {
                    "@attributes": {
                        "id": "9001",
                        "code": "9001",
                        "name": "Система"
                    },
                    "Role": {
                        "@attributes": {
                            "id": "100010",
                            "code": "100010",
                            "name": "Система"
                        }
                    }
                },
                "Creator": {
                    "@attributes": {
                        "id": "9001",
                        "code": "9001",
                        "name": "Система"
                    },
                    "Role": {
                        "@attributes": {
                            "id": "100010",
                            "code": "100010",
                            "name": "Система"
                        }
                    }
                },
                "Dish": {
                    "@attributes": {
                        "id": "1000361",
                        "code": "121",
                        "name": "Барное пиво",
                        "uni": "2",
                        "line_guid": "{5A3944C5-F5BE-40AF-9AB6-26ECEF8863F5}",
                        "state": "4",
                        "guid": "{BAC2D91B-BE01-4BC8-97BA-A5AF714C19DF}",
                        "price": "15500",
                        "amount": "155000",
                        "quantity": "10000",
                        "srcQuantity": "10000"
                    }
                },
                "PriceScale": {
                    "@attributes": {
                        "id": "3",
                        "code": "1",
                        "name": "Основная"
                    }
                },
                "TradeGroup": {
                    "@attributes": {
                        "id": "7",
                        "code": "1",
                        "name": "По умолчанию"
                    }
                }
            }
        },
        "Session": {
            "@attributes": {
                "line_guid": "{BBC7703E-2EFC-4E2F-B7C6-601FD8BD52D1}",
                "sessionID": "1"
            }
        }
    }
}
12sec response time

Заказ наполнился
]]></system-out>
  </testcase>
  <testcase name="openAndCheck" classname="tapper.tests.keeper_e2e._6_waiter._6_0_VerifiedFullNoCardWithScTest" time="6.693">
    <system-err><![CDATA[Starting ChromeDriver 108.0.5359.71 (1e0e3868ee06e91ad636a874420e3ca3ae3756ac-refs/branch-heads/5359@{#1016}) on port 18800
Only local connections are allowed.
Please see https://chromedriver.chromium.org/security-considerations for suggestions on keeping ChromeDriver safe.
ChromeDriver was started successfully.
дек. 02, 2022 5:51:36 PM org.openqa.selenium.devtools.CdpVersionFinder findNearestMatch
WARNING: Unable to find an exact match for CDP version 108, so returning the closest version found: 107
]]></system-err>
  </testcase>
  <testcase name="checkSumTipsSC" classname="tapper.tests.keeper_e2e._6_waiter._6_0_VerifiedFullNoCardWithScTest" time="2.094">
    <system-out><![CDATA[10 все не оплаченные и не блокированные позиции

1. Барное пиво - 155.0. Общая сумма: 155.0
2. Барное пиво - 155.0. Общая сумма: 310.0
3. Барное пиво - 155.0. Общая сумма: 465.0
4. Барное пиво - 155.0. Общая сумма: 620.0
5. Барное пиво - 155.0. Общая сумма: 775.0
6. Барное пиво - 155.0. Общая сумма: 930.0
7. Барное пиво - 155.0. Общая сумма: 1085.0
8. Барное пиво - 155.0. Общая сумма: 1240.0
9. Барное пиво - 155.0. Общая сумма: 1395.0
10. Барное пиво - 155.0. Общая сумма: 1550.0
0.0 чаевые
СБ включены
23.25 текущий сервисный сбор
1573.25 сумма за блюда + чаевые + сб

Чистая сумма совпадает с суммой в 'Итого к оплате'


Сумма 'Итого к оплате' совпадает с суммой в счётчике кошелька

]]></system-out>
  </testcase>
  <testcase name="savePaymentDataForAcquiring" classname="tapper.tests.keeper_e2e._6_waiter._6_0_VerifiedFullNoCardWithScTest" time="4.153">
    <system-out><![CDATA[23.25 sc
0.0 tips
1550.0 order_amount
{order_amount=155000, fee=2325, tips=0} данные для б2п
]]></system-out>
  </testcase>
  <testcase name="payAndGoToAcquiring" classname="tapper.tests.keeper_e2e._6_waiter._6_0_VerifiedFullNoCardWithScTest" time="2.485">
    <system-out><![CDATA[Сумма в тапере 1573.25 сходится с суммой в эквайринге 1573.25
]]></system-out>
  </testcase>
  <testcase name="checkPayment" classname="tapper.tests.keeper_e2e._6_waiter._6_0_VerifiedFullNoCardWithScTest" time="7.048">
    <system-out><![CDATA[0sec response time
Транзакция получена
{order_amount=155000, fee=2325, tips=0} tapper data
{order_amount=155000, fee=2325, tips=0} b2b data
Все суммы в таппере сходятся с транзакцией b2p
]]></system-out>
  </testcase>
  <testcase name="finishOrder" classname="tapper.tests.keeper_e2e._6_waiter._6_0_VerifiedFullNoCardWithScTest" time="1.146"/>
</testsuite>