<?xml version="1.0" encoding="UTF-8"?>
<testsuite xmlns:xsi="http://www.w3.org/2001/XMLSchema-instance" xsi:noNamespaceSchemaLocation="https://maven.apache.org/surefire/maven-surefire-plugin/xsd/surefire-test-report-3.0.xsd" version="3.0" name="tapper.tests.keeper_e2e._5_sockets._5_1_PartCheckEveryStatusTest" time="60.468" tests="12" errors="0" skipped="0" failures="0">
  <properties>
[...]
</properties>
  <testcase name="createAndFillOrder" classname="tapper.tests.keeper_e2e._5_sockets._5_1_PartCheckEveryStatusTest" time="1.466">
    <system-out><![CDATA[{
    "success": true,
    "result": {
        "visit": "548605377",
        "orderIdent": "256",
        "guid": "{12F5E5AC-058D-4417-A409-6B0ABD120C4B}",
        "url": "http://code.ucs.ru/qr?id=AB642685147F4091961D68CE3897D63A12F5E5AC058D4417A4096B0ABD120C4B5697117A",
        "orderName": "3",
        "version": "0",
        "crc32": "0",
        "orderSum": "0",
        "unpaidSum": "0",
        "discountSum": "0",
        "totalPieces": "0",
        "seqNumber": "135",
        "paid": "1",
        "finished": "0",
        "persistentComment": "100500",
        "nonPersistentComment": "",
        "openTime": "2022-12-02T17:53:07",
        "cookMins": "0"
    }
}
0sec response time

Заказ создался на кассе
{
    "success": true,
    "result": {
        "@attributes": {
            "ServerVersion": "7.7.0.120",
            "XmlVersion": "248",
            "NetName": "TAPPER",
            "Status": "Ok",
            "CMD": "SaveOrder",
            "ErrorText": "",
            "DateTime": "2022-12-02T17:53:07",
            "WorkTime": "15",
            "Processed": "1",
            "ArrivalDateTime": "2022-12-02T17:53:07"
        },
        "Order": {
            "@attributes": {
                "visit": "548605377",
                "orderIdent": "256",
                "guid": "{12F5E5AC-058D-4417-A409-6B0ABD120C4B}",
                "url": "http://code.ucs.ru/qr?id=AB642685147F4091961D68CE3897D63A12F5E5AC058D4417A4096B0ABD120C4B5697117A",
                "orderName": "3",
                "version": "1",
                "crc32": "1513968940",
                "orderSum": "93000",
                "unpaidSum": "93000",
                "discountSum": "0",
                "totalPieces": "6000",
                "seqNumber": "135",
                "paid": "0",
                "finished": "0",
                "persistentComment": "100500",
                "nonPersistentComment": "",
                "openTime": "2022-12-02T17:53:07",
                "cookMins": "0",
                "basicSum": "93000",
                "nationalSum": "93000"
            },
            "Creator": {
                "@attributes": {
                    "id": "9001",
                    "code": "9001",
                    "name": "Система"
                },
                "Role": {
                    "@attributes": {
                        "id": "100010",
                        "code": "100010",
                        "name": "Система"
                    }
                }
            },
            "Waiter": {
                "@attributes": {
                    "id": "1000073",
                    "code": "23",
                    "name": "Robocop"
                },
                "Role": {
                    "@attributes": {
                        "id": "100005",
                        "code": "5",
                        "name": "Официанты"
                    }
                }
            },
            "OrderCategory": {
                "@attributes": {
                    "id": "10033",
                    "code": "1",
                    "name": "Основная"
                }
            },
            "OrderType": {
                "@attributes": {
                    "id": "10069",
                    "code": "9001",
                    "name": "не выбрано"
                }
            },
            "Table": {
                "@attributes": {
                    "id": "1000046",
                    "code": "12",
                    "name": "3"
                }
            },
            "ExternalProps": {
                "Prop": {
                    "@attributes": {
                        "name": "{7DC7AF79-1D00-4573-BE8A-A02C6FA3B430}",
                        "value": "A51"
                    }
                }
            },
            "Session": {
                "@attributes": {
                    "uni": "1",
                    "line_guid": "{D96C0C95-B9D2-4BD8-9524-2BF43E772283}",
                    "state": "4",
                    "sessionID": "1",
                    "isDraft": "0",
                    "remindTime": "2022-12-02T17:53:07",
                    "startService": "2022-12-02T17:53:07",
                    "printed": "1",
                    "cookMins": "0"
                },
                "Station": {
                    "@attributes": {
                        "id": "0",
                        "name": ""
                    }
                },
                "Author": {
                    "@attributes": {
                        "id": "9001",
                        "code": "9001",
                        "name": "Система"
                    },
                    "Role": {
                        "@attributes": {
                            "id": "100010",
                            "code": "100010",
                            "name": "Система"
                        }
                    }
                },
                "Creator": {
                    "@attributes": {
                        "id": "9001",
                        "code": "9001",
                        "name": "Система"
                    },
                    "Role": {
                        "@attributes": {
                            "id": "100010",
                            "code": "100010",
                            "name": "Система"
                        }
                    }
                },
                "Dish": {
                    "@attributes": {
                        "id": "1000361",
                        "code": "121",
                        "name": "Барное пиво",
                        "uni": "2",
                        "line_guid": "{9E46C620-67DC-4361-A775-02A01DFFC5F6}",
                        "state": "4",
                        "guid": "{BAC2D91B-BE01-4BC8-97BA-A5AF714C19DF}",
                        "price": "15500",
                        "amount": "93000",
                        "quantity": "6000",
                        "srcQuantity": "6000"
                    }
                },
                "PriceScale": {
                    "@attributes": {
                        "id": "3",
                        "code": "1",
                        "name": "Основная"
                    }
                },
                "TradeGroup": {
                    "@attributes": {
                        "id": "7",
                        "code": "1",
                        "name": "По умолчанию"
                    }
                }
            }
        },
        "Session": {
            "@attributes": {
                "line_guid": "{D96C0C95-B9D2-4BD8-9524-2BF43E772283}",
                "sessionID": "1"
            }
        }
    }
}
0sec response time

Заказ наполнился
]]></system-out>
  </testcase>
  <testcase name="openAndCheck" classname="tapper.tests.keeper_e2e._5_sockets._5_1_PartCheckEveryStatusTest" time="6.073">
    <system-err><![CDATA[Starting ChromeDriver 108.0.5359.71 (1e0e3868ee06e91ad636a874420e3ca3ae3756ac-refs/branch-heads/5359@{#1016}) on port 34937
Only local connections are allowed.
Please see https://chromedriver.chromium.org/security-considerations for suggestions on keeping ChromeDriver safe.
ChromeDriver was started successfully.
дек. 02, 2022 5:49:36 PM org.openqa.selenium.devtools.CdpVersionFinder findNearestMatch
WARNING: Unable to find an exact match for CDP version 108, so returning the closest version found: 107
]]></system-err>
  </testcase>
  <testcase name="chooseDishesAndCheckAfterDivided" classname="tapper.tests.keeper_e2e._5_sockets._5_1_PartCheckEveryStatusTest" time="13.709">
    <system-out><![CDATA[
Количество рандомных позиций для выбора: 3
6 общее число позиций
Блюдо - Барное пиво - 155.0. Общая цена 155.0
Блюдо - Барное пиво - 155.0. Общая цена 310.0
Блюдо - Барное пиво - 155.0. Общая цена 465.0
1. Барное пиво - 155.0. Общая сумма: 155.0
2. Барное пиво - 155.0. Общая сумма: 310.0
3. Барное пиво - 155.0. Общая сумма: 465.0
Сумма в поле 'Отмеченные позиции' 465.0 совпадает с общей чистой суммой заказа 465.0

70.0 текущие чаевые по центру
70.0 текущие чаевые в поле 'Чаевые'
Чаевые по центру 70.0 совпадают с чаевыми в поле 'Чаевые' 70.0
70.0 чаевые
СБ включены
10.47 текущий сервисный сбор
545.47 сумма за блюда + чаевые + сб

Чистая сумма совпадает с суммой в 'Итого к оплате'


Сумма 'Итого к оплате' совпадает с суммой в счётчике кошелька

Чаевые по центру 0 совпадают с чаевыми в поле 'Чаевые' 0.0
СБ включены
6.97 текущий сервисный сбор

Сумма 'Итого к оплате' совпадает с суммой в счётчике кошелька


Процент чаевых 0
Чистая общая сумма 471.97 совпадает с 'Итого к оплате' 471.97

Чаевые по центру 70 совпадают с чаевыми в поле 'Чаевые' 70.0
СБ включены
10.47 текущий сервисный сбор

Сумма 'Итого к оплате' совпадает с суммой в счётчике кошелька


Процент чаевых 15
Чистая общая сумма 545.47 совпадает с 'Итого к оплате' 545.47

Чаевые по центру 93 совпадают с чаевыми в поле 'Чаевые' 93.0
СБ включены
11.63 текущий сервисный сбор

Сумма 'Итого к оплате' совпадает с суммой в счётчике кошелька


Процент чаевых 20
Чистая общая сумма 569.63 совпадает с 'Итого к оплате' 569.63

Чаевые по центру 116 совпадают с чаевыми в поле 'Чаевые' 116.0
СБ включены
12.77 текущий сервисный сбор

Сумма 'Итого к оплате' совпадает с суммой в счётчике кошелька


Процент чаевых 25
Чистая общая сумма 593.77 совпадает с 'Итого к оплате' 593.77

Чаевые по центру 0 совпадают с чаевыми в поле 'Чаевые' 0.0

Сумма 'Итого к оплате' совпадает с суммой в счётчике кошелька


Процент чаевых 0
Чистая общая сумма 465.0 совпадает с 'Итого к оплате' 465.0

Чаевые по центру 70 совпадают с чаевыми в поле 'Чаевые' 70.0

Сумма 'Итого к оплате' совпадает с суммой в счётчике кошелька


Процент чаевых 15
Чистая общая сумма 535.0 совпадает с 'Итого к оплате' 535.0

Чаевые по центру 93 совпадают с чаевыми в поле 'Чаевые' 93.0

Сумма 'Итого к оплате' совпадает с суммой в счётчике кошелька


Процент чаевых 20
Чистая общая сумма 558.0 совпадает с 'Итого к оплате' 558.0

Чаевые по центру 116 совпадают с чаевыми в поле 'Чаевые' 116.0

Сумма 'Итого к оплате' совпадает с суммой в счётчике кошелька


Процент чаевых 25
Чистая общая сумма 581.0 совпадает с 'Итого к оплате' 581.0

6.97 сервисный сбор от суммы
0.0 сервисный сбор от чаевых

Сервисный сбор считается корректно по формуле 1.5% от суммы 471.97 и 5% от чаевых 0.0

Сумма 'Итого к оплате' совпадает с суммой в счётчике кошелька

Чистая общая сумма 471.97 совпадает с 'Итого к оплате' 471.97

6.97 сервисный сбор от суммы
3.5 сервисный сбор от чаевых

Сервисный сбор считается корректно по формуле 1.5% от суммы 545.47 и 5% от чаевых 70.0

Сумма 'Итого к оплате' совпадает с суммой в счётчике кошелька

Чистая общая сумма 545.47 совпадает с 'Итого к оплате' 545.47

6.97 сервисный сбор от суммы
4.65 сервисный сбор от чаевых

Сервисный сбор считается корректно по формуле 1.5% от суммы 569.62 и 5% от чаевых 93.0

Сумма 'Итого к оплате' совпадает с суммой в счётчике кошелька

Чистая общая сумма 569.62 совпадает с 'Итого к оплате' 569.63

6.97 сервисный сбор от суммы
5.8 сервисный сбор от чаевых

Сервисный сбор считается корректно по формуле 1.5% от суммы 593.77 и 5% от чаевых 116.0

Сумма 'Итого к оплате' совпадает с суммой в счётчике кошелька

Чистая общая сумма 593.77 совпадает с 'Итого к оплате' 593.77

]]></system-out>
  </testcase>
  <testcase name="switchToAnotherUser" classname="tapper.tests.keeper_e2e._5_sockets._5_1_PartCheckEveryStatusTest" time="2.284">
    <system-out><![CDATA[
Количество не оплаченных и не заблокированных блюд : 6
Блюдо - Барное пиво - 155.0
Выбрано количество блюд : 1
Блюдо - Барное пиво - 155.0
Выбрано количество блюд : 2
Блюдо - Барное пиво - 155.0
Выбрано количество блюд : 3
{0={Барное пиво=155.0}, 1={Барное пиво=155.0}, 2={Барное пиво=155.0}} выбрано гостем
]]></system-out>
  </testcase>
  <testcase name="checkDisabledDishes" classname="tapper.tests.keeper_e2e._5_sockets._5_1_PartCheckEveryStatusTest" time="1.233">
    <system-out><![CDATA[false разделяется счёт?
0 не оплаченных и не заблоченных блюд количество
3 заблоченных или оплаченных количество
.dishList__item.active.filter(text " Оплачивается ") []

Количество заблокированных блюд : 3
{0={Барное пиво=155.0}, 1={Барное пиво=155.0}, 2={Барное пиво=155.0}} ранее заказ
{0={Барное пиво=155.0}, 1={Барное пиво=155.0}, 2={Барное пиво=155.0}} текущий заказ
Блюда совпадают
]]></system-out>
  </testcase>
  <testcase name="switchBackTo1Guest" classname="tapper.tests.keeper_e2e._5_sockets._5_1_PartCheckEveryStatusTest" time="0.013"/>
  <testcase name="savePaymentDataAndGoToAcquiring" classname="tapper.tests.keeper_e2e._5_sockets._5_1_PartCheckEveryStatusTest" time="1.305">
    <system-out><![CDATA[12.77 sc
116.0 tips
465.0 order_amount
{order_amount=46500, fee=1277, tips=11600} данные для б2п
]]></system-out>
  </testcase>
  <testcase name="payOnAcquiring" classname="tapper.tests.keeper_e2e._5_sockets._5_1_PartCheckEveryStatusTest" time="6.371">
    <system-out><![CDATA[Сумма в тапере 593.77 сходится с суммой в эквайринге 593.77
]]></system-out>
  </testcase>
  <testcase name="checkPaymentStatus" classname="tapper.tests.keeper_e2e._5_sockets._5_1_PartCheckEveryStatusTest" time="7.255">
    <system-out><![CDATA[0sec response time
Транзакция получена
{order_amount=46500, fee=1277, tips=11600} tapper data
{order_amount=46500, fee=1277, tips=11600} b2b data
Все суммы в таппере сходятся с транзакцией b2p
]]></system-out>
  </testcase>
  <testcase name="switchTo2ndGuestAndCheckPaidDishes" classname="tapper.tests.keeper_e2e._5_sockets._5_1_PartCheckEveryStatusTest" time="0.227">
    <system-out><![CDATA[
Количество оплаченных и не заблокированных блюд : 3
Блюдо - Барное пиво - 155.0
Блюдо - Барное пиво - 155.0
Блюдо - Барное пиво - 155.0
{0={Барное пиво=155.0}, 1={Барное пиво=155.0}, 2={Барное пиво=155.0}} заказ ранее выбранных позиций
{0={Барное пиво=155.0}, 1={Барное пиво=155.0}, 2={Барное пиво=155.0}} заказ оплаченных позиций
Блюда совпадают
]]></system-out>
  </testcase>
  <testcase name="switchTo1stdGuestAndCheckPaidDishes" classname="tapper.tests.keeper_e2e._5_sockets._5_1_PartCheckEveryStatusTest" time="1.41">
    <system-out><![CDATA[
Количество оплаченных и не заблокированных блюд : 3
Блюдо - Барное пиво - 155.0
Блюдо - Барное пиво - 155.0
Блюдо - Барное пиво - 155.0
{0={Барное пиво=155.0}, 1={Барное пиво=155.0}, 2={Барное пиво=155.0}} заказ ранее выбранных позиций
{0={Барное пиво=155.0}, 1={Барное пиво=155.0}, 2={Барное пиво=155.0}} заказ оплаченных позиций
Блюда совпадают
]]></system-out>
  </testcase>
  <testcase name="closeOrder" classname="tapper.tests.keeper_e2e._5_sockets._5_1_PartCheckEveryStatusTest" time="18.916">
    <system-out><![CDATA[Заказ успешно оплачен
Скоро здесь появится ваш заказ
]]></system-out>
  </testcase>
</testsuite>