<?xml version="1.0" encoding="UTF-8"?>
<testsuite xmlns:xsi="http://www.w3.org/2001/XMLSchema-instance" xsi:noNamespaceSchemaLocation="https://maven.apache.org/surefire/maven-surefire-plugin/xsd/surefire-test-report-3.0.xsd" version="3.0" name="tapper.tests.e2e.BasicPartialPaymentTest" time="101.299" tests="13" errors="0" skipped="2" failures="2">
  <properties>
[...]
</properties>
  <testcase name="" classname="api.APIDebugTests" time="0">
    <skipped message="class api.APIDebugTests is @Disabled"/>
  </testcase>
  <testcase name="" classname="tapper.tests.DebugTests" time="0">
    <skipped message="class tapper.tests.DebugTests is @Disabled"/>
  </testcase>
  <testcase name="createAndFillOrder" classname="tapper.tests.e2e.BasicPartialPaymentTest" time="5.267">
    <system-out><![CDATA[HTTP/1.1 200 OK
Server: nginx/1.22.0
Content-Type: application/json
Transfer-Encoding: chunked
Connection: keep-alive
X-Powered-By: PHP/8.0.20
Cache-Control: no-cache, private
Date: Thu, 03 Nov 2022 12:42:10 GMT
X-RateLimit-Limit: 60
X-RateLimit-Remaining: 57
Access-Control-Allow-Credentials: true
Access-Control-Allow-Methods: GET, POST, PUT, DELETE, OPTIONS
Access-Control-Allow-Headers: Accept, Authorization, Cache-Control, Content-Type, Keep-Alive, Origin, User-Agent, X-Requested-With, x-xsrf-token, Set-Cookie
Vary: Origin

{
    "success": true,
    "result": {
        "visit": "546702595",
        "orderIdent": "256",
        "guid": "{D5AE669B-6BA2-4E84-8052-1FAD9688086F}",
        "url": "http://code.ucs.ru/qr?id=AB642685147F4091961D68CE3897D63AD5AE669B6BA24E8480521FAD9688086F81AE33CB",
        "orderName": "3",
        "version": "0",
        "crc32": "0",
        "orderSum": "0",
        "unpaidSum": "0",
        "discountSum": "0",
        "totalPieces": "0",
        "seqNumber": "254",
        "paid": "1",
        "finished": "0",
        "persistentComment": "100500",
        "nonPersistentComment": "",
        "openTime": "2022-11-03T17:45:27",
        "cookMins": "0"
    }
}
HTTP/1.1 200 OK
Server: nginx/1.22.0
Content-Type: application/json
Transfer-Encoding: chunked
Connection: keep-alive
X-Powered-By: PHP/8.0.20
Cache-Control: no-cache, private
Date: Thu, 03 Nov 2022 12:42:10 GMT
X-RateLimit-Limit: 60
X-RateLimit-Remaining: 57
Access-Control-Allow-Credentials: true
Access-Control-Allow-Methods: GET, POST, PUT, DELETE, OPTIONS
Access-Control-Allow-Headers: Accept, Authorization, Cache-Control, Content-Type, Keep-Alive, Origin, User-Agent, X-Requested-With, x-xsrf-token, Set-Cookie
Vary: Origin

{
    "success": true,
    "result": {
        "visit": "546702596",
        "orderIdent": "256",
        "guid": "{2C242CE9-40AD-4BC4-985D-406F51326095}",
        "url": "http://code.ucs.ru/qr?id=AB642685147F4091961D68CE3897D63A2C242CE940AD4BC4985D406F513260954D909909",
        "orderName": "3.1",
        "version": "0",
        "crc32": "0",
        "orderSum": "0",
        "unpaidSum": "0",
        "discountSum": "0",
        "totalPieces": "0",
        "seqNumber": "255",
        "paid": "1",
        "finished": "0",
        "persistentComment": "100500",
        "nonPersistentComment": "",
        "openTime": "2022-11-03T17:45:27",
        "cookMins": "0"
    }
}
546702596
546702595
HTTP/1.1 200 OK
Server: nginx/1.22.0
Content-Type: application/json
Transfer-Encoding: chunked
Connection: keep-alive
X-Powered-By: PHP/8.0.20
Cache-Control: no-cache, private
Date: Thu, 03 Nov 2022 12:42:12 GMT
X-RateLimit-Limit: 60
X-RateLimit-Remaining: 56
Access-Control-Allow-Credentials: true
Access-Control-Allow-Methods: GET, POST, PUT, DELETE, OPTIONS
Access-Control-Allow-Headers: Accept, Authorization, Cache-Control, Content-Type, Keep-Alive, Origin, User-Agent, X-Requested-With, x-xsrf-token, Set-Cookie
Vary: Origin

{
    "success": true,
    "result": {
        "@attributes": {
            "ServerVersion": "7.7.0.120",
            "XmlVersion": "248",
            "NetName": "TAPPER",
            "Status": "Ok",
            "CMD": "SaveOrder",
            "ErrorText": "",
            "DateTime": "2022-11-03T17:45:29",
            "WorkTime": "16",
            "Processed": "1",
            "ArrivalDateTime": "2022-11-03T17:45:29"
        },
        "Order": {
            "@attributes": {
                "visit": "546702595",
                "orderIdent": "256",
                "guid": "{D5AE669B-6BA2-4E84-8052-1FAD9688086F}",
                "url": "http://code.ucs.ru/qr?id=AB642685147F4091961D68CE3897D63AD5AE669B6BA24E8480521FAD9688086F81AE33CB",
                "orderName": "3",
                "version": "1",
                "crc32": "-2076093142",
                "orderSum": "232500",
                "unpaidSum": "232500",
                "discountSum": "0",
                "totalPieces": "15000",
                "seqNumber": "254",
                "paid": "0",
                "finished": "0",
                "persistentComment": "100500",
                "nonPersistentComment": "",
                "openTime": "2022-11-03T17:45:27",
                "cookMins": "0",
                "basicSum": "232500",
                "nationalSum": "232500"
            },
            "Creator": {
                "@attributes": {
                    "id": "9001",
                    "code": "9001",
                    "name": "Система"
                },
                "Role": {
                    "@attributes": {
                        "id": "100010",
                        "code": "100010",
                        "name": "Система"
                    }
                }
            },
            "Waiter": {
                "@attributes": {
                    "id": "1000004",
                    "code": "9999",
                    "name": "tapper"
                },
                "Role": {
                    "@attributes": {
                        "id": "1000034",
                        "code": "9999",
                        "name": "VIMTEX"
                    }
                }
            },
            "OrderCategory": {
                "@attributes": {
                    "id": "10033",
                    "code": "1",
                    "name": "Основная"
                }
            },
            "OrderType": {
                "@attributes": {
                    "id": "10069",
                    "code": "9001",
                    "name": "не выбрано"
                }
            },
            "Table": {
                "@attributes": {
                    "id": "1000046",
                    "code": "12",
                    "name": "3"
                }
            },
            "ExternalProps": {
                "Prop": {
                    "@attributes": {
                        "name": "{7DC7AF79-1D00-4573-BE8A-A02C6FA3B430}",
                        "value": "A70"
                    }
                }
            },
            "Session": {
                "@attributes": {
                    "uni": "1",
                    "line_guid": "{31A1378D-E1AE-4DE3-A403-946A939DAED3}",
                    "state": "4",
                    "sessionID": "1",
                    "isDraft": "0",
                    "remindTime": "2022-11-03T17:45:29",
                    "startService": "2022-11-03T17:45:29",
                    "printed": "1",
                    "cookMins": "0"
                },
                "Station": {
                    "@attributes": {
                        "id": "0",
                        "name": ""
                    }
                },
                "Author": {
                    "@attributes": {
                        "id": "9001",
                        "code": "9001",
                        "name": "Система"
                    },
                    "Role": {
                        "@attributes": {
                            "id": "100010",
                            "code": "100010",
                            "name": "Система"
                        }
                    }
                },
                "Creator": {
                    "@attributes": {
                        "id": "9001",
                        "code": "9001",
                        "name": "Система"
                    },
                    "Role": {
                        "@attributes": {
                            "id": "100010",
                            "code": "100010",
                            "name": "Система"
                        }
                    }
                },
                "Dish": {
                    "@attributes": {
                        "id": "1000303",
                        "code": "110",
                        "name": "Барное пиво",
                        "uni": "2",
                        "line_guid": "{DC12A074-F4D5-4622-99E9-CFC3E6C062F0}",
                        "state": "4",
                        "guid": "{AC7D9BE5-2107-479D-A560-8D046AF15BCC}",
                        "price": "15500",
                        "amount": "232500",
                        "quantity": "15000",
                        "srcQuantity": "15000"
                    }
                },
                "PriceScale": {
                    "@attributes": {
                        "id": "3",
                        "code": "1",
                        "name": "Основная"
                    }
                },
                "TradeGroup": {
                    "@attributes": {
                        "id": "7",
                        "code": "1",
                        "name": "По умолчанию"
                    }
                }
            }
        },
        "Session": {
            "@attributes": {
                "line_guid": "{31A1378D-E1AE-4DE3-A403-946A939DAED3}",
                "sessionID": "1"
            }
        }
    }
}
]]></system-out>
  </testcase>
  <testcase name="openAndCheck" classname="tapper.tests.e2e.BasicPartialPaymentTest" time="12.987">
    <system-err><![CDATA[Starting ChromeDriver 107.0.5304.62 (1eec40d3a5764881c92085aaee66d25075c159aa-refs/branch-heads/5304@{#942}) on port 43249
Only local connections are allowed.
Please see https://chromedriver.chromium.org/security-considerations for suggestions on keeping ChromeDriver safe.
ChromeDriver was started successfully.
нояб. 03, 2022 5:42:12 PM org.openqa.selenium.devtools.CdpVersionFinder findNearestMatch
WARNING: Unable to find an exact match for CDP version 107, so returning the closest version found: 106
]]></system-err>
  </testcase>
  <testcase name="checkSumTipsSC" classname="tapper.tests.e2e.BasicPartialPaymentTest" time="21.867">
    <system-out><![CDATA[
Количество рандомных позиций для оплаты: 10
15 общее число позиций
0 generated number
false is selected checkbox?
false flag
clicked
Блюдо Барное пиво
Цена блюда 155.0
Общая цена 155.0

15 общее число позиций
5 generated number
false is selected checkbox?
false flag
clicked
Блюдо Барное пиво
Цена блюда 155.0
Общая цена 310.0

15 общее число позиций
11 generated number
false is selected checkbox?
false flag
clicked
Блюдо Барное пиво
Цена блюда 155.0
Общая цена 465.0

15 общее число позиций
7 generated number
false is selected checkbox?
false flag
clicked
Блюдо Барное пиво
Цена блюда 155.0
Общая цена 620.0

15 общее число позиций
8 generated number
false is selected checkbox?
false flag
clicked
Блюдо Барное пиво
Цена блюда 155.0
Общая цена 775.0

15 общее число позиций
0 generated number
true is selected checkbox?
true flag
5 generated number
true is selected checkbox?
true flag
7 generated number
true is selected checkbox?
true flag
0 generated number
true is selected checkbox?
true flag
0 generated number
true is selected checkbox?
true flag
12 generated number
false is selected checkbox?
false flag
clicked
Блюдо Барное пиво
Цена блюда 155.0
Общая цена 930.0

15 общее число позиций
5 generated number
true is selected checkbox?
true flag
10 generated number
false is selected checkbox?
false flag
clicked
Блюдо Барное пиво
Цена блюда 155.0
Общая цена 1085.0

15 общее число позиций
12 generated number
true is selected checkbox?
true flag
13 generated number
false is selected checkbox?
false flag
clicked
Блюдо Барное пиво
Цена блюда 155.0
Общая цена 1240.0

15 общее число позиций
2 generated number
false is selected checkbox?
false flag
clicked
Блюдо Барное пиво
Цена блюда 155.0
Общая цена 1395.0

15 общее число позиций
2 generated number
true is selected checkbox?
true flag
9 generated number
false is selected checkbox?
false flag
clicked
Блюдо Барное пиво
Цена блюда 155.0
Общая цена 1550.0

true is selected SC?
1550.0 общая сумма за блюда без чаевых и без сервисного сбора
1573.25 общая сумма за блюда c сервисным сбором
1573.25 общая сумма в графе 'Итого к оплате' c учетом скидки и чаевых

23.25 сервисный сбор по текущей проценту чаевых: 0
1550.0 общая сумма за блюда без чаевых и без сервисного сбора
155.0 чаевые посчитанные по общей сумме за блюда (чистые)
1705.0 общая сумма за блюда c чаевым, но без сервисного сбора

31.0 сервисный сбор по текущей проценту чаевых: 10

1736.0 общая сумма за блюда c чаевым и сервисным сбором

1736.0 общая сумма в графе 'Итого к оплате' c учетом чаевых и сервисного сбора

total tips sum in middle = clean tips
tips sum in check = clean tips
total sum dishes = totalPaySum + clean tips + service charge
1550.0 общая сумма за блюда без чаевых и без сервисного сбора
233.0 чаевые посчитанные по общей сумме за блюда (чистые)
1783.0 общая сумма за блюда c чаевым, но без сервисного сбора

34.9 сервисный сбор по текущей проценту чаевых: 15

1817.9 общая сумма за блюда c чаевым и сервисным сбором

1817.9 общая сумма в графе 'Итого к оплате' c учетом чаевых и сервисного сбора

total tips sum in middle = clean tips
tips sum in check = clean tips
total sum dishes = totalPaySum + clean tips + service charge
1550.0 общая сумма за блюда без чаевых и без сервисного сбора
310.0 чаевые посчитанные по общей сумме за блюда (чистые)
1860.0 общая сумма за блюда c чаевым, но без сервисного сбора

38.75 сервисный сбор по текущей проценту чаевых: 20

1898.75 общая сумма за блюда c чаевым и сервисным сбором

1898.75 общая сумма в графе 'Итого к оплате' c учетом чаевых и сервисного сбора

total tips sum in middle = clean tips
tips sum in check = clean tips
total sum dishes = totalPaySum + clean tips + service charge
1550.0 общая сумма за блюда без чаевых и без сервисного сбора
388.0 чаевые посчитанные по общей сумме за блюда (чистые)
1938.0 общая сумма за блюда c чаевым, но без сервисного сбора

42.65 сервисный сбор по текущей проценту чаевых: 25

1980.65 общая сумма за блюда c чаевым и сервисным сбором

1980.65 общая сумма в графе 'Итого к оплате' c учетом чаевых и сервисного сбора

total tips sum in middle = clean tips
tips sum in check = clean tips
total sum dishes = totalPaySum + clean tips + service charge

Текущий активный процент скидки 0
Сумма в 'Итого к оплате' 1550.0
Чаевые в поле 'Чаевые' 0.0
Чаевые по центру блока 0
Сумма в иконке кошелька 1550.0


Текущий активный процент скидки 10
Сумма в 'Итого к оплате' 1705.0
Чаевые в поле 'Чаевые' 155.0
Чаевые по центру блока 155
Сумма в иконке кошелька 1705.0

Чистые чаевые 155.0
Чаевые по середине в чеке равным чистым чаевым
Чаевые в 'Итого к оплате' равным чистым чаевым
Сумма всех позиций с чистыми чаевыми равна сумме в 'Итого к оплате'

Текущий активный процент скидки 15
Сумма в 'Итого к оплате' 1783.0
Чаевые в поле 'Чаевые' 233.0
Чаевые по центру блока 233
Сумма в иконке кошелька 1783.0

Чистые чаевые 233.0
Чаевые по середине в чеке равным чистым чаевым
Чаевые в 'Итого к оплате' равным чистым чаевым
Сумма всех позиций с чистыми чаевыми равна сумме в 'Итого к оплате'

Текущий активный процент скидки 20
Сумма в 'Итого к оплате' 1860.0
Чаевые в поле 'Чаевые' 310.0
Чаевые по центру блока 310
Сумма в иконке кошелька 1860.0

Чистые чаевые 310.0
Чаевые по середине в чеке равным чистым чаевым
Чаевые в 'Итого к оплате' равным чистым чаевым
Сумма всех позиций с чистыми чаевыми равна сумме в 'Итого к оплате'

Текущий активный процент скидки 25
Сумма в 'Итого к оплате' 1938.0
Чаевые в поле 'Чаевые' 388.0
Чаевые по центру блока 388
Сумма в иконке кошелька 1938.0

Чистые чаевые 388.0
Чаевые по середине в чеке равным чистым чаевым
Чаевые в 'Итого к оплате' равным чистым чаевым
Сумма всех позиций с чистыми чаевыми равна сумме в 'Итого к оплате'
]]></system-out>
  </testcase>
  <testcase name="payAndGoToAcquiring" classname="tapper.tests.e2e.BasicPartialPaymentTest" time="9.566">
    <system-out><![CDATA[1550.0 total b2b
Сумма в тапере 1550.0 сходится с суммой в эквайринге 1550.0
]]></system-out>
  </testcase>
  <testcase name="paymentCorrect" classname="tapper.tests.e2e.BasicPartialPaymentTest" time="36.753">
    <failure type="com.codeborne.selenide.ex.ElementShould"><![CDATA[com.codeborne.selenide.ex.ElementShould: 
Element should be visible {By.xpath: //div[./div[@class='startScreen']]}
Element: '<div class="vh100" data-vue100vh displayed:false></div>'
Actual value: hidden
Screenshot: file:/C:/tapper.cloud/build/reports/tests/1667479411113.0.png
Page source: file:/C:/tapper.cloud/build/reports/tests/1667479411113.0.html
Timeout: 30 s.
	at tapper.tests.e2e.BasicPartialPaymentTest.paymentCorrect(BasicPartialPaymentTest.java:98)
]]></failure>
  </testcase>
  <testcase name="reviewCorrect" classname="tapper.tests.e2e.BasicPartialPaymentTest" time="8.54">
    <failure type="com.codeborne.selenide.ex.InvalidStateException"><![CDATA[com.codeborne.selenide.ex.InvalidStateException: 
Invalid element state [button.main-btn]: element click intercepted: Element <button class="payment-btn main-btn" disabled="">...</button> is not clickable at point (952, 965). Other element would receive the click: <div class="menu">...</div>
Screenshot: file:/C:/tapper.cloud/build/reports/tests/1667479419649.1.png
Page source: file:/C:/tapper.cloud/build/reports/tests/1667479419649.1.html
Timeout: 4 s.
Caused by: ElementClickInterceptedException: element click intercepted: Element <button class="payment-btn main-btn" disabled="">...</button> is not clickable at point (952, 965). Other element would receive the click: <div class="menu">...</div>
	at tapper.tests.e2e.BasicPartialPaymentTest.reviewCorrect(BasicPartialPaymentTest.java:111)
Caused by: org.openqa.selenium.ElementClickInterceptedException: 
element click intercepted: Element <button class="payment-btn main-btn" disabled="">...</button> is not clickable at point (952, 965). Other element would receive the click: <div class="menu">...</div>
  (Session info: chrome=107.0.5304.88)
Build info: version: '4.5.3', revision: '4b786a1e430'
System info: os.name: 'Windows 10', os.arch: 'amd64', os.version: '10.0', java.version: '16.0.2'
Driver info: org.openqa.selenium.chrome.ChromeDriver
Command: [c0a5d940b193c0ed66b21fdca200ce80, clickElement {id=65cc53e8-bf30-469c-a086-8b35b6d3c437}]
Capabilities {acceptInsecureCerts: true, browserName: chrome, browserVersion: 107.0.5304.88, chrome: {chromedriverVersion: 107.0.5304.62 (1eec40d3a576..., userDataDir: C:\Users\user\AppData\Local...}, goog:chromeOptions: {debuggerAddress: localhost:58102}, networkConnectionEnabled: false, pageLoadStrategy: normal, platformName: WINDOWS, proxy: Proxy(), se:cdp: ws://localhost:58102/devtoo..., se:cdpVersion: 107.0.5304.88, setWindowRect: true, strictFileInteractability: false, timeouts: {implicit: 0, pageLoad: 300000, script: 30000}, unhandledPromptBehavior: accept, webauthn:extension:credBlob: true, webauthn:extension:largeBlob: true, webauthn:virtualAuthenticators: true}
Element: [[ChromeDriver: chrome on WINDOWS (c0a5d940b193c0ed66b21fdca200ce80)] -> css selector: button.main-btn]
Session ID: c0a5d940b193c0ed66b21fdca200ce80
	at tapper.tests.e2e.BasicPartialPaymentTest.reviewCorrect(BasicPartialPaymentTest.java:111)
]]></failure>
    <system-out><![CDATA[3100.0 total b2b
Сумма в тапере 3100.0 сходится с суммой в эквайринге 3100.0
]]></system-out>
  </testcase>
  <testcase name="emptyOrderCorrect" classname="tapper.tests.e2e.BasicPartialPaymentTest" time="6.006"/>
  <testcase name="createAndFillOrder" classname="tapper.tests.e2e.BasicFullPaymentTest" time="65.228">
    <system-out><![CDATA[HTTP/1.1 200 OK
Server: nginx/1.22.0
Content-Type: application/json
Transfer-Encoding: chunked
Connection: keep-alive
X-Powered-By: PHP/8.0.20
Cache-Control: no-cache, private
Date: Thu, 03 Nov 2022 12:43:12 GMT
X-RateLimit-Limit: 60
X-RateLimit-Remaining: 59
Access-Control-Allow-Credentials: true
Access-Control-Allow-Methods: GET, POST, PUT, DELETE, OPTIONS
Access-Control-Allow-Headers: Accept, Authorization, Cache-Control, Content-Type, Keep-Alive, Origin, User-Agent, X-Requested-With, x-xsrf-token, Set-Cookie
Vary: Origin

{
    "success": true,
    "result": {
        "@attributes": {
            "ServerVersion": "7.7.0.120",
            "XmlVersion": "248",
            "NetName": "TAPPER",
            "Status": "Ok",
            "CMD": "SaveOrder",
            "ErrorText": "",
            "DateTime": "2022-11-03T17:46:29",
            "WorkTime": "16",
            "Processed": "1",
            "ArrivalDateTime": "2022-11-03T17:46:29"
        },
        "Order": {
            "@attributes": {
                "visit": "546702596",
                "orderIdent": "256",
                "guid": "{2C242CE9-40AD-4BC4-985D-406F51326095}",
                "url": "http://code.ucs.ru/qr?id=AB642685147F4091961D68CE3897D63A2C242CE940AD4BC4985D406F513260954D909909",
                "orderName": "3.1",
                "version": "1",
                "crc32": "-2076093142",
                "orderSum": "232500",
                "unpaidSum": "232500",
                "discountSum": "0",
                "totalPieces": "15000",
                "seqNumber": "255",
                "paid": "0",
                "finished": "0",
                "persistentComment": "100500",
                "nonPersistentComment": "",
                "openTime": "2022-11-03T17:45:27",
                "cookMins": "0",
                "basicSum": "232500",
                "nationalSum": "232500"
            },
            "Creator": {
                "@attributes": {
                    "id": "9001",
                    "code": "9001",
                    "name": "Система"
                },
                "Role": {
                    "@attributes": {
                        "id": "100010",
                        "code": "100010",
                        "name": "Система"
                    }
                }
            },
            "Waiter": {
                "@attributes": {
                    "id": "1000004",
                    "code": "9999",
                    "name": "tapper"
                },
                "Role": {
                    "@attributes": {
                        "id": "1000034",
                        "code": "9999",
                        "name": "VIMTEX"
                    }
                }
            },
            "OrderCategory": {
                "@attributes": {
                    "id": "10033",
                    "code": "1",
                    "name": "Основная"
                }
            },
            "OrderType": {
                "@attributes": {
                    "id": "10069",
                    "code": "9001",
                    "name": "не выбрано"
                }
            },
            "Table": {
                "@attributes": {
                    "id": "1000046",
                    "code": "12",
                    "name": "3"
                }
            },
            "ExternalProps": {
                "Prop": {
                    "@attributes": {
                        "name": "{7DC7AF79-1D00-4573-BE8A-A02C6FA3B430}",
                        "value": "A71"
                    }
                }
            },
            "Session": {
                "@attributes": {
                    "uni": "1",
                    "line_guid": "{8D873FEE-CC1B-4366-8BD0-FE7AEFBF51E8}",
                    "state": "4",
                    "sessionID": "1",
                    "isDraft": "0",
                    "remindTime": "2022-11-03T17:46:29",
                    "startService": "2022-11-03T17:46:29",
                    "printed": "1",
                    "cookMins": "0"
                },
                "Station": {
                    "@attributes": {
                        "id": "0",
                        "name": ""
                    }
                },
                "Author": {
                    "@attributes": {
                        "id": "9001",
                        "code": "9001",
                        "name": "Система"
                    },
                    "Role": {
                        "@attributes": {
                            "id": "100010",
                            "code": "100010",
                            "name": "Система"
                        }
                    }
                },
                "Creator": {
                    "@attributes": {
                        "id": "9001",
                        "code": "9001",
                        "name": "Система"
                    },
                    "Role": {
                        "@attributes": {
                            "id": "100010",
                            "code": "100010",
                            "name": "Система"
                        }
                    }
                },
                "Dish": {
                    "@attributes": {
                        "id": "1000303",
                        "code": "110",
                        "name": "Барное пиво",
                        "uni": "2",
                        "line_guid": "{2BECF985-4191-40AF-BE27-A2CB0BB76156}",
                        "state": "4",
                        "guid": "{AC7D9BE5-2107-479D-A560-8D046AF15BCC}",
                        "price": "15500",
                        "amount": "232500",
                        "quantity": "15000",
                        "srcQuantity": "15000"
                    }
                },
                "PriceScale": {
                    "@attributes": {
                        "id": "3",
                        "code": "1",
                        "name": "Основная"
                    }
                },
                "TradeGroup": {
                    "@attributes": {
                        "id": "7",
                        "code": "1",
                        "name": "По умолчанию"
                    }
                }
            }
        },
        "Session": {
            "@attributes": {
                "line_guid": "{8D873FEE-CC1B-4366-8BD0-FE7AEFBF51E8}",
                "sessionID": "1"
            }
        }
    }
}
]]></system-out>
  </testcase>
  <testcase name="openAndCheck" classname="tapper.tests.e2e.BasicFullPaymentTest" time="11.682">
    <system-err><![CDATA[Starting ChromeDriver 107.0.5304.62 (1eec40d3a5764881c92085aaee66d25075c159aa-refs/branch-heads/5304@{#942}) on port 18138
Only local connections are allowed.
Please see https://chromedriver.chromium.org/security-considerations for suggestions on keeping ChromeDriver safe.
ChromeDriver was started successfully.
нояб. 03, 2022 5:43:10 PM org.openqa.selenium.devtools.CdpVersionFinder findNearestMatch
WARNING: Unable to find an exact match for CDP version 107, so returning the closest version found: 106
]]></system-err>
  </testcase>
  <testcase name="checkSumTipsSC" classname="tapper.tests.e2e.BasicFullPaymentTest" time="7.889">
    <system-out><![CDATA[1. Барное пиво - 155.0 --- цена текущей позиции
Общая сумма: 155.0
2. Барное пиво - 155.0 --- цена текущей позиции
Общая сумма: 310.0
3. Барное пиво - 155.0 --- цена текущей позиции
Общая сумма: 465.0
4. Барное пиво - 155.0 --- цена текущей позиции
Общая сумма: 620.0
5. Барное пиво - 155.0 --- цена текущей позиции
Общая сумма: 775.0
6. Барное пиво - 155.0 --- цена текущей позиции
Общая сумма: 930.0
7. Барное пиво - 155.0 --- цена текущей позиции
Общая сумма: 1085.0
8. Барное пиво - 155.0 --- цена текущей позиции
Общая сумма: 1240.0
9. Барное пиво - 155.0 --- цена текущей позиции
Общая сумма: 1395.0
10. Барное пиво - 155.0 --- цена текущей позиции
Общая сумма: 1550.0
11. Барное пиво - 155.0 --- цена текущей позиции
Общая сумма: 1705.0
12. Барное пиво - 155.0 --- цена текущей позиции
Общая сумма: 1860.0
13. Барное пиво - 155.0 --- цена текущей позиции
Общая сумма: 2015.0
14. Барное пиво - 155.0 --- цена текущей позиции
Общая сумма: 2170.0
15. Барное пиво - 155.0 --- цена текущей позиции
Общая сумма: 2325.0
16. Барное пиво - 155.0 --- цена текущей позиции
Общая сумма: 2480.0
17. Барное пиво - 155.0 --- цена текущей позиции
Общая сумма: 2635.0
18. Барное пиво - 155.0 --- цена текущей позиции
Общая сумма: 2790.0
19. Барное пиво - 155.0 --- цена текущей позиции
Общая сумма: 2945.0
20. Барное пиво - 155.0 --- цена текущей позиции
Общая сумма: 3100.0
3100.0 total sum in menu
true is selected SC?
46.5 before format
46.5 after format
3100.0 общая сумма за блюда без чаевых и без сервисного сбора
3146.5 общая сумма за блюда c сервисным сбором
3146.5 общая сумма в графе 'Итого к оплате' c учетом скидки и чаевых

46.5 сервисный сбор по текущей проценту чаевых: 0
62.0 before format
62.0 after format
3100.0 общая сумма за блюда без чаевых и без сервисного сбора
310.0 чаевые посчитанные по общей сумме за блюда (чистые)
3410.0 общая сумма за блюда c чаевым, но без сервисного сбора

62.0 сервисный сбор по текущей проценту чаевых: 10

3472.0 общая сумма за блюда c чаевым и сервисным сбором

3472.0 общая сумма в графе 'Итого к оплате' c учетом чаевых и сервисного сбора

total tips sum in middle = clean tips
tips sum in check = clean tips
total sum dishes = totalPaySum + clean tips + service charge
69.75 before format
69.75 after format
3100.0 общая сумма за блюда без чаевых и без сервисного сбора
465.0 чаевые посчитанные по общей сумме за блюда (чистые)
3565.0 общая сумма за блюда c чаевым, но без сервисного сбора

69.75 сервисный сбор по текущей проценту чаевых: 15

3634.75 общая сумма за блюда c чаевым и сервисным сбором

3634.75 общая сумма в графе 'Итого к оплате' c учетом чаевых и сервисного сбора

total tips sum in middle = clean tips
tips sum in check = clean tips
total sum dishes = totalPaySum + clean tips + service charge
77.5 before format
77.5 after format
3100.0 общая сумма за блюда без чаевых и без сервисного сбора
620.0 чаевые посчитанные по общей сумме за блюда (чистые)
3720.0 общая сумма за блюда c чаевым, но без сервисного сбора

77.5 сервисный сбор по текущей проценту чаевых: 20

3797.5 общая сумма за блюда c чаевым и сервисным сбором

3797.5 общая сумма в графе 'Итого к оплате' c учетом чаевых и сервисного сбора

total tips sum in middle = clean tips
tips sum in check = clean tips
total sum dishes = totalPaySum + clean tips + service charge
85.25 before format
85.25 after format
3100.0 общая сумма за блюда без чаевых и без сервисного сбора
775.0 чаевые посчитанные по общей сумме за блюда (чистые)
3875.0 общая сумма за блюда c чаевым, но без сервисного сбора

85.25 сервисный сбор по текущей проценту чаевых: 25

3960.25 общая сумма за блюда c чаевым и сервисным сбором

3960.25 общая сумма в графе 'Итого к оплате' c учетом чаевых и сервисного сбора

total tips sum in middle = clean tips
tips sum in check = clean tips
total sum dishes = totalPaySum + clean tips + service charge

Текущий активный процент скидки 0
Сумма в 'Итого к оплате' 3100.0
Чаевые в поле 'Чаевые' 0.0
Чаевые по центру блока 0
Сумма в иконке кошелька 3100.0


Текущий активный процент скидки 10
Сумма в 'Итого к оплате' 3410.0
Чаевые в поле 'Чаевые' 310.0
Чаевые по центру блока 310
Сумма в иконке кошелька 3410.0

Чистые чаевые 310.0
total tips sum in middle = clean tips
tips sum in check = clean tips
total sum dishes = totalPaySum + clean tips

Текущий активный процент скидки 15
Сумма в 'Итого к оплате' 3565.0
Чаевые в поле 'Чаевые' 465.0
Чаевые по центру блока 465
Сумма в иконке кошелька 3565.0

Чистые чаевые 465.0
total tips sum in middle = clean tips
tips sum in check = clean tips
total sum dishes = totalPaySum + clean tips

Текущий активный процент скидки 20
Сумма в 'Итого к оплате' 3720.0
Чаевые в поле 'Чаевые' 620.0
Чаевые по центру блока 620
Сумма в иконке кошелька 3720.0

Чистые чаевые 620.0
total tips sum in middle = clean tips
tips sum in check = clean tips
total sum dishes = totalPaySum + clean tips

Текущий активный процент скидки 25
Сумма в 'Итого к оплате' 3875.0
Чаевые в поле 'Чаевые' 775.0
Чаевые по центру блока 775
Сумма в иконке кошелька 3875.0

Чистые чаевые 775.0
total tips sum in middle = clean tips
tips sum in check = clean tips
total sum dishes = totalPaySum + clean tips
]]></system-out>
  </testcase>
  <testcase name="payAndGoToAcquiring" classname="tapper.tests.e2e.BasicFullPaymentTest" time="10.669"/>
</testsuite>